**********************
Windows PowerShell transcript start
Start time: 20260511111643
Username: DESKTOP-HS8GE90\justin
RunAs User: DESKTOP-HS8GE90\justin
Configuration Name: 
Machine: DESKTOP-HS8GE90 (Microsoft Windows NT 10.0.19045.0)
Host Application: powershell.exe -NoProfile -ExecutionPolicy Bypass -File C:\Users\justin\Documents\Coding\stemqueue\run_stemqueue.ps1
Process ID: 18572
PSVersion: 5.1.19041.6456
PSEdition: Desktop
PSCompatibleVersions: 1.0, 2.0, 3.0, 4.0, 5.0, 5.1.19041.6456
BuildVersion: 10.0.19041.6456
CLRVersion: 4.0.30319.42000
WSManStackVersion: 3.0
PSRemotingProtocolVersion: 2.3
SerializationVersion: 1.1.0.1
**********************
Transcript started, output file is C:\Users\justin\Documents\Coding\stemqueue\run_log_20260511_111643.log
Current working directory: C:\WINDOWS\system32
Current working directory (after Set-Location): C:\Users\justin\Documents\Coding\stemqueue
Activating virtual environment...
Virtual environment activated.
Upgrading pip within the virtual environment...
Requirement already satisfied: pip in .\venv\lib\site-packages (26.1.1)
pip upgraded successfully.
Attempting to install/upgrade audio-separator to the latest available version...
Requirement already satisfied: audio-separator in .\venv\lib\site-packages (0.44.1)
Requirement already satisfied: beartype<0.19.0,>=0.18.5 in .\venv\lib\site-packages (from audio-separator) (0.18.5)
Requirement already satisfied: diffq-fixed>=0.2 in .\venv\lib\site-packages (from audio-separator) (0.2.4)
Requirement already satisfied: einops>=0.7 in .\venv\lib\site-packages (from audio-separator) (0.8.2)
Requirement already satisfied: julius>=0.2 in .\venv\lib\site-packages (from audio-separator) (0.2.7)
Requirement already satisfied: librosa>=0.10 in .\venv\lib\site-packages (from audio-separator) (0.11.0)
Requirement already satisfied: ml_collections in .\venv\lib\site-packages (from audio-separator) (1.1.0)
Requirement already satisfied: numpy>=2 in .\venv\lib\site-packages (from audio-separator) (2.2.6)
Requirement already satisfied: onnx-weekly in .\venv\lib\site-packages (from audio-separator) (1.22.0.dev20260504)
Requirement already satisfied: onnx2torch-py313>=1.6 in .\venv\lib\site-packages (from audio-separator) (1.6.0)
Requirement already satisfied: pydub>=0.25 in .\venv\lib\site-packages (from audio-separator) (0.25.1)
Requirement already satisfied: pyyaml in .\venv\lib\site-packages (from audio-separator) (6.0.3)
Requirement already satisfied: requests>=2 in .\venv\lib\site-packages (from audio-separator) (2.33.1)
Requirement already satisfied: resampy>=0.4 in .\venv\lib\site-packages (from audio-separator) (0.4.3)
Requirement already satisfied: rotary-embedding-torch<0.7.0,>=0.6.1 in .\venv\lib\site-packages (from audio-separator) (
0.6.5)
Requirement already satisfied: samplerate==0.1.0 in .\venv\lib\site-packages (from audio-separator) (0.1.0)
Requirement already satisfied: scipy<2.0.0,>=1.13.0 in .\venv\lib\site-packages (from audio-separator) (1.15.3)
Requirement already satisfied: six>=1.16 in .\venv\lib\site-packages (from audio-separator) (1.17.0)
Requirement already satisfied: soundfile>=0.12 in .\venv\lib\site-packages (from audio-separator) (0.13.1)
Requirement already satisfied: torch>=2.3 in .\venv\lib\site-packages (from audio-separator) (2.11.0)
Requirement already satisfied: tqdm in .\venv\lib\site-packages (from audio-separator) (4.67.3)
Requirement already satisfied: cffi>=1.0.0 in .\venv\lib\site-packages (from samplerate==0.1.0->audio-separator) (2.0.0)

Requirement already satisfied: pycparser in .\venv\lib\site-packages (from cffi>=1.0.0->samplerate==0.1.0->audio-separat
or) (3.0)
Requirement already satisfied: Cython in .\venv\lib\site-packages (from diffq-fixed>=0.2->audio-separator) (3.2.4)
Requirement already satisfied: audioread>=2.1.9 in .\venv\lib\site-packages (from librosa>=0.10->audio-separator) (3.1.0
)
Requirement already satisfied: numba>=0.51.0 in .\venv\lib\site-packages (from librosa>=0.10->audio-separator) (0.65.1)
Requirement already satisfied: scikit-learn>=1.1.0 in .\venv\lib\site-packages (from librosa>=0.10->audio-separator) (1.
7.2)
Requirement already satisfied: joblib>=1.0 in .\venv\lib\site-packages (from librosa>=0.10->audio-separator) (1.5.3)
Requirement already satisfied: decorator>=4.3.0 in .\venv\lib\site-packages (from librosa>=0.10->audio-separator) (5.2.1
)
Requirement already satisfied: pooch>=1.1 in .\venv\lib\site-packages (from librosa>=0.10->audio-separator) (1.9.0)
Requirement already satisfied: soxr>=0.3.2 in .\venv\lib\site-packages (from librosa>=0.10->audio-separator) (1.1.0)
Requirement already satisfied: typing_extensions>=4.1.1 in .\venv\lib\site-packages (from librosa>=0.10->audio-separator
) (4.15.0)
Requirement already satisfied: lazy_loader>=0.1 in .\venv\lib\site-packages (from librosa>=0.10->audio-separator) (0.5)
Requirement already satisfied: msgpack>=1.0 in .\venv\lib\site-packages (from librosa>=0.10->audio-separator) (1.1.2)
Requirement already satisfied: packaging in .\venv\lib\site-packages (from lazy_loader>=0.1->librosa>=0.10->audio-separa
tor) (26.2)
Requirement already satisfied: llvmlite<0.48,>=0.47.0dev0 in .\venv\lib\site-packages (from numba>=0.51.0->librosa>=0.10
->audio-separator) (0.47.0)
Requirement already satisfied: torchvision>=0.9.0 in .\venv\lib\site-packages (from onnx2torch-py313>=1.6->audio-separat
or) (0.26.0)
Requirement already satisfied: platformdirs>=2.5.0 in .\venv\lib\site-packages (from pooch>=1.1->librosa>=0.10->audio-se
parator) (4.9.6)
Requirement already satisfied: charset_normalizer<4,>=2 in .\venv\lib\site-packages (from requests>=2->audio-separator)
(3.4.7)
Requirement already satisfied: idna<4,>=2.5 in .\venv\lib\site-packages (from requests>=2->audio-separator) (3.13)
Requirement already satisfied: urllib3<3,>=1.26 in .\venv\lib\site-packages (from requests>=2->audio-separator) (2.7.0)
Requirement already satisfied: certifi>=2023.5.7 in .\venv\lib\site-packages (from requests>=2->audio-separator) (2026.4
.22)
Requirement already satisfied: threadpoolctl>=3.1.0 in .\venv\lib\site-packages (from scikit-learn>=1.1.0->librosa>=0.10
->audio-separator) (3.6.0)
Requirement already satisfied: filelock in .\venv\lib\site-packages (from torch>=2.3->audio-separator) (3.29.0)
Requirement already satisfied: setuptools<82 in .\venv\lib\site-packages (from torch>=2.3->audio-separator) (65.5.0)
Requirement already satisfied: sympy>=1.13.3 in .\venv\lib\site-packages (from torch>=2.3->audio-separator) (1.14.0)
Requirement already satisfied: networkx>=2.5.1 in .\venv\lib\site-packages (from torch>=2.3->audio-separator) (3.4.2)
Requirement already satisfied: jinja2 in .\venv\lib\site-packages (from torch>=2.3->audio-separator) (3.1.6)
Requirement already satisfied: fsspec>=0.8.5 in .\venv\lib\site-packages (from torch>=2.3->audio-separator) (2026.4.0)
Requirement already satisfied: mpmath<1.4,>=1.1.0 in .\venv\lib\site-packages (from sympy>=1.13.3->torch>=2.3->audio-sep
arator) (1.3.0)
Requirement already satisfied: pillow!=8.3.*,>=5.3.0 in .\venv\lib\site-packages (from torchvision>=0.9.0->onnx2torch-py
313>=1.6->audio-separator) (12.2.0)
Requirement already satisfied: MarkupSafe>=2.0 in .\venv\lib\site-packages (from jinja2->torch>=2.3->audio-separator) (3
.0.3)
Requirement already satisfied: absl-py in .\venv\lib\site-packages (from ml_collections->audio-separator) (2.4.0)
Requirement already satisfied: protobuf>=4.25.1 in .\venv\lib\site-packages (from onnx-weekly->audio-separator) (7.34.1)

Requirement already satisfied: ml_dtypes>=0.5.0 in .\venv\lib\site-packages (from onnx-weekly->audio-separator) (0.5.4)
Requirement already satisfied: colorama in .\venv\lib\site-packages (from tqdm->audio-separator) (0.4.6)
audio-separator installed/upgraded successfully.
Verifying installed audio-separator version...
Installed audio-separator version:
Listing all installed packages (pip freeze):
absl-py==2.4.0
audio-separator==0.44.1
audioread==3.1.0
beartype==0.18.5
certifi==2026.4.22
cffi==2.0.0
charset-normalizer==3.4.7
colorama==0.4.6
coloredlogs==15.0.1
Cython==3.2.4
decorator==5.2.1
diffq-fixed==0.2.4
einops==0.8.2
filelock==3.29.0
flatbuffers==25.12.19
fsspec==2026.4.0
humanfriendly==10.0
idna==3.13
Jinja2==3.1.6
joblib==1.5.3
julius==0.2.7
lazy-loader==0.5
librosa==0.11.0
llvmlite==0.47.0
MarkupSafe==3.0.3
ml_collections==1.1.0
ml_dtypes==0.5.4
mpmath==1.3.0
msgpack==1.1.2
networkx==3.4.2
numba==0.65.1
numpy==2.2.6
onnx-weekly==1.22.0.dev20260504
onnx2torch-py313==1.6.0
onnxruntime==1.23.2
packaging==26.2
pillow==12.2.0
platformdirs==4.9.6
pooch==1.9.0
protobuf==7.34.1
pycparser==3.0
pydub==0.25.1
pyreadline3==3.5.4
PyYAML==6.0.3
requests==2.33.1
resampy==0.4.3
rotary-embedding-torch==0.6.5
samplerate==0.1.0
scikit-learn==1.7.2
scipy==1.15.3
six==1.17.0
soundfile==0.13.1
soxr==1.1.0
sympy==1.14.0
threadpoolctl==3.6.0
torch==2.11.0
torchvision==0.26.0
tqdm==4.67.3
typing_extensions==4.15.0
urllib3==2.7.0
Checking for onnxruntime installation...

onnxruntime is already installed.
WARNING: FFmpeg bin path not found at 'C:\ffmpeg\ffmpeg-master-latest-win64-gpl\bin'. Please verify your FFmpeg installation and update the script if necessary.
Starting audio separation process...
Python executable: C:\Users\justin\Documents\Coding\stemqueue\venv\Scripts\python.exe
Main script: main.py
Queue file: task_queue.json
Successfully loaded queue from task_queue.json
Starting audio separation queue with 1 tasks...

--- Task 1/1 ---
Processing 'E:\shorter_term_storage\Music\IncomingMusic\07 - The Black Keys - The Big Come Up - 07 - Leavin' Trunk.mp3'
with model 'htdemucs_ft'...
INFO:audio_separator.separator.separator:Separator version 0.44.1 instantiating with output_dir: C:\Users\justin\Dropbox
\stems\leavintrunk, output_format: MP3
INFO:audio_separator.separator.separator:Using model directory from model_file_dir parameter: /tmp/audio-separator-model
s/
INFO:audio_separator.separator.separator:Operating System: Windows 10.0.19045
INFO:audio_separator.separator.separator:System: Windows Node: DESKTOP-HS8GE90 Release: 10 Machine: AMD64 Proc: Intel64
Family 6 Model 60 Stepping 3, GenuineIntel
INFO:audio_separator.separator.separator:Python Version: 3.10.11
INFO:audio_separator.separator.separator:PyTorch Version: 2.11.0+cpu
INFO:audio_separator.separator.separator:FFmpeg installed: ffmpeg version 2026-05-06-git-f2e5eff3ff-essentials_build-www
.gyan.dev Copyright (c) 2000-2026 the FFmpeg developers
DEBUG:audio_separator.separator.separator:Python package: onnxruntime-gpu not installed
DEBUG:audio_separator.separator.separator:Python package: onnxruntime-silicon not installed
DEBUG:audio_separator.separator.separator:Python package: onnxruntime-directml not installed
INFO:audio_separator.separator.separator:ONNX Runtime CPU package installed with version: 1.23.2
DEBUG:audio_separator.separator.separator:Python package: torch_directml not installed
INFO:audio_separator.separator.separator:No hardware acceleration could be configured, running in CPU mode
DEBUG:audio_separator.separator.separator:File already exists at /tmp/audio-separator-models/download_checks.json, skipp
ing download
DEBUG:audio_separator.separator.separator:UVR model download list loaded
DEBUG:audio_separator.separator.separator:Model scores loaded
DEBUG:audio_separator.separator.separator:Audio-Separator model list loaded
Found actual model filename 'htdemucs_ft.yaml' for friendly name 'htdemucs_ft' (Type: Demucs)
INFO:audio_separator.separator.separator:Loading model htdemucs_ft.yaml...
DEBUG:audio_separator.separator.separator:File already exists at /tmp/audio-separator-models/download_checks.json, skipp
ing download
DEBUG:audio_separator.separator.separator:UVR model download list loaded
DEBUG:audio_separator.separator.separator:Model scores loaded
DEBUG:audio_separator.separator.separator:Audio-Separator model list loaded
DEBUG:audio_separator.separator.separator:Searching for model_filename htdemucs_ft.yaml in supported_model_files_grouped
DEBUG:audio_separator.separator.separator:Found matching model: Demucs v4: htdemucs_ft
DEBUG:audio_separator.separator.separator:File already exists at /tmp/audio-separator-models/f7e0c4bc-ba3fe64a.th, skipp
ing download
DEBUG:audio_separator.separator.separator:File already exists at /tmp/audio-separator-models/d12395a8-e57c48e6.th, skipp
ing download
DEBUG:audio_separator.separator.separator:File already exists at /tmp/audio-separator-models/92cfc3b6-ef3bcb9c.th, skipp
ing download
DEBUG:audio_separator.separator.separator:File already exists at /tmp/audio-separator-models/04573f0d-f3cf25b2.th, skipp
ing download
DEBUG:audio_separator.separator.separator:File already exists at /tmp/audio-separator-models/htdemucs_ft.yaml, skipping
download
DEBUG:audio_separator.separator.separator:Model downloaded, friendly name: Demucs v4: htdemucs_ft, model_path: /tmp/audi
o-separator-models/htdemucs_ft.yaml
DEBUG:audio_separator.separator.separator:Loading model data from YAML at path /tmp/audio-separator-models/htdemucs_ft.y
aml
DEBUG:audio_separator.separator.separator:Model data loaded from YAML file: {'models': ['f7e0c4bc', 'd12395a8', '92cfc3b
6', '04573f0d'], 'weights': [[1.0, 0.0, 0.0, 0.0], [0.0, 1.0, 0.0, 0.0], [0.0, 0.0, 1.0, 0.0], [0.0, 0.0, 0.0, 1.0]]}
DEBUG:audio_separator.separator.separator:Importing module for model type Demucs: demucs_separator.DemucsSeparator
DEBUG:audio_separator.separator.separator:Instantiating separator class for model type Demucs: <class 'audio_separator.s
eparator.architectures.demucs_separator.DemucsSeparator'>
DEBUG:audio_separator.separator.separator:Common params: model_name=htdemucs_ft, model_path=/tmp/audio-separator-models/
htdemucs_ft.yaml
DEBUG:audio_separator.separator.separator:Common params: output_dir=C:\Users\justin\Dropbox\stems\leavintrunk, output_fo
rmat=MP3
DEBUG:audio_separator.separator.separator:Common params: normalization_threshold=0.9, amplification_threshold=0.0
DEBUG:audio_separator.separator.separator:Common params: enable_denoise=None, output_single_stem=None
DEBUG:audio_separator.separator.separator:Common params: invert_using_spec=False, sample_rate=44100
DEBUG:audio_separator.separator.separator:Common params: primary_stem_name=Vocals, secondary_stem_name=Instrumental
DEBUG:audio_separator.separator.separator:Common params: is_karaoke=False, is_bv_model=False, bv_model_rebalance=0
DEBUG:audio_separator.separator.separator:Demucs arch params: segment_size=Default, segments_enabled=True
DEBUG:audio_separator.separator.separator:Demucs arch params: shifts=2, overlap=0.25
INFO:audio_separator.separator.separator:Demucs Separator initialisation complete
DEBUG:audio_separator.separator.separator:Loading model completed.
INFO:audio_separator.separator.separator:Load model duration: 00:00:00
INFO:audio_separator.separator.separator:Processing file: E:\shorter_term_storage\Music\IncomingMusic\07 - The Black Key
s - The Big Come Up - 07 - Leavin' Trunk.mp3
INFO:audio_separator.separator.separator:Starting separation process for audio_file_path: E:\shorter_term_storage\Music\
IncomingMusic\07 - The Black Keys - The Big Come Up - 07 - Leavin' Trunk.mp3
DEBUG:audio_separator.separator.separator:Normalization threshold set to 0.9, waveform will be lowered to this max ampli
tude to avoid clipping.
DEBUG:audio_separator.separator.separator:Amplification threshold set to 0.0, waveform will be scaled up to this max amp
litude if below it.
DEBUG:audio_separator.separator.separator:Autocast unavailable.
DEBUG:audio_separator.separator.separator:Starting separation process...
DEBUG:audio_separator.separator.separator:Preparing mix...
DEBUG:audio_separator.separator.separator:Loading audio from file: E:\shorter_term_storage\Music\IncomingMusic\07 - The
Black Keys - The Big Come Up - 07 - Leavin' Trunk.mp3
INFO:audio_separator.separator.separator:Input audio subtype: MPEG_LAYER_III
WARNING:audio_separator.separator.separator:Unknown audio subtype MPEG_LAYER_III, defaulting to 16-bit output
INFO:audio_separator.separator.separator:Detected input bit depth: 16-bit
DEBUG:numba.core.byteflow:bytecode dump:
>          0    NOP(arg=None, lineno=1137)
           2    LOAD_FAST(arg=0, lineno=1140)
           4    LOAD_CONST(arg=1, lineno=1140)
           6    BINARY_SUBSCR(arg=None, lineno=1140)
           8    STORE_FAST(arg=3, lineno=1140)
          10    LOAD_FAST(arg=1, lineno=1141)
          12    UNARY_NEGATIVE(arg=None, lineno=1141)
          14    LOAD_FAST(arg=3, lineno=1141)
          16    DUP_TOP(arg=None, lineno=1141)
          18    ROT_THREE(arg=None, lineno=1141)
          20    COMPARE_OP(arg=1, lineno=1141)
          22    POP_JUMP_IF_FALSE(arg=17, lineno=1141)
          24    LOAD_FAST(arg=1, lineno=1141)
          26    COMPARE_OP(arg=1, lineno=1141)
          28    POP_JUMP_IF_FALSE(arg=21, lineno=1141)
          30    JUMP_FORWARD(arg=2, lineno=1141)
>         32    POP_TOP(arg=None, lineno=1141)
          34    JUMP_FORWARD(arg=2, lineno=1141)
>         36    LOAD_CONST(arg=1, lineno=1142)
          38    STORE_FAST(arg=3, lineno=1142)
>         40    LOAD_FAST(arg=0, lineno=1144)
          42    LOAD_CONST(arg=2, lineno=1144)
          44    BINARY_SUBSCR(arg=None, lineno=1144)
          46    STORE_FAST(arg=4, lineno=1144)
          48    LOAD_FAST(arg=1, lineno=1145)
          50    UNARY_NEGATIVE(arg=None, lineno=1145)
          52    LOAD_FAST(arg=4, lineno=1145)
          54    DUP_TOP(arg=None, lineno=1145)
          56    ROT_THREE(arg=None, lineno=1145)
          58    COMPARE_OP(arg=1, lineno=1145)
          60    POP_JUMP_IF_FALSE(arg=36, lineno=1145)
          62    LOAD_FAST(arg=1, lineno=1145)
          64    COMPARE_OP(arg=1, lineno=1145)
          66    POP_JUMP_IF_FALSE(arg=40, lineno=1145)
          68    JUMP_FORWARD(arg=2, lineno=1145)
>         70    POP_TOP(arg=None, lineno=1145)
          72    JUMP_FORWARD(arg=2, lineno=1145)
>         74    LOAD_CONST(arg=1, lineno=1146)
          76    STORE_FAST(arg=4, lineno=1146)
>         78    LOAD_FAST(arg=2, lineno=1148)
          80    POP_JUMP_IF_FALSE(arg=52, lineno=1148)
          82    LOAD_GLOBAL(arg=0, lineno=1149)
          84    LOAD_METHOD(arg=1, lineno=1149)
          86    LOAD_FAST(arg=3, lineno=1149)
          88    CALL_METHOD(arg=1, lineno=1149)
          90    LOAD_GLOBAL(arg=0, lineno=1149)
          92    LOAD_METHOD(arg=1, lineno=1149)
          94    LOAD_FAST(arg=4, lineno=1149)
          96    CALL_METHOD(arg=1, lineno=1149)
          98    COMPARE_OP(arg=3, lineno=1149)
         100    RETURN_VALUE(arg=None, lineno=1149)
>        102    LOAD_GLOBAL(arg=0, lineno=1151)
         104    LOAD_METHOD(arg=2, lineno=1151)
         106    LOAD_FAST(arg=3, lineno=1151)
         108    CALL_METHOD(arg=1, lineno=1151)
         110    LOAD_GLOBAL(arg=0, lineno=1151)
         112    LOAD_METHOD(arg=2, lineno=1151)
         114    LOAD_FAST(arg=4, lineno=1151)
         116    CALL_METHOD(arg=1, lineno=1151)
         118    COMPARE_OP(arg=3, lineno=1151)
         120    RETURN_VALUE(arg=None, lineno=1151)
DEBUG:numba.core.byteflow:pending: deque([State(pc_initial=0 nstack_initial=0)])
DEBUG:numba.core.byteflow:stack: []
DEBUG:numba.core.byteflow:state.pc_initial: State(pc_initial=0 nstack_initial=0)
DEBUG:numba.core.byteflow:dispatch pc=0, inst=NOP(arg=None, lineno=1137)
DEBUG:numba.core.byteflow:stack []
DEBUG:numba.core.byteflow:dispatch pc=2, inst=LOAD_FAST(arg=0, lineno=1140)
DEBUG:numba.core.byteflow:stack []
DEBUG:numba.core.byteflow:dispatch pc=4, inst=LOAD_CONST(arg=1, lineno=1140)
DEBUG:numba.core.byteflow:stack ['$x2.0']
DEBUG:numba.core.byteflow:dispatch pc=6, inst=BINARY_SUBSCR(arg=None, lineno=1140)
DEBUG:numba.core.byteflow:stack ['$x2.0', '$const4.1.1']
DEBUG:numba.core.byteflow:dispatch pc=8, inst=STORE_FAST(arg=3, lineno=1140)
DEBUG:numba.core.byteflow:stack ['$6binary_subscr.2']
DEBUG:numba.core.byteflow:dispatch pc=10, inst=LOAD_FAST(arg=1, lineno=1141)
DEBUG:numba.core.byteflow:stack []
DEBUG:numba.core.byteflow:dispatch pc=12, inst=UNARY_NEGATIVE(arg=None, lineno=1141)
DEBUG:numba.core.byteflow:stack ['$threshold10.3']
DEBUG:numba.core.byteflow:dispatch pc=14, inst=LOAD_FAST(arg=3, lineno=1141)
DEBUG:numba.core.byteflow:stack ['$12unary_negative.4']
DEBUG:numba.core.byteflow:dispatch pc=16, inst=DUP_TOP(arg=None, lineno=1141)
DEBUG:numba.core.byteflow:stack ['$12unary_negative.4', '$x014.5']
DEBUG:numba.core.byteflow:dispatch pc=18, inst=ROT_THREE(arg=None, lineno=1141)
DEBUG:numba.core.byteflow:stack ['$12unary_negative.4', '$x014.5', '$16dup_top.6']
DEBUG:numba.core.byteflow:dispatch pc=20, inst=COMPARE_OP(arg=1, lineno=1141)
DEBUG:numba.core.byteflow:stack ['$16dup_top.6', '$12unary_negative.4', '$x014.5']
DEBUG:numba.core.byteflow:dispatch pc=22, inst=POP_JUMP_IF_FALSE(arg=17, lineno=1141)
DEBUG:numba.core.byteflow:stack ['$16dup_top.6', '$20compare_op.7']
DEBUG:numba.core.byteflow:end state. edges=[Edge(pc=24, stack=('$16dup_top.6',), blockstack=(), npush=0), Edge(pc=32, st
ack=('$16dup_top.6',), blockstack=(), npush=0)]
DEBUG:numba.core.byteflow:pending: deque([State(pc_initial=24 nstack_initial=1), State(pc_initial=32 nstack_initial=1)])
DEBUG:numba.core.byteflow:stack: ['$phi24.0']
DEBUG:numba.core.byteflow:state.pc_initial: State(pc_initial=24 nstack_initial=1)
DEBUG:numba.core.byteflow:dispatch pc=24, inst=LOAD_FAST(arg=1, lineno=1141)
DEBUG:numba.core.byteflow:stack ['$phi24.0']
DEBUG:numba.core.byteflow:dispatch pc=26, inst=COMPARE_OP(arg=1, lineno=1141)
DEBUG:numba.core.byteflow:stack ['$phi24.0', '$threshold24.1']
DEBUG:numba.core.byteflow:dispatch pc=28, inst=POP_JUMP_IF_FALSE(arg=21, lineno=1141)
DEBUG:numba.core.byteflow:stack ['$26compare_op.2']
DEBUG:numba.core.byteflow:end state. edges=[Edge(pc=30, stack=(), blockstack=(), npush=0), Edge(pc=40, stack=(), blockst
ack=(), npush=0)]
DEBUG:numba.core.byteflow:pending: deque([State(pc_initial=32 nstack_initial=1), State(pc_initial=30 nstack_initial=0),
State(pc_initial=40 nstack_initial=0)])
DEBUG:numba.core.byteflow:stack: ['$phi32.0']
DEBUG:numba.core.byteflow:state.pc_initial: State(pc_initial=32 nstack_initial=1)
DEBUG:numba.core.byteflow:dispatch pc=32, inst=POP_TOP(arg=None, lineno=1141)
DEBUG:numba.core.byteflow:stack ['$phi32.0']
DEBUG:numba.core.byteflow:dispatch pc=34, inst=JUMP_FORWARD(arg=2, lineno=1141)
DEBUG:numba.core.byteflow:stack []
DEBUG:numba.core.byteflow:end state. edges=[Edge(pc=40, stack=(), blockstack=(), npush=0)]
DEBUG:numba.core.byteflow:pending: deque([State(pc_initial=30 nstack_initial=0), State(pc_initial=40 nstack_initial=0),
State(pc_initial=40 nstack_initial=0)])
DEBUG:numba.core.byteflow:stack: []
DEBUG:numba.core.byteflow:state.pc_initial: State(pc_initial=30 nstack_initial=0)
DEBUG:numba.core.byteflow:dispatch pc=30, inst=JUMP_FORWARD(arg=2, lineno=1141)
DEBUG:numba.core.byteflow:stack []
DEBUG:numba.core.byteflow:end state. edges=[Edge(pc=36, stack=(), blockstack=(), npush=0)]
DEBUG:numba.core.byteflow:pending: deque([State(pc_initial=40 nstack_initial=0), State(pc_initial=40 nstack_initial=0),
State(pc_initial=36 nstack_initial=0)])
DEBUG:numba.core.byteflow:stack: []
DEBUG:numba.core.byteflow:state.pc_initial: State(pc_initial=40 nstack_initial=0)
DEBUG:numba.core.byteflow:dispatch pc=40, inst=LOAD_FAST(arg=0, lineno=1144)
DEBUG:numba.core.byteflow:stack []
DEBUG:numba.core.byteflow:dispatch pc=42, inst=LOAD_CONST(arg=2, lineno=1144)
DEBUG:numba.core.byteflow:stack ['$x40.0']
DEBUG:numba.core.byteflow:dispatch pc=44, inst=BINARY_SUBSCR(arg=None, lineno=1144)
DEBUG:numba.core.byteflow:stack ['$x40.0', '$const42.1.2']
DEBUG:numba.core.byteflow:dispatch pc=46, inst=STORE_FAST(arg=4, lineno=1144)
DEBUG:numba.core.byteflow:stack ['$44binary_subscr.2']
DEBUG:numba.core.byteflow:dispatch pc=48, inst=LOAD_FAST(arg=1, lineno=1145)
DEBUG:numba.core.byteflow:stack []
DEBUG:numba.core.byteflow:dispatch pc=50, inst=UNARY_NEGATIVE(arg=None, lineno=1145)
DEBUG:numba.core.byteflow:stack ['$threshold48.3']
DEBUG:numba.core.byteflow:dispatch pc=52, inst=LOAD_FAST(arg=4, lineno=1145)
DEBUG:numba.core.byteflow:stack ['$50unary_negative.4']
DEBUG:numba.core.byteflow:dispatch pc=54, inst=DUP_TOP(arg=None, lineno=1145)
DEBUG:numba.core.byteflow:stack ['$50unary_negative.4', '$x152.5']
DEBUG:numba.core.byteflow:dispatch pc=56, inst=ROT_THREE(arg=None, lineno=1145)
DEBUG:numba.core.byteflow:stack ['$50unary_negative.4', '$x152.5', '$54dup_top.6']
DEBUG:numba.core.byteflow:dispatch pc=58, inst=COMPARE_OP(arg=1, lineno=1145)
DEBUG:numba.core.byteflow:stack ['$54dup_top.6', '$50unary_negative.4', '$x152.5']
DEBUG:numba.core.byteflow:dispatch pc=60, inst=POP_JUMP_IF_FALSE(arg=36, lineno=1145)
DEBUG:numba.core.byteflow:stack ['$54dup_top.6', '$58compare_op.7']
DEBUG:numba.core.byteflow:end state. edges=[Edge(pc=62, stack=('$54dup_top.6',), blockstack=(), npush=0), Edge(pc=70, st
ack=('$54dup_top.6',), blockstack=(), npush=0)]
DEBUG:numba.core.byteflow:pending: deque([State(pc_initial=40 nstack_initial=0), State(pc_initial=36 nstack_initial=0),
State(pc_initial=62 nstack_initial=1), State(pc_initial=70 nstack_initial=1)])
DEBUG:numba.core.byteflow:pending: deque([State(pc_initial=36 nstack_initial=0), State(pc_initial=62 nstack_initial=1),
State(pc_initial=70 nstack_initial=1)])
DEBUG:numba.core.byteflow:stack: []
DEBUG:numba.core.byteflow:state.pc_initial: State(pc_initial=36 nstack_initial=0)
DEBUG:numba.core.byteflow:dispatch pc=36, inst=LOAD_CONST(arg=1, lineno=1142)
DEBUG:numba.core.byteflow:stack []
DEBUG:numba.core.byteflow:dispatch pc=38, inst=STORE_FAST(arg=3, lineno=1142)
DEBUG:numba.core.byteflow:stack ['$const36.0.1']
DEBUG:numba.core.byteflow:end state. edges=[Edge(pc=40, stack=(), blockstack=(), npush=0)]
DEBUG:numba.core.byteflow:pending: deque([State(pc_initial=62 nstack_initial=1), State(pc_initial=70 nstack_initial=1),
State(pc_initial=40 nstack_initial=0)])
DEBUG:numba.core.byteflow:stack: ['$phi62.0']
DEBUG:numba.core.byteflow:state.pc_initial: State(pc_initial=62 nstack_initial=1)
DEBUG:numba.core.byteflow:dispatch pc=62, inst=LOAD_FAST(arg=1, lineno=1145)
DEBUG:numba.core.byteflow:stack ['$phi62.0']
DEBUG:numba.core.byteflow:dispatch pc=64, inst=COMPARE_OP(arg=1, lineno=1145)
DEBUG:numba.core.byteflow:stack ['$phi62.0', '$threshold62.1']
DEBUG:numba.core.byteflow:dispatch pc=66, inst=POP_JUMP_IF_FALSE(arg=40, lineno=1145)
DEBUG:numba.core.byteflow:stack ['$64compare_op.2']
DEBUG:numba.core.byteflow:end state. edges=[Edge(pc=68, stack=(), blockstack=(), npush=0), Edge(pc=78, stack=(), blockst
ack=(), npush=0)]
DEBUG:numba.core.byteflow:pending: deque([State(pc_initial=70 nstack_initial=1), State(pc_initial=40 nstack_initial=0),
State(pc_initial=68 nstack_initial=0), State(pc_initial=78 nstack_initial=0)])
DEBUG:numba.core.byteflow:stack: ['$phi70.0']
DEBUG:numba.core.byteflow:state.pc_initial: State(pc_initial=70 nstack_initial=1)
DEBUG:numba.core.byteflow:dispatch pc=70, inst=POP_TOP(arg=None, lineno=1145)
DEBUG:numba.core.byteflow:stack ['$phi70.0']
DEBUG:numba.core.byteflow:dispatch pc=72, inst=JUMP_FORWARD(arg=2, lineno=1145)
DEBUG:numba.core.byteflow:stack []
DEBUG:numba.core.byteflow:end state. edges=[Edge(pc=78, stack=(), blockstack=(), npush=0)]
DEBUG:numba.core.byteflow:pending: deque([State(pc_initial=40 nstack_initial=0), State(pc_initial=68 nstack_initial=0),
State(pc_initial=78 nstack_initial=0), State(pc_initial=78 nstack_initial=0)])
DEBUG:numba.core.byteflow:pending: deque([State(pc_initial=68 nstack_initial=0), State(pc_initial=78 nstack_initial=0),
State(pc_initial=78 nstack_initial=0)])
DEBUG:numba.core.byteflow:stack: []
DEBUG:numba.core.byteflow:state.pc_initial: State(pc_initial=68 nstack_initial=0)
DEBUG:numba.core.byteflow:dispatch pc=68, inst=JUMP_FORWARD(arg=2, lineno=1145)
DEBUG:numba.core.byteflow:stack []
DEBUG:numba.core.byteflow:end state. edges=[Edge(pc=74, stack=(), blockstack=(), npush=0)]
DEBUG:numba.core.byteflow:pending: deque([State(pc_initial=78 nstack_initial=0), State(pc_initial=78 nstack_initial=0),
State(pc_initial=74 nstack_initial=0)])
DEBUG:numba.core.byteflow:stack: []
DEBUG:numba.core.byteflow:state.pc_initial: State(pc_initial=78 nstack_initial=0)
DEBUG:numba.core.byteflow:dispatch pc=78, inst=LOAD_FAST(arg=2, lineno=1148)
DEBUG:numba.core.byteflow:stack []
DEBUG:numba.core.byteflow:dispatch pc=80, inst=POP_JUMP_IF_FALSE(arg=52, lineno=1148)
DEBUG:numba.core.byteflow:stack ['$zero_pos78.0']
DEBUG:numba.core.byteflow:end state. edges=[Edge(pc=82, stack=(), blockstack=(), npush=0), Edge(pc=102, stack=(), blocks
tack=(), npush=0)]
DEBUG:numba.core.byteflow:pending: deque([State(pc_initial=78 nstack_initial=0), State(pc_initial=74 nstack_initial=0),
State(pc_initial=82 nstack_initial=0), State(pc_initial=102 nstack_initial=0)])
DEBUG:numba.core.byteflow:pending: deque([State(pc_initial=74 nstack_initial=0), State(pc_initial=82 nstack_initial=0),
State(pc_initial=102 nstack_initial=0)])
DEBUG:numba.core.byteflow:stack: []
DEBUG:numba.core.byteflow:state.pc_initial: State(pc_initial=74 nstack_initial=0)
DEBUG:numba.core.byteflow:dispatch pc=74, inst=LOAD_CONST(arg=1, lineno=1146)
DEBUG:numba.core.byteflow:stack []
DEBUG:numba.core.byteflow:dispatch pc=76, inst=STORE_FAST(arg=4, lineno=1146)
DEBUG:numba.core.byteflow:stack ['$const74.0.1']
DEBUG:numba.core.byteflow:end state. edges=[Edge(pc=78, stack=(), blockstack=(), npush=0)]
DEBUG:numba.core.byteflow:pending: deque([State(pc_initial=82 nstack_initial=0), State(pc_initial=102 nstack_initial=0),
 State(pc_initial=78 nstack_initial=0)])
DEBUG:numba.core.byteflow:stack: []
DEBUG:numba.core.byteflow:state.pc_initial: State(pc_initial=82 nstack_initial=0)
DEBUG:numba.core.byteflow:dispatch pc=82, inst=LOAD_GLOBAL(arg=0, lineno=1149)
DEBUG:numba.core.byteflow:stack []
DEBUG:numba.core.byteflow:dispatch pc=84, inst=LOAD_METHOD(arg=1, lineno=1149)
DEBUG:numba.core.byteflow:stack ['$82load_global.0']
DEBUG:numba.core.byteflow:dispatch pc=86, inst=LOAD_FAST(arg=3, lineno=1149)
DEBUG:numba.core.byteflow:stack ['$84load_method.1']
DEBUG:numba.core.byteflow:dispatch pc=88, inst=CALL_METHOD(arg=1, lineno=1149)
DEBUG:numba.core.byteflow:stack ['$84load_method.1', '$x086.2']
DEBUG:numba.core.byteflow:dispatch pc=90, inst=LOAD_GLOBAL(arg=0, lineno=1149)
DEBUG:numba.core.byteflow:stack ['$88call_method.3']
DEBUG:numba.core.byteflow:dispatch pc=92, inst=LOAD_METHOD(arg=1, lineno=1149)
DEBUG:numba.core.byteflow:stack ['$88call_method.3', '$90load_global.4']
DEBUG:numba.core.byteflow:dispatch pc=94, inst=LOAD_FAST(arg=4, lineno=1149)
DEBUG:numba.core.byteflow:stack ['$88call_method.3', '$92load_method.5']
DEBUG:numba.core.byteflow:dispatch pc=96, inst=CALL_METHOD(arg=1, lineno=1149)
DEBUG:numba.core.byteflow:stack ['$88call_method.3', '$92load_method.5', '$x194.6']
DEBUG:numba.core.byteflow:dispatch pc=98, inst=COMPARE_OP(arg=3, lineno=1149)
DEBUG:numba.core.byteflow:stack ['$88call_method.3', '$96call_method.7']
DEBUG:numba.core.byteflow:dispatch pc=100, inst=RETURN_VALUE(arg=None, lineno=1149)
DEBUG:numba.core.byteflow:stack ['$98compare_op.8']
DEBUG:numba.core.byteflow:end state. edges=[]
DEBUG:numba.core.byteflow:pending: deque([State(pc_initial=102 nstack_initial=0), State(pc_initial=78 nstack_initial=0)]
)
DEBUG:numba.core.byteflow:stack: []
DEBUG:numba.core.byteflow:state.pc_initial: State(pc_initial=102 nstack_initial=0)
DEBUG:numba.core.byteflow:dispatch pc=102, inst=LOAD_GLOBAL(arg=0, lineno=1151)
DEBUG:numba.core.byteflow:stack []
DEBUG:numba.core.byteflow:dispatch pc=104, inst=LOAD_METHOD(arg=2, lineno=1151)
DEBUG:numba.core.byteflow:stack ['$102load_global.0']
DEBUG:numba.core.byteflow:dispatch pc=106, inst=LOAD_FAST(arg=3, lineno=1151)
DEBUG:numba.core.byteflow:stack ['$104load_method.1']
DEBUG:numba.core.byteflow:dispatch pc=108, inst=CALL_METHOD(arg=1, lineno=1151)
DEBUG:numba.core.byteflow:stack ['$104load_method.1', '$x0106.2']
DEBUG:numba.core.byteflow:dispatch pc=110, inst=LOAD_GLOBAL(arg=0, lineno=1151)
DEBUG:numba.core.byteflow:stack ['$108call_method.3']
DEBUG:numba.core.byteflow:dispatch pc=112, inst=LOAD_METHOD(arg=2, lineno=1151)
DEBUG:numba.core.byteflow:stack ['$108call_method.3', '$110load_global.4']
DEBUG:numba.core.byteflow:dispatch pc=114, inst=LOAD_FAST(arg=4, lineno=1151)
DEBUG:numba.core.byteflow:stack ['$108call_method.3', '$112load_method.5']
DEBUG:numba.core.byteflow:dispatch pc=116, inst=CALL_METHOD(arg=1, lineno=1151)
DEBUG:numba.core.byteflow:stack ['$108call_method.3', '$112load_method.5', '$x1114.6']
DEBUG:numba.core.byteflow:dispatch pc=118, inst=COMPARE_OP(arg=3, lineno=1151)
DEBUG:numba.core.byteflow:stack ['$108call_method.3', '$116call_method.7']
DEBUG:numba.core.byteflow:dispatch pc=120, inst=RETURN_VALUE(arg=None, lineno=1151)
DEBUG:numba.core.byteflow:stack ['$118compare_op.8']
DEBUG:numba.core.byteflow:end state. edges=[]
DEBUG:numba.core.byteflow:pending: deque([State(pc_initial=78 nstack_initial=0)])
DEBUG:numba.core.byteflow:-------------------------Prune PHIs-------------------------
DEBUG:numba.core.byteflow:Used_phis: defaultdict(<class 'set'>,
            {State(pc_initial=0 nstack_initial=0): set(),
             State(pc_initial=24 nstack_initial=1): {'$phi24.0'},
             State(pc_initial=30 nstack_initial=0): set(),
             State(pc_initial=32 nstack_initial=1): set(),
             State(pc_initial=36 nstack_initial=0): set(),
             State(pc_initial=40 nstack_initial=0): set(),
             State(pc_initial=62 nstack_initial=1): {'$phi62.0'},
             State(pc_initial=68 nstack_initial=0): set(),
             State(pc_initial=70 nstack_initial=1): set(),
             State(pc_initial=74 nstack_initial=0): set(),
             State(pc_initial=78 nstack_initial=0): set(),
             State(pc_initial=82 nstack_initial=0): set(),
             State(pc_initial=102 nstack_initial=0): set()})
DEBUG:numba.core.byteflow:defmap: {'$phi24.0': State(pc_initial=0 nstack_initial=0),
 '$phi32.0': State(pc_initial=0 nstack_initial=0),
 '$phi62.0': State(pc_initial=40 nstack_initial=0),
 '$phi70.0': State(pc_initial=40 nstack_initial=0)}
DEBUG:numba.core.byteflow:phismap: defaultdict(<class 'set'>,
            {'$phi24.0': {('$16dup_top.6',
                           State(pc_initial=0 nstack_initial=0))},
             '$phi32.0': {('$16dup_top.6',
                           State(pc_initial=0 nstack_initial=0))},
             '$phi62.0': {('$54dup_top.6',
                           State(pc_initial=40 nstack_initial=0))},
             '$phi70.0': {('$54dup_top.6',
                           State(pc_initial=40 nstack_initial=0))}})
DEBUG:numba.core.byteflow:changing phismap: defaultdict(<class 'set'>,
            {'$phi24.0': {('$16dup_top.6',
                           State(pc_initial=0 nstack_initial=0))},
             '$phi32.0': {('$16dup_top.6',
                           State(pc_initial=0 nstack_initial=0))},
             '$phi62.0': {('$54dup_top.6',
                           State(pc_initial=40 nstack_initial=0))},
             '$phi70.0': {('$54dup_top.6',
                           State(pc_initial=40 nstack_initial=0))}})
DEBUG:numba.core.byteflow:keep phismap: {'$phi24.0': {('$16dup_top.6', State(pc_initial=0 nstack_initial=0))},
 '$phi62.0': {('$54dup_top.6', State(pc_initial=40 nstack_initial=0))}}
DEBUG:numba.core.byteflow:new_out: defaultdict(<class 'dict'>,
            {State(pc_initial=0 nstack_initial=0): {'$phi24.0': '$16dup_top.6'},
             State(pc_initial=40 nstack_initial=0): {'$phi62.0': '$54dup_top.6'}})
DEBUG:numba.core.byteflow:----------------------DONE Prune PHIs-----------------------
DEBUG:numba.core.byteflow:block_infos State(pc_initial=0 nstack_initial=0):
AdaptBlockInfo(insts=((0, {}), (2, {'res': '$x2.0'}), (4, {'res': '$const4.1.1'}), (6, {'index': '$const4.1.1', 'target'
: '$x2.0', 'res': '$6binary_subscr.2'}), (8, {'value': '$6binary_subscr.2'}), (10, {'res': '$threshold10.3'}), (12, {'va
lue': '$threshold10.3', 'res': '$12unary_negative.4'}), (14, {'res': '$x014.5'}), (16, {'orig': ['$x014.5'], 'duped': ['
$16dup_top.6']}), (20, {'lhs': '$12unary_negative.4', 'rhs': '$x014.5', 'res': '$20compare_op.7'}), (22, {'pred': '$20co
mpare_op.7'})), outgoing_phis={'$phi24.0': '$16dup_top.6'}, blockstack=(), active_try_block=None, outgoing_edgepushed={2
4: ('$16dup_top.6',), 32: ('$16dup_top.6',)})
DEBUG:numba.core.byteflow:block_infos State(pc_initial=24 nstack_initial=1):
AdaptBlockInfo(insts=((24, {'res': '$threshold24.1'}), (26, {'lhs': '$phi24.0', 'rhs': '$threshold24.1', 'res': '$26comp
are_op.2'}), (28, {'pred': '$26compare_op.2'})), outgoing_phis={}, blockstack=(), active_try_block=None, outgoing_edgepu
shed={30: (), 40: ()})
DEBUG:numba.core.byteflow:block_infos State(pc_initial=30 nstack_initial=0):
AdaptBlockInfo(insts=((30, {}),), outgoing_phis={}, blockstack=(), active_try_block=None, outgoing_edgepushed={36: ()})
DEBUG:numba.core.byteflow:block_infos State(pc_initial=32 nstack_initial=1):
AdaptBlockInfo(insts=((34, {}),), outgoing_phis={}, blockstack=(), active_try_block=None, outgoing_edgepushed={40: ()})
DEBUG:numba.core.byteflow:block_infos State(pc_initial=36 nstack_initial=0):
AdaptBlockInfo(insts=((36, {'res': '$const36.0.1'}), (38, {'value': '$const36.0.1'})), outgoing_phis={}, blockstack=(),
active_try_block=None, outgoing_edgepushed={40: ()})
DEBUG:numba.core.byteflow:block_infos State(pc_initial=40 nstack_initial=0):
AdaptBlockInfo(insts=((40, {'res': '$x40.0'}), (42, {'res': '$const42.1.2'}), (44, {'index': '$const42.1.2', 'target': '
$x40.0', 'res': '$44binary_subscr.2'}), (46, {'value': '$44binary_subscr.2'}), (48, {'res': '$threshold48.3'}), (50, {'v
alue': '$threshold48.3', 'res': '$50unary_negative.4'}), (52, {'res': '$x152.5'}), (54, {'orig': ['$x152.5'], 'duped': [
'$54dup_top.6']}), (58, {'lhs': '$50unary_negative.4', 'rhs': '$x152.5', 'res': '$58compare_op.7'}), (60, {'pred': '$58c
ompare_op.7'})), outgoing_phis={'$phi62.0': '$54dup_top.6'}, blockstack=(), active_try_block=None, outgoing_edgepushed={
62: ('$54dup_top.6',), 70: ('$54dup_top.6',)})
DEBUG:numba.core.byteflow:block_infos State(pc_initial=62 nstack_initial=1):
AdaptBlockInfo(insts=((62, {'res': '$threshold62.1'}), (64, {'lhs': '$phi62.0', 'rhs': '$threshold62.1', 'res': '$64comp
are_op.2'}), (66, {'pred': '$64compare_op.2'})), outgoing_phis={}, blockstack=(), active_try_block=None, outgoing_edgepu
shed={68: (), 78: ()})
DEBUG:numba.core.byteflow:block_infos State(pc_initial=68 nstack_initial=0):
AdaptBlockInfo(insts=((68, {}),), outgoing_phis={}, blockstack=(), active_try_block=None, outgoing_edgepushed={74: ()})
DEBUG:numba.core.byteflow:block_infos State(pc_initial=70 nstack_initial=1):
AdaptBlockInfo(insts=((72, {}),), outgoing_phis={}, blockstack=(), active_try_block=None, outgoing_edgepushed={78: ()})
DEBUG:numba.core.byteflow:block_infos State(pc_initial=74 nstack_initial=0):
AdaptBlockInfo(insts=((74, {'res': '$const74.0.1'}), (76, {'value': '$const74.0.1'})), outgoing_phis={}, blockstack=(),
active_try_block=None, outgoing_edgepushed={78: ()})
DEBUG:numba.core.byteflow:block_infos State(pc_initial=78 nstack_initial=0):
AdaptBlockInfo(insts=((78, {'res': '$zero_pos78.0'}), (80, {'pred': '$zero_pos78.0'})), outgoing_phis={}, blockstack=(),
 active_try_block=None, outgoing_edgepushed={82: (), 102: ()})
DEBUG:numba.core.byteflow:block_infos State(pc_initial=82 nstack_initial=0):
AdaptBlockInfo(insts=((82, {'res': '$82load_global.0'}), (84, {'item': '$82load_global.0', 'res': '$84load_method.1'}),
(86, {'res': '$x086.2'}), (88, {'func': '$84load_method.1', 'args': ['$x086.2'], 'res': '$88call_method.3'}), (90, {'res
': '$90load_global.4'}), (92, {'item': '$90load_global.4', 'res': '$92load_method.5'}), (94, {'res': '$x194.6'}), (96, {
'func': '$92load_method.5', 'args': ['$x194.6'], 'res': '$96call_method.7'}), (98, {'lhs': '$88call_method.3', 'rhs': '$
96call_method.7', 'res': '$98compare_op.8'}), (100, {'retval': '$98compare_op.8', 'castval': '$100return_value.9'})), ou
tgoing_phis={}, blockstack=(), active_try_block=None, outgoing_edgepushed={})
DEBUG:numba.core.byteflow:block_infos State(pc_initial=102 nstack_initial=0):
AdaptBlockInfo(insts=((102, {'res': '$102load_global.0'}), (104, {'item': '$102load_global.0', 'res': '$104load_method.1
'}), (106, {'res': '$x0106.2'}), (108, {'func': '$104load_method.1', 'args': ['$x0106.2'], 'res': '$108call_method.3'}),
 (110, {'res': '$110load_global.4'}), (112, {'item': '$110load_global.4', 'res': '$112load_method.5'}), (114, {'res': '$
x1114.6'}), (116, {'func': '$112load_method.5', 'args': ['$x1114.6'], 'res': '$116call_method.7'}), (118, {'lhs': '$108c
all_method.3', 'rhs': '$116call_method.7', 'res': '$118compare_op.8'}), (120, {'retval': '$118compare_op.8', 'castval':
'$120return_value.9'})), outgoing_phis={}, blockstack=(), active_try_block=None, outgoing_edgepushed={})
DEBUG:numba.core.interpreter:label 0:
    x = arg(0, name=x)                       ['x']
    threshold = arg(1, name=threshold)       ['threshold']
    zero_pos = arg(2, name=zero_pos)         ['zero_pos']
    $const4.1.1 = const(int, 0)              ['$const4.1.1']
    x0 = getitem(value=x, index=$const4.1.1, fn=<built-in function getitem>) ['$const4.1.1', 'x', 'x0']
    $12unary_negative.4 = unary(fn=<built-in function neg>, value=threshold) ['$12unary_negative.4', 'threshold']
    $20compare_op.7 = $12unary_negative.4 <= x0 ['$12unary_negative.4', '$20compare_op.7', 'x0']
    $bool22 = global(bool: <class 'bool'>)   ['$bool22']
    $22pred = call $bool22($20compare_op.7, func=$bool22, args=(Var($20compare_op.7, audio.py:1141),), kws=(), vararg=No
ne, varkwarg=None, target=None) ['$20compare_op.7', '$22pred', '$bool22']
    $phi24.0 = x0                            ['$phi24.0', 'x0']
    branch $22pred, 24, 32                   ['$22pred']
label 24:
    $26compare_op.2 = $phi24.0 <= threshold  ['$26compare_op.2', '$phi24.0', 'threshold']
    $bool28 = global(bool: <class 'bool'>)   ['$bool28']
    $28pred = call $bool28($26compare_op.2, func=$bool28, args=(Var($26compare_op.2, audio.py:1141),), kws=(), vararg=No
ne, varkwarg=None, target=None) ['$26compare_op.2', '$28pred', '$bool28']
    branch $28pred, 30, 40                   ['$28pred']
label 30:
    jump 36                                  []
label 32:
    jump 40                                  []
label 36:
    x0 = const(int, 0)                       ['x0']
    jump 40                                  []
label 40:
    $const42.1.2 = const(int, -1)            ['$const42.1.2']
    x1 = getitem(value=x, index=$const42.1.2, fn=<built-in function getitem>) ['$const42.1.2', 'x', 'x1']
    $50unary_negative.4 = unary(fn=<built-in function neg>, value=threshold) ['$50unary_negative.4', 'threshold']
    $58compare_op.7 = $50unary_negative.4 <= x1 ['$50unary_negative.4', '$58compare_op.7', 'x1']
    $bool60 = global(bool: <class 'bool'>)   ['$bool60']
    $60pred = call $bool60($58compare_op.7, func=$bool60, args=(Var($58compare_op.7, audio.py:1145),), kws=(), vararg=No
ne, varkwarg=None, target=None) ['$58compare_op.7', '$60pred', '$bool60']
    $phi62.0 = x1                            ['$phi62.0', 'x1']
    branch $60pred, 62, 70                   ['$60pred']
label 62:
    $64compare_op.2 = $phi62.0 <= threshold  ['$64compare_op.2', '$phi62.0', 'threshold']
    $bool66 = global(bool: <class 'bool'>)   ['$bool66']
    $66pred = call $bool66($64compare_op.2, func=$bool66, args=(Var($64compare_op.2, audio.py:1145),), kws=(), vararg=No
ne, varkwarg=None, target=None) ['$64compare_op.2', '$66pred', '$bool66']
    branch $66pred, 68, 78                   ['$66pred']
label 68:
    jump 74                                  []
label 70:
    jump 78                                  []
label 74:
    x1 = const(int, 0)                       ['x1']
    jump 78                                  []
label 78:
    $bool80 = global(bool: <class 'bool'>)   ['$bool80']
    $80pred = call $bool80(zero_pos, func=$bool80, args=(Var(zero_pos, audio.py:1137),), kws=(), vararg=None, varkwarg=N
one, target=None) ['$80pred', '$bool80', 'zero_pos']
    branch $80pred, 82, 102                  ['$80pred']
label 82:
    $82load_global.0 = global(np: <module 'numpy' from 'C:\\Users\\justin\\Documents\\Coding\\stemqueue\\venv\\lib\\site
-packages\\numpy\\__init__.py'>) ['$82load_global.0']
    $84load_method.1 = getattr(value=$82load_global.0, attr=signbit) ['$82load_global.0', '$84load_method.1']
    $88call_method.3 = call $84load_method.1(x0, func=$84load_method.1, args=[Var(x0, audio.py:1140)], kws=(), vararg=No
ne, varkwarg=None, target=None) ['$84load_method.1', '$88call_method.3', 'x0']
    $90load_global.4 = global(np: <module 'numpy' from 'C:\\Users\\justin\\Documents\\Coding\\stemqueue\\venv\\lib\\site
-packages\\numpy\\__init__.py'>) ['$90load_global.4']
    $92load_method.5 = getattr(value=$90load_global.4, attr=signbit) ['$90load_global.4', '$92load_method.5']
    $96call_method.7 = call $92load_method.5(x1, func=$92load_method.5, args=[Var(x1, audio.py:1144)], kws=(), vararg=No
ne, varkwarg=None, target=None) ['$92load_method.5', '$96call_method.7', 'x1']
    $98compare_op.8 = $88call_method.3 != $96call_method.7 ['$88call_method.3', '$96call_method.7', '$98compare_op.8']
    $100return_value.9 = cast(value=$98compare_op.8) ['$100return_value.9', '$98compare_op.8']
    return $100return_value.9                ['$100return_value.9']
label 102:
    $102load_global.0 = global(np: <module 'numpy' from 'C:\\Users\\justin\\Documents\\Coding\\stemqueue\\venv\\lib\\sit
e-packages\\numpy\\__init__.py'>) ['$102load_global.0']
    $104load_method.1 = getattr(value=$102load_global.0, attr=sign) ['$102load_global.0', '$104load_method.1']
    $108call_method.3 = call $104load_method.1(x0, func=$104load_method.1, args=[Var(x0, audio.py:1140)], kws=(), vararg
=None, varkwarg=None, target=None) ['$104load_method.1', '$108call_method.3', 'x0']
    $110load_global.4 = global(np: <module 'numpy' from 'C:\\Users\\justin\\Documents\\Coding\\stemqueue\\venv\\lib\\sit
e-packages\\numpy\\__init__.py'>) ['$110load_global.4']
    $112load_method.5 = getattr(value=$110load_global.4, attr=sign) ['$110load_global.4', '$112load_method.5']
    $116call_method.7 = call $112load_method.5(x1, func=$112load_method.5, args=[Var(x1, audio.py:1144)], kws=(), vararg
=None, varkwarg=None, target=None) ['$112load_method.5', '$116call_method.7', 'x1']
    $118compare_op.8 = $108call_method.3 != $116call_method.7 ['$108call_method.3', '$116call_method.7', '$118compare_op
.8']
    $120return_value.9 = cast(value=$118compare_op.8) ['$118compare_op.8', '$120return_value.9']
    return $120return_value.9                ['$120return_value.9']

DEBUG:numba.core.byteflow:bytecode dump:
>          0    NOP(arg=None, lineno=1023)
           2    LOAD_FAST(arg=0, lineno=1026)
           4    LOAD_CONST(arg=1, lineno=1026)
           6    BINARY_SUBSCR(arg=None, lineno=1026)
           8    LOAD_FAST(arg=0, lineno=1026)
          10    LOAD_CONST(arg=2, lineno=1026)
          12    BINARY_SUBSCR(arg=None, lineno=1026)
          14    COMPARE_OP(arg=4, lineno=1026)
          16    LOAD_FAST(arg=0, lineno=1026)
          18    LOAD_CONST(arg=1, lineno=1026)
          20    BINARY_SUBSCR(arg=None, lineno=1026)
          22    LOAD_FAST(arg=0, lineno=1026)
          24    LOAD_CONST(arg=3, lineno=1026)
          26    BINARY_SUBSCR(arg=None, lineno=1026)
          28    COMPARE_OP(arg=5, lineno=1026)
          30    BINARY_AND(arg=None, lineno=1026)
          32    RETURN_VALUE(arg=None, lineno=1026)
DEBUG:numba.core.byteflow:pending: deque([State(pc_initial=0 nstack_initial=0)])
DEBUG:numba.core.byteflow:stack: []
DEBUG:numba.core.byteflow:state.pc_initial: State(pc_initial=0 nstack_initial=0)
DEBUG:numba.core.byteflow:dispatch pc=0, inst=NOP(arg=None, lineno=1023)
DEBUG:numba.core.byteflow:stack []
DEBUG:numba.core.byteflow:dispatch pc=2, inst=LOAD_FAST(arg=0, lineno=1026)
DEBUG:numba.core.byteflow:stack []
DEBUG:numba.core.byteflow:dispatch pc=4, inst=LOAD_CONST(arg=1, lineno=1026)
DEBUG:numba.core.byteflow:stack ['$x2.0']
DEBUG:numba.core.byteflow:dispatch pc=6, inst=BINARY_SUBSCR(arg=None, lineno=1026)
DEBUG:numba.core.byteflow:stack ['$x2.0', '$const4.1.1']
DEBUG:numba.core.byteflow:dispatch pc=8, inst=LOAD_FAST(arg=0, lineno=1026)
DEBUG:numba.core.byteflow:stack ['$6binary_subscr.2']
DEBUG:numba.core.byteflow:dispatch pc=10, inst=LOAD_CONST(arg=2, lineno=1026)
DEBUG:numba.core.byteflow:stack ['$6binary_subscr.2', '$x8.3']
DEBUG:numba.core.byteflow:dispatch pc=12, inst=BINARY_SUBSCR(arg=None, lineno=1026)
DEBUG:numba.core.byteflow:stack ['$6binary_subscr.2', '$x8.3', '$const10.4.2']
DEBUG:numba.core.byteflow:dispatch pc=14, inst=COMPARE_OP(arg=4, lineno=1026)
DEBUG:numba.core.byteflow:stack ['$6binary_subscr.2', '$12binary_subscr.5']
DEBUG:numba.core.byteflow:dispatch pc=16, inst=LOAD_FAST(arg=0, lineno=1026)
DEBUG:numba.core.byteflow:stack ['$14compare_op.6']
DEBUG:numba.core.byteflow:dispatch pc=18, inst=LOAD_CONST(arg=1, lineno=1026)
DEBUG:numba.core.byteflow:stack ['$14compare_op.6', '$x16.7']
DEBUG:numba.core.byteflow:dispatch pc=20, inst=BINARY_SUBSCR(arg=None, lineno=1026)
DEBUG:numba.core.byteflow:stack ['$14compare_op.6', '$x16.7', '$const18.8.1']
DEBUG:numba.core.byteflow:dispatch pc=22, inst=LOAD_FAST(arg=0, lineno=1026)
DEBUG:numba.core.byteflow:stack ['$14compare_op.6', '$20binary_subscr.9']
DEBUG:numba.core.byteflow:dispatch pc=24, inst=LOAD_CONST(arg=3, lineno=1026)
DEBUG:numba.core.byteflow:stack ['$14compare_op.6', '$20binary_subscr.9', '$x22.10']
DEBUG:numba.core.byteflow:dispatch pc=26, inst=BINARY_SUBSCR(arg=None, lineno=1026)
DEBUG:numba.core.byteflow:stack ['$14compare_op.6', '$20binary_subscr.9', '$x22.10', '$const24.11.3']
DEBUG:numba.core.byteflow:dispatch pc=28, inst=COMPARE_OP(arg=5, lineno=1026)
DEBUG:numba.core.byteflow:stack ['$14compare_op.6', '$20binary_subscr.9', '$26binary_subscr.12']
DEBUG:numba.core.byteflow:dispatch pc=30, inst=BINARY_AND(arg=None, lineno=1026)
DEBUG:numba.core.byteflow:stack ['$14compare_op.6', '$28compare_op.13']
DEBUG:numba.core.byteflow:dispatch pc=32, inst=RETURN_VALUE(arg=None, lineno=1026)
DEBUG:numba.core.byteflow:stack ['$30binary_and.14']
DEBUG:numba.core.byteflow:end state. edges=[]
DEBUG:numba.core.byteflow:-------------------------Prune PHIs-------------------------
DEBUG:numba.core.byteflow:Used_phis: defaultdict(<class 'set'>, {State(pc_initial=0 nstack_initial=0): set()})
DEBUG:numba.core.byteflow:defmap: {}
DEBUG:numba.core.byteflow:phismap: defaultdict(<class 'set'>, {})
DEBUG:numba.core.byteflow:changing phismap: defaultdict(<class 'set'>, {})
DEBUG:numba.core.byteflow:keep phismap: {}
DEBUG:numba.core.byteflow:new_out: defaultdict(<class 'dict'>, {})
DEBUG:numba.core.byteflow:----------------------DONE Prune PHIs-----------------------
DEBUG:numba.core.byteflow:block_infos State(pc_initial=0 nstack_initial=0):
AdaptBlockInfo(insts=((0, {}), (2, {'res': '$x2.0'}), (4, {'res': '$const4.1.1'}), (6, {'index': '$const4.1.1', 'target'
: '$x2.0', 'res': '$6binary_subscr.2'}), (8, {'res': '$x8.3'}), (10, {'res': '$const10.4.2'}), (12, {'index': '$const10.
4.2', 'target': '$x8.3', 'res': '$12binary_subscr.5'}), (14, {'lhs': '$6binary_subscr.2', 'rhs': '$12binary_subscr.5', '
res': '$14compare_op.6'}), (16, {'res': '$x16.7'}), (18, {'res': '$const18.8.1'}), (20, {'index': '$const18.8.1', 'targe
t': '$x16.7', 'res': '$20binary_subscr.9'}), (22, {'res': '$x22.10'}), (24, {'res': '$const24.11.3'}), (26, {'index': '$
const24.11.3', 'target': '$x22.10', 'res': '$26binary_subscr.12'}), (28, {'lhs': '$20binary_subscr.9', 'rhs': '$26binary
_subscr.12', 'res': '$28compare_op.13'}), (30, {'lhs': '$14compare_op.6', 'rhs': '$28compare_op.13', 'res': '$30binary_a
nd.14'}), (32, {'retval': '$30binary_and.14', 'castval': '$32return_value.15'})), outgoing_phis={}, blockstack=(), activ
e_try_block=None, outgoing_edgepushed={})
DEBUG:numba.core.interpreter:label 0:
    x = arg(0, name=x)                       ['x']
    $const4.1.1 = const(int, 0)              ['$const4.1.1']
    $6binary_subscr.2 = getitem(value=x, index=$const4.1.1, fn=<built-in function getitem>) ['$6binary_subscr.2', '$cons
t4.1.1', 'x']
    $const10.4.2 = const(int, -1)            ['$const10.4.2']
    $12binary_subscr.5 = getitem(value=x, index=$const10.4.2, fn=<built-in function getitem>) ['$12binary_subscr.5', '$c
onst10.4.2', 'x']
    $14compare_op.6 = $6binary_subscr.2 > $12binary_subscr.5 ['$12binary_subscr.5', '$14compare_op.6', '$6binary_subscr.
2']
    $const18.8.1 = const(int, 0)             ['$const18.8.1']
    $20binary_subscr.9 = getitem(value=x, index=$const18.8.1, fn=<built-in function getitem>) ['$20binary_subscr.9', '$c
onst18.8.1', 'x']
    $const24.11.3 = const(int, 1)            ['$const24.11.3']
    $26binary_subscr.12 = getitem(value=x, index=$const24.11.3, fn=<built-in function getitem>) ['$26binary_subscr.12',
'$const24.11.3', 'x']
    $28compare_op.13 = $20binary_subscr.9 >= $26binary_subscr.12 ['$20binary_subscr.9', '$26binary_subscr.12', '$28compa
re_op.13']
    $30binary_and.14 = $14compare_op.6 & $28compare_op.13 ['$14compare_op.6', '$28compare_op.13', '$30binary_and.14']
    $32return_value.15 = cast(value=$30binary_and.14) ['$30binary_and.14', '$32return_value.15']
    return $32return_value.15                ['$32return_value.15']

DEBUG:numba.core.byteflow:bytecode dump:
>          0    NOP(arg=None, lineno=1029)
           2    LOAD_FAST(arg=0, lineno=1032)
           4    LOAD_CONST(arg=1, lineno=1032)
           6    BINARY_SUBSCR(arg=None, lineno=1032)
           8    LOAD_FAST(arg=0, lineno=1032)
          10    LOAD_CONST(arg=2, lineno=1032)
          12    BINARY_SUBSCR(arg=None, lineno=1032)
          14    COMPARE_OP(arg=0, lineno=1032)
          16    LOAD_FAST(arg=0, lineno=1032)
          18    LOAD_CONST(arg=1, lineno=1032)
          20    BINARY_SUBSCR(arg=None, lineno=1032)
          22    LOAD_FAST(arg=0, lineno=1032)
          24    LOAD_CONST(arg=3, lineno=1032)
          26    BINARY_SUBSCR(arg=None, lineno=1032)
          28    COMPARE_OP(arg=1, lineno=1032)
          30    BINARY_AND(arg=None, lineno=1032)
          32    RETURN_VALUE(arg=None, lineno=1032)
DEBUG:numba.core.byteflow:pending: deque([State(pc_initial=0 nstack_initial=0)])
DEBUG:numba.core.byteflow:stack: []
DEBUG:numba.core.byteflow:state.pc_initial: State(pc_initial=0 nstack_initial=0)
DEBUG:numba.core.byteflow:dispatch pc=0, inst=NOP(arg=None, lineno=1029)
DEBUG:numba.core.byteflow:stack []
DEBUG:numba.core.byteflow:dispatch pc=2, inst=LOAD_FAST(arg=0, lineno=1032)
DEBUG:numba.core.byteflow:stack []
DEBUG:numba.core.byteflow:dispatch pc=4, inst=LOAD_CONST(arg=1, lineno=1032)
DEBUG:numba.core.byteflow:stack ['$x2.0']
DEBUG:numba.core.byteflow:dispatch pc=6, inst=BINARY_SUBSCR(arg=None, lineno=1032)
DEBUG:numba.core.byteflow:stack ['$x2.0', '$const4.1.1']
DEBUG:numba.core.byteflow:dispatch pc=8, inst=LOAD_FAST(arg=0, lineno=1032)
DEBUG:numba.core.byteflow:stack ['$6binary_subscr.2']
DEBUG:numba.core.byteflow:dispatch pc=10, inst=LOAD_CONST(arg=2, lineno=1032)
DEBUG:numba.core.byteflow:stack ['$6binary_subscr.2', '$x8.3']
DEBUG:numba.core.byteflow:dispatch pc=12, inst=BINARY_SUBSCR(arg=None, lineno=1032)
DEBUG:numba.core.byteflow:stack ['$6binary_subscr.2', '$x8.3', '$const10.4.2']
DEBUG:numba.core.byteflow:dispatch pc=14, inst=COMPARE_OP(arg=0, lineno=1032)
DEBUG:numba.core.byteflow:stack ['$6binary_subscr.2', '$12binary_subscr.5']
DEBUG:numba.core.byteflow:dispatch pc=16, inst=LOAD_FAST(arg=0, lineno=1032)
DEBUG:numba.core.byteflow:stack ['$14compare_op.6']
DEBUG:numba.core.byteflow:dispatch pc=18, inst=LOAD_CONST(arg=1, lineno=1032)
DEBUG:numba.core.byteflow:stack ['$14compare_op.6', '$x16.7']
DEBUG:numba.core.byteflow:dispatch pc=20, inst=BINARY_SUBSCR(arg=None, lineno=1032)
DEBUG:numba.core.byteflow:stack ['$14compare_op.6', '$x16.7', '$const18.8.1']
DEBUG:numba.core.byteflow:dispatch pc=22, inst=LOAD_FAST(arg=0, lineno=1032)
DEBUG:numba.core.byteflow:stack ['$14compare_op.6', '$20binary_subscr.9']
DEBUG:numba.core.byteflow:dispatch pc=24, inst=LOAD_CONST(arg=3, lineno=1032)
DEBUG:numba.core.byteflow:stack ['$14compare_op.6', '$20binary_subscr.9', '$x22.10']
DEBUG:numba.core.byteflow:dispatch pc=26, inst=BINARY_SUBSCR(arg=None, lineno=1032)
DEBUG:numba.core.byteflow:stack ['$14compare_op.6', '$20binary_subscr.9', '$x22.10', '$const24.11.3']
DEBUG:numba.core.byteflow:dispatch pc=28, inst=COMPARE_OP(arg=1, lineno=1032)
DEBUG:numba.core.byteflow:stack ['$14compare_op.6', '$20binary_subscr.9', '$26binary_subscr.12']
DEBUG:numba.core.byteflow:dispatch pc=30, inst=BINARY_AND(arg=None, lineno=1032)
DEBUG:numba.core.byteflow:stack ['$14compare_op.6', '$28compare_op.13']
DEBUG:numba.core.byteflow:dispatch pc=32, inst=RETURN_VALUE(arg=None, lineno=1032)
DEBUG:numba.core.byteflow:stack ['$30binary_and.14']
DEBUG:numba.core.byteflow:end state. edges=[]
DEBUG:numba.core.byteflow:-------------------------Prune PHIs-------------------------
DEBUG:numba.core.byteflow:Used_phis: defaultdict(<class 'set'>, {State(pc_initial=0 nstack_initial=0): set()})
DEBUG:numba.core.byteflow:defmap: {}
DEBUG:numba.core.byteflow:phismap: defaultdict(<class 'set'>, {})
DEBUG:numba.core.byteflow:changing phismap: defaultdict(<class 'set'>, {})
DEBUG:numba.core.byteflow:keep phismap: {}
DEBUG:numba.core.byteflow:new_out: defaultdict(<class 'dict'>, {})
DEBUG:numba.core.byteflow:----------------------DONE Prune PHIs-----------------------
DEBUG:numba.core.byteflow:block_infos State(pc_initial=0 nstack_initial=0):
AdaptBlockInfo(insts=((0, {}), (2, {'res': '$x2.0'}), (4, {'res': '$const4.1.1'}), (6, {'index': '$const4.1.1', 'target'
: '$x2.0', 'res': '$6binary_subscr.2'}), (8, {'res': '$x8.3'}), (10, {'res': '$const10.4.2'}), (12, {'index': '$const10.
4.2', 'target': '$x8.3', 'res': '$12binary_subscr.5'}), (14, {'lhs': '$6binary_subscr.2', 'rhs': '$12binary_subscr.5', '
res': '$14compare_op.6'}), (16, {'res': '$x16.7'}), (18, {'res': '$const18.8.1'}), (20, {'index': '$const18.8.1', 'targe
t': '$x16.7', 'res': '$20binary_subscr.9'}), (22, {'res': '$x22.10'}), (24, {'res': '$const24.11.3'}), (26, {'index': '$
const24.11.3', 'target': '$x22.10', 'res': '$26binary_subscr.12'}), (28, {'lhs': '$20binary_subscr.9', 'rhs': '$26binary
_subscr.12', 'res': '$28compare_op.13'}), (30, {'lhs': '$14compare_op.6', 'rhs': '$28compare_op.13', 'res': '$30binary_a
nd.14'}), (32, {'retval': '$30binary_and.14', 'castval': '$32return_value.15'})), outgoing_phis={}, blockstack=(), activ
e_try_block=None, outgoing_edgepushed={})
DEBUG:numba.core.interpreter:label 0:
    x = arg(0, name=x)                       ['x']
    $const4.1.1 = const(int, 0)              ['$const4.1.1']
    $6binary_subscr.2 = getitem(value=x, index=$const4.1.1, fn=<built-in function getitem>) ['$6binary_subscr.2', '$cons
t4.1.1', 'x']
    $const10.4.2 = const(int, -1)            ['$const10.4.2']
    $12binary_subscr.5 = getitem(value=x, index=$const10.4.2, fn=<built-in function getitem>) ['$12binary_subscr.5', '$c
onst10.4.2', 'x']
    $14compare_op.6 = $6binary_subscr.2 < $12binary_subscr.5 ['$12binary_subscr.5', '$14compare_op.6', '$6binary_subscr.
2']
    $const18.8.1 = const(int, 0)             ['$const18.8.1']
    $20binary_subscr.9 = getitem(value=x, index=$const18.8.1, fn=<built-in function getitem>) ['$20binary_subscr.9', '$c
onst18.8.1', 'x']
    $const24.11.3 = const(int, 1)            ['$const24.11.3']
    $26binary_subscr.12 = getitem(value=x, index=$const24.11.3, fn=<built-in function getitem>) ['$26binary_subscr.12',
'$const24.11.3', 'x']
    $28compare_op.13 = $20binary_subscr.9 <= $26binary_subscr.12 ['$20binary_subscr.9', '$26binary_subscr.12', '$28compa
re_op.13']
    $30binary_and.14 = $14compare_op.6 & $28compare_op.13 ['$14compare_op.6', '$28compare_op.13', '$30binary_and.14']
    $32return_value.15 = cast(value=$30binary_and.14) ['$30binary_and.14', '$32return_value.15']
    return $32return_value.15                ['$32return_value.15']

DEBUG:audio_separator.separator.separator:Audio loaded. Sample rate: 44100, Audio shape: (2, 7948288)
DEBUG:audio_separator.separator.separator:Audio file is valid and contains data.
DEBUG:audio_separator.separator.separator:Mix preparation completed.
DEBUG:audio_separator.separator.separator:Mix prepared for demixing. Shape: (2, 7948288)
DEBUG:audio_separator.separator.separator:Loading model for demixing...
DEBUG:audio_separator.separator.separator:Model loaded and set to evaluation mode.
DEBUG:audio_separator.separator.separator:Starting demixing process in demix_demucs...
DEBUG:audio_separator.separator.separator:Running model inference...
100%|██████████████████████████████████████████████████████████████████████████████████| 31/31 [02:36<00:00,  5.05s/it]
100%|██████████████████████████████████████████████████████████████████████████████████| 31/31 [02:27<00:00,  4.77s/it]
100%|██████████████████████████████████████████████████████████████████████████████████| 31/31 [02:05<00:00,  4.03s/it]
100%|██████████████████████████████████████████████████████████████████████████████████| 31/31 [02:03<00:00,  3.98s/it]
100%|██████████████████████████████████████████████████████████████████████████████████| 31/31 [02:02<00:00,  3.96s/it]
100%|██████████████████████████████████████████████████████████████████████████████████| 31/31 [02:03<00:00,  3.99s/it]
100%|██████████████████████████████████████████████████████████████████████████████████| 31/31 [02:02<00:00,  3.97s/it]
100%|██████████████████████████████████████████████████████████████████████████████████| 31/31 [02:01<00:00,  3.90s/it]
DEBUG:audio_separator.separator.separator:Running garbage collection...
DEBUG:audio_separator.separator.separator:Model and GPU cache cleared after demixing.
DEBUG:audio_separator.separator.separator:Processing output files...
DEBUG:audio_separator.separator.separator:Processing source array, source length is 4
DEBUG:audio_separator.separator.separator:Setting source map to 4-stem...
DEBUG:audio_separator.separator.separator:Processing for all stems...
DEBUG:audio_separator.separator.separator:Finalizing Bass stem processing and writing audio...
C:\Users\justin\Documents\Coding\stemqueue\venv\lib\site-packages\audio_separator\separator\common_separator.py:292: Fut
ureWarning: get_duration() keyword argument 'filename' has been renamed to 'path' in version 0.10.0.
        This alias will be removed in version 1.0.
  duration_seconds = librosa.get_duration(filename=self.audio_file_path)
INFO:audio_separator.separator.separator:Audio duration is 0.05 hours (180.23 seconds).
WARNING:audio_separator.separator.separator:Using soundfile for writing.
DEBUG:audio_separator.separator.separator:Entering write_audio_soundfile with stem_path: 07 - The Black Keys - The Big C
ome Up - 07 - Leavin' Trunk_(Bass)_htdemucs_ft.mp3
INFO:audio_separator.separator.separator:Using input subtype for output: MPEG_LAYER_III
DEBUG:audio_separator.separator.separator:Audio data shape for soundfile: (7948288, 2)
DEBUG:audio_separator.separator.separator:Exported audio file successfully to C:\Users\justin\Dropbox\stems\leavintrunk\
07 - The Black Keys - The Big Come Up - 07 - Leavin' Trunk_(Bass)_htdemucs_ft.mp3 with subtype MPEG_LAYER_III
DEBUG:audio_separator.separator.separator:Finalizing Drums stem processing and writing audio...
INFO:audio_separator.separator.separator:Audio duration is 0.05 hours (180.23 seconds).
WARNING:audio_separator.separator.separator:Using soundfile for writing.
DEBUG:audio_separator.separator.separator:Entering write_audio_soundfile with stem_path: 07 - The Black Keys - The Big C
ome Up - 07 - Leavin' Trunk_(Drums)_htdemucs_ft.mp3
INFO:audio_separator.separator.separator:Using input subtype for output: MPEG_LAYER_III
DEBUG:audio_separator.separator.separator:Audio data shape for soundfile: (7948288, 2)
DEBUG:audio_separator.separator.separator:Exported audio file successfully to C:\Users\justin\Dropbox\stems\leavintrunk\
07 - The Black Keys - The Big Come Up - 07 - Leavin' Trunk_(Drums)_htdemucs_ft.mp3 with subtype MPEG_LAYER_III
DEBUG:audio_separator.separator.separator:Finalizing Other stem processing and writing audio...
INFO:audio_separator.separator.separator:Audio duration is 0.05 hours (180.23 seconds).
WARNING:audio_separator.separator.separator:Using soundfile for writing.
DEBUG:audio_separator.separator.separator:Entering write_audio_soundfile with stem_path: 07 - The Black Keys - The Big C
ome Up - 07 - Leavin' Trunk_(Other)_htdemucs_ft.mp3
INFO:audio_separator.separator.separator:Using input subtype for output: MPEG_LAYER_III
DEBUG:audio_separator.separator.separator:Audio data shape for soundfile: (7948288, 2)
DEBUG:audio_separator.separator.separator:Exported audio file successfully to C:\Users\justin\Dropbox\stems\leavintrunk\
07 - The Black Keys - The Big Come Up - 07 - Leavin' Trunk_(Other)_htdemucs_ft.mp3 with subtype MPEG_LAYER_III
DEBUG:audio_separator.separator.separator:Finalizing Vocals stem processing and writing audio...
INFO:audio_separator.separator.separator:Audio duration is 0.05 hours (180.23 seconds).
WARNING:audio_separator.separator.separator:Using soundfile for writing.
DEBUG:audio_separator.separator.separator:Entering write_audio_soundfile with stem_path: 07 - The Black Keys - The Big C
ome Up - 07 - Leavin' Trunk_(Vocals)_htdemucs_ft.mp3
INFO:audio_separator.separator.separator:Using input subtype for output: MPEG_LAYER_III
DEBUG:audio_separator.separator.separator:Audio data shape for soundfile: (7948288, 2)
DEBUG:audio_separator.separator.separator:Exported audio file successfully to C:\Users\justin\Dropbox\stems\leavintrunk\
07 - The Black Keys - The Big Come Up - 07 - Leavin' Trunk_(Vocals)_htdemucs_ft.mp3 with subtype MPEG_LAYER_III
DEBUG:audio_separator.separator.separator:Running garbage collection...
INFO:audio_separator.separator.separator:Clearing input audio file paths, sources and stems...
DEBUG:audio_separator.separator.separator:Separation process completed.
INFO:audio_separator.separator.separator:Separation duration: 00:17:48
Successfully processed 'E:\shorter_term_storage\Music\IncomingMusic\07 - The Black Keys - The Big Come Up - 07 - Leavin'
 Trunk.mp3'. All default stems saved to 'C:\Users\justin\Dropbox\stems\leavintrunk'
DEBUG:root:[process_audio_file] all_output_files reported by separator: ["07 - The Black Keys - The Big Come Up - 07 - L
eavin' Trunk_(Bass)_htdemucs_ft.mp3", "07 - The Black Keys - The Big Come Up - 07 - Leavin' Trunk_(Drums)_htdemucs_ft.mp
3", "07 - The Black Keys - The Big Come Up - 07 - Leavin' Trunk_(Other)_htdemucs_ft.mp3", "07 - The Black Keys - The Big
 Come Up - 07 - Leavin' Trunk_(Vocals)_htdemucs_ft.mp3"]
DEBUG:root:[process_audio_file] Files found in output directory 'C:\Users\justin\Dropbox\stems\leavintrunk': ["C:\\Users
\\justin\\Dropbox\\stems\\leavintrunk\\07 - The Black Keys - The Big Come Up - 07 - Leavin' Trunk_(Bass)_htdemucs_ft.mp3
", "C:\\Users\\justin\\Dropbox\\stems\\leavintrunk\\07 - The Black Keys - The Big Come Up - 07 - Leavin' Trunk_(Drums)_h
tdemucs_ft.mp3", "C:\\Users\\justin\\Dropbox\\stems\\leavintrunk\\07 - The Black Keys - The Big Come Up - 07 - Leavin' T
runk_(Other)_htdemucs_ft.mp3", "C:\\Users\\justin\\Dropbox\\stems\\leavintrunk\\07 - The Black Keys - The Big Come Up -
07 - Leavin' Trunk_(Vocals)_htdemucs_ft.mp3"]
Processing custom stem output request: ['drums', 'vocals+bass+other']
DEBUG:root:[_get_stem_path_by_type] Searching for stem 'drums' in list of files.
DEBUG:root:  [_get_stem_path_by_type] Checking file: '07 - The Black Keys - The Big Come Up - 07 - Leavin' Trunk_(Bass)_
htdemucs_ft.mp3'
DEBUG:root:    [_get_stem_path_by_type] Extracted stem name: 'bass' from '07 - The Black Keys - The Big Come Up - 07 - L
eavin' Trunk_(Bass)_htdemucs_ft.mp3'
DEBUG:root:  [_get_stem_path_by_type] Checking file: '07 - The Black Keys - The Big Come Up - 07 - Leavin' Trunk_(Drums)
_htdemucs_ft.mp3'
DEBUG:root:    [_get_stem_path_by_type] Extracted stem name: 'drums' from '07 - The Black Keys - The Big Come Up - 07 -
Leavin' Trunk_(Drums)_htdemucs_ft.mp3'
DEBUG:root:    [_get_stem_path_by_type] Match found for 'drums': 'C:\Users\justin\Dropbox\stems\leavintrunk\07 - The Bla
ck Keys - The Big Come Up - 07 - Leavin' Trunk_(Drums)_htdemucs_ft.mp3'
Keeping single stem: drums
DEBUG:root:[_get_stem_path_by_type] Searching for stem 'vocals' in list of files.
DEBUG:root:  [_get_stem_path_by_type] Checking file: '07 - The Black Keys - The Big Come Up - 07 - Leavin' Trunk_(Bass)_
htdemucs_ft.mp3'
DEBUG:root:    [_get_stem_path_by_type] Extracted stem name: 'bass' from '07 - The Black Keys - The Big Come Up - 07 - L
eavin' Trunk_(Bass)_htdemucs_ft.mp3'
DEBUG:root:  [_get_stem_path_by_type] Checking file: '07 - The Black Keys - The Big Come Up - 07 - Leavin' Trunk_(Drums)
_htdemucs_ft.mp3'
DEBUG:root:    [_get_stem_path_by_type] Extracted stem name: 'drums' from '07 - The Black Keys - The Big Come Up - 07 -
Leavin' Trunk_(Drums)_htdemucs_ft.mp3'
DEBUG:root:  [_get_stem_path_by_type] Checking file: '07 - The Black Keys - The Big Come Up - 07 - Leavin' Trunk_(Other)
_htdemucs_ft.mp3'
DEBUG:root:    [_get_stem_path_by_type] Extracted stem name: 'other' from '07 - The Black Keys - The Big Come Up - 07 -
Leavin' Trunk_(Other)_htdemucs_ft.mp3'
DEBUG:root:  [_get_stem_path_by_type] Checking file: '07 - The Black Keys - The Big Come Up - 07 - Leavin' Trunk_(Vocals
)_htdemucs_ft.mp3'
DEBUG:root:    [_get_stem_path_by_type] Extracted stem name: 'vocals' from '07 - The Black Keys - The Big Come Up - 07 -
 Leavin' Trunk_(Vocals)_htdemucs_ft.mp3'
DEBUG:root:    [_get_stem_path_by_type] Match found for 'vocals': 'C:\Users\justin\Dropbox\stems\leavintrunk\07 - The Bl
ack Keys - The Big Come Up - 07 - Leavin' Trunk_(Vocals)_htdemucs_ft.mp3'
DEBUG:root:[_get_stem_path_by_type] Searching for stem 'bass' in list of files.
DEBUG:root:  [_get_stem_path_by_type] Checking file: '07 - The Black Keys - The Big Come Up - 07 - Leavin' Trunk_(Bass)_
htdemucs_ft.mp3'
DEBUG:root:    [_get_stem_path_by_type] Extracted stem name: 'bass' from '07 - The Black Keys - The Big Come Up - 07 - L
eavin' Trunk_(Bass)_htdemucs_ft.mp3'
DEBUG:root:    [_get_stem_path_by_type] Match found for 'bass': 'C:\Users\justin\Dropbox\stems\leavintrunk\07 - The Blac
k Keys - The Big Come Up - 07 - Leavin' Trunk_(Bass)_htdemucs_ft.mp3'
DEBUG:root:[_get_stem_path_by_type] Searching for stem 'other' in list of files.
DEBUG:root:  [_get_stem_path_by_type] Checking file: '07 - The Black Keys - The Big Come Up - 07 - Leavin' Trunk_(Bass)_
htdemucs_ft.mp3'
DEBUG:root:    [_get_stem_path_by_type] Extracted stem name: 'bass' from '07 - The Black Keys - The Big Come Up - 07 - L
eavin' Trunk_(Bass)_htdemucs_ft.mp3'
DEBUG:root:  [_get_stem_path_by_type] Checking file: '07 - The Black Keys - The Big Come Up - 07 - Leavin' Trunk_(Drums)
_htdemucs_ft.mp3'
DEBUG:root:    [_get_stem_path_by_type] Extracted stem name: 'drums' from '07 - The Black Keys - The Big Come Up - 07 -
Leavin' Trunk_(Drums)_htdemucs_ft.mp3'
DEBUG:root:  [_get_stem_path_by_type] Checking file: '07 - The Black Keys - The Big Come Up - 07 - Leavin' Trunk_(Other)
_htdemucs_ft.mp3'
DEBUG:root:    [_get_stem_path_by_type] Extracted stem name: 'other' from '07 - The Black Keys - The Big Come Up - 07 -
Leavin' Trunk_(Other)_htdemucs_ft.mp3'
DEBUG:root:    [_get_stem_path_by_type] Match found for 'other': 'C:\Users\justin\Dropbox\stems\leavintrunk\07 - The Bla
ck Keys - The Big Come Up - 07 - Leavin' Trunk_(Other)_htdemucs_ft.mp3'
Mixing 3 stems for 'vocals+bass+other'...
DEBUG:pydub.converter:subprocess.call(['ffmpeg', '-y', '-i', "C:\\Users\\justin\\Dropbox\\stems\\leavintrunk\\07 - The B
lack Keys - The Big Come Up - 07 - Leavin' Trunk_(Vocals)_htdemucs_ft.mp3", '-acodec', 'pcm_s16le', '-vn', '-f', 'wav',
'-'])
DEBUG:pydub.converter:subprocess.call(['ffmpeg', '-y', '-i', "C:\\Users\\justin\\Dropbox\\stems\\leavintrunk\\07 - The B
lack Keys - The Big Come Up - 07 - Leavin' Trunk_(Bass)_htdemucs_ft.mp3", '-acodec', 'pcm_s16le', '-vn', '-f', 'wav', '-
'])
DEBUG:pydub.converter:subprocess.call(['ffmpeg', '-y', '-i', "C:\\Users\\justin\\Dropbox\\stems\\leavintrunk\\07 - The B
lack Keys - The Big Come Up - 07 - Leavin' Trunk_(Other)_htdemucs_ft.mp3", '-acodec', 'pcm_s16le', '-vn', '-f', 'wav', '
-'])
DEBUG:pydub.converter:subprocess.call(['ffmpeg', '-y', '-f', 'wav', '-i', 'C:\\Users\\justin\\AppData\\Local\\Temp\\tmpn
tn3043d', '-b:a', '256k', '-f', 'mp3', 'C:\\Users\\justin\\AppData\\Local\\Temp\\tmpia6nvajj'])
DEBUG:pydub.converter:subprocess output: b'ffmpeg version 2026-05-06-git-f2e5eff3ff-essentials_build-www.gyan.dev Copyri
ght (c) 2000-2026 the FFmpeg developers'
DEBUG:pydub.converter:subprocess output: b'  built with gcc 15.2.0 (Rev13, Built by MSYS2 project)'
DEBUG:pydub.converter:subprocess output: b'  configuration: --enable-gpl --enable-version3 --enable-static --disable-w32
threads --disable-autodetect --enable-cairo --enable-fontconfig --enable-iconv --enable-gnutls --enable-libxml2 --enable
-gmp --enable-bzlib --enable-lzma --enable-zlib --enable-libsrt --enable-libssh --enable-libzmq --enable-avisynth --enab
le-sdl2 --enable-libwebp --enable-libx264 --enable-libx265 --enable-libxvid --enable-libaom --enable-libopenjpeg --enabl
e-libvpx --enable-mediafoundation --enable-libass --enable-libfreetype --enable-libfribidi --enable-libharfbuzz --enable
-libvidstab --enable-libvmaf --enable-libzimg --enable-amf --enable-cuda-llvm --enable-cuvid --enable-dxva2 --enable-d3d
11va --enable-d3d12va --enable-ffnvcodec --enable-libvpl --enable-nvdec --enable-nvenc --enable-vaapi --enable-openal --
enable-libgme --enable-libopenmpt --enable-libopencore-amrwb --enable-libmp3lame --enable-libtheora --enable-libvo-amrwb
enc --enable-libgsm --enable-libopencore-amrnb --enable-libopus --enable-libspeex --enable-libvorbis --enable-librubberb
and'
DEBUG:pydub.converter:subprocess output: b'  libavutil      60. 30.100 / 60. 30.100'
DEBUG:pydub.converter:subprocess output: b'  libavcodec     62. 30.100 / 62. 30.100'
DEBUG:pydub.converter:subprocess output: b'  libavformat    62. 15.100 / 62. 15.100'
DEBUG:pydub.converter:subprocess output: b'  libavdevice    62.  4.100 / 62.  4.100'
DEBUG:pydub.converter:subprocess output: b'  libavfilter    11. 17.100 / 11. 17.100'
DEBUG:pydub.converter:subprocess output: b'  libswscale      9.  7.100 /  9.  7.100'
DEBUG:pydub.converter:subprocess output: b'  libswresample   6.  4.100 /  6.  4.100'
DEBUG:pydub.converter:subprocess output: b'[aist#0:0/pcm_s16le @ 000001e1626c8f00] Guessed Channel Layout: stereo'
DEBUG:pydub.converter:subprocess output: b"Input #0, wav, from 'C:\\Users\\justin\\AppData\\Local\\Temp\\tmpntn3043d':"
DEBUG:pydub.converter:subprocess output: b'  Duration: 00:03:00.23, bitrate: 1411 kb/s'
DEBUG:pydub.converter:subprocess output: b'  Stream #0:0: Audio: pcm_s16le ([1][0][0][0] / 0x0001), 44100 Hz, stereo, s1
6, 1411 kb/s'
DEBUG:pydub.converter:subprocess output: b'Stream mapping:'
DEBUG:pydub.converter:subprocess output: b'  Stream #0:0 -> #0:0 (pcm_s16le (native) -> mp3 (libmp3lame))'
DEBUG:pydub.converter:subprocess output: b'Press [q] to stop, [?] for help'
DEBUG:pydub.converter:subprocess output: b"Output #0, mp3, to 'C:\\Users\\justin\\AppData\\Local\\Temp\\tmpia6nvajj':"
DEBUG:pydub.converter:subprocess output: b'  Metadata:'
DEBUG:pydub.converter:subprocess output: b'    TSSE            : Lavf62.15.100'
DEBUG:pydub.converter:subprocess output: b'  Stream #0:0: Audio: mp3, 44100 Hz, stereo, s16p, 256 kb/s'
DEBUG:pydub.converter:subprocess output: b'    Metadata:'
DEBUG:pydub.converter:subprocess output: b'      encoder         : Lavc62.30.100 libmp3lame'
DEBUG:pydub.converter:subprocess output: b'size=     768KiB time=00:00:29.04 bitrate= 216.6kbits/s speed=57.2x elapsed=0
:00:00.50'
DEBUG:pydub.converter:subprocess output: b'size=    1792KiB time=00:00:58.25 bitrate= 252.0kbits/s speed=56.8x elapsed=0
:00:01.02'
DEBUG:pydub.converter:subprocess output: b'size=    2560KiB time=00:01:28.47 bitrate= 237.0kbits/s speed=57.5x elapsed=0
:00:01.53'
DEBUG:pydub.converter:subprocess output: b'size=    3584KiB time=00:01:58.49 bitrate= 247.8kbits/s speed=57.7x elapsed=0
:00:02.05'
DEBUG:pydub.converter:subprocess output: b'size=    4352KiB time=00:02:26.99 bitrate= 242.5kbits/s speed=57.2x elapsed=0
:00:02.57'
DEBUG:pydub.converter:subprocess output: b'size=    5376KiB time=00:02:56.24 bitrate= 249.9kbits/s speed=57.1x elapsed=0
:00:03.08'
DEBUG:pydub.converter:subprocess output: b'[out#0/mp3 @ 000001e1626758c0] video:0KiB audio:5633KiB subtitle:0KiB other s
treams:0KiB global headers:0KiB muxing overhead: 0.015255%'
DEBUG:pydub.converter:subprocess output: b'size=    5634KiB time=00:03:00.23 bitrate= 256.1kbits/s speed=57.1x elapsed=0
:00:03.15'
Successfully created mixed track: C:\Users\justin\Dropbox\stems\leavintrunk\07 - The Black Keys - The Big Come Up - 07 -
 Leavin' Trunk_(vocals_bass_other).mp3
Final output files for '07 - The Black Keys - The Big Come Up - 07 - Leavin' Trunk': ["C:\\Users\\justin\\Dropbox\\stems
\\leavintrunk\\07 - The Black Keys - The Big Come Up - 07 - Leavin' Trunk_(Drums)_htdemucs_ft.mp3", "C:\\Users\\justin\\
Dropbox\\stems\\leavintrunk\\07 - The Black Keys - The Big Come Up - 07 - Leavin' Trunk_(vocals_bass_other).mp3"]

All tasks in the queue have been processed.
Python script finished successfully.
Script finished.
**********************
Windows PowerShell transcript end
End time: 20260511114011
**********************
