**********************
Windows PowerShell transcript start
Start time: 20260510012838
Username: DESKTOP-HS8GE90\justin
RunAs User: DESKTOP-HS8GE90\justin
Configuration Name: 
Machine: DESKTOP-HS8GE90 (Microsoft Windows NT 10.0.19045.0)
Host Application: powershell.exe -NoProfile -ExecutionPolicy Bypass -File C:\Users\justin\Documents\Coding\stemqueue\run_stemqueue.ps1
Process ID: 9124
PSVersion: 5.1.19041.6456
PSEdition: Desktop
PSCompatibleVersions: 1.0, 2.0, 3.0, 4.0, 5.0, 5.1.19041.6456
BuildVersion: 10.0.19041.6456
CLRVersion: 4.0.30319.42000
WSManStackVersion: 3.0
PSRemotingProtocolVersion: 2.3
SerializationVersion: 1.1.0.1
**********************
Transcript started, output file is C:\Users\justin\Documents\Coding\stemqueue\run_log_20260510_012838.log
Current working directory: C:\WINDOWS\system32
Current working directory (after Set-Location): C:\Users\justin\Documents\Coding\stemqueue
Activating virtual environment...
Virtual environment activated.
Checking for audio-separator installation and upgrading to latest version...
Requirement already satisfied: audio-separator in c:\users\justin\documents\coding\stemqueue\venv\lib\site-packages (0.4
4.1)
Requirement already satisfied: diffq-fixed>=0.2 in c:\users\justin\documents\coding\stemqueue\venv\lib\site-packages (fr
om audio-separator) (0.2.4)
Requirement already satisfied: julius>=0.2 in c:\users\justin\documents\coding\stemqueue\venv\lib\site-packages (from au
dio-separator) (0.2.7)
Requirement already satisfied: requests>=2 in c:\users\justin\documents\coding\stemqueue\venv\lib\site-packages (from au
dio-separator) (2.33.1)
Requirement already satisfied: resampy>=0.4 in c:\users\justin\documents\coding\stemqueue\venv\lib\site-packages (from a
udio-separator) (0.4.3)
Requirement already satisfied: soundfile>=0.12 in c:\users\justin\documents\coding\stemqueue\venv\lib\site-packages (fro
m audio-separator) (0.13.1)
Requirement already satisfied: tqdm in c:\users\justin\documents\coding\stemqueue\venv\lib\site-packages (from audio-sep
arator) (4.67.3)
Requirement already satisfied: torch>=2.3 in c:\users\justin\documents\coding\stemqueue\venv\lib\site-packages (from aud
io-separator) (2.11.0)
Requirement already satisfied: einops>=0.7 in c:\users\justin\documents\coding\stemqueue\venv\lib\site-packages (from au
dio-separator) (0.8.2)
Requirement already satisfied: librosa>=0.10 in c:\users\justin\documents\coding\stemqueue\venv\lib\site-packages (from
audio-separator) (0.11.0)
Requirement already satisfied: rotary-embedding-torch<0.7.0,>=0.6.1 in c:\users\justin\documents\coding\stemqueue\venv\l
ib\site-packages (from audio-separator) (0.6.5)
Requirement already satisfied: pyyaml in c:\users\justin\documents\coding\stemqueue\venv\lib\site-packages (from audio-s
eparator) (6.0.3)
Requirement already satisfied: onnx-weekly in c:\users\justin\documents\coding\stemqueue\venv\lib\site-packages (from au
dio-separator) (1.22.0.dev20260504)
Requirement already satisfied: onnx2torch-py313>=1.6 in c:\users\justin\documents\coding\stemqueue\venv\lib\site-package
s (from audio-separator) (1.6.0)
Requirement already satisfied: ml_collections in c:\users\justin\documents\coding\stemqueue\venv\lib\site-packages (from
 audio-separator) (1.1.0)
Requirement already satisfied: samplerate==0.1.0 in c:\users\justin\documents\coding\stemqueue\venv\lib\site-packages (f
rom audio-separator) (0.1.0)
Requirement already satisfied: numpy>=2 in c:\users\justin\documents\coding\stemqueue\venv\lib\site-packages (from audio
-separator) (2.2.6)
Requirement already satisfied: beartype<0.19.0,>=0.18.5 in c:\users\justin\documents\coding\stemqueue\venv\lib\site-pack
ages (from audio-separator) (0.18.5)
Requirement already satisfied: six>=1.16 in c:\users\justin\documents\coding\stemqueue\venv\lib\site-packages (from audi
o-separator) (1.17.0)
Requirement already satisfied: pydub>=0.25 in c:\users\justin\documents\coding\stemqueue\venv\lib\site-packages (from au
dio-separator) (0.25.1)
Requirement already satisfied: scipy<2.0.0,>=1.13.0 in c:\users\justin\documents\coding\stemqueue\venv\lib\site-packages
 (from audio-separator) (1.15.3)
Requirement already satisfied: cffi>=1.0.0 in c:\users\justin\documents\coding\stemqueue\venv\lib\site-packages (from sa
mplerate==0.1.0->audio-separator) (2.0.0)
Requirement already satisfied: Cython in c:\users\justin\documents\coding\stemqueue\venv\lib\site-packages (from diffq-f
ixed>=0.2->audio-separator) (3.2.4)
Requirement already satisfied: typing_extensions>=4.1.1 in c:\users\justin\documents\coding\stemqueue\venv\lib\site-pack
ages (from librosa>=0.10->audio-separator) (4.15.0)
Requirement already satisfied: scikit-learn>=1.1.0 in c:\users\justin\documents\coding\stemqueue\venv\lib\site-packages
(from librosa>=0.10->audio-separator) (1.7.2)
Requirement already satisfied: audioread>=2.1.9 in c:\users\justin\documents\coding\stemqueue\venv\lib\site-packages (fr
om librosa>=0.10->audio-separator) (3.1.0)
Requirement already satisfied: numba>=0.51.0 in c:\users\justin\documents\coding\stemqueue\venv\lib\site-packages (from
librosa>=0.10->audio-separator) (0.65.1)
Requirement already satisfied: joblib>=1.0 in c:\users\justin\documents\coding\stemqueue\venv\lib\site-packages (from li
brosa>=0.10->audio-separator) (1.5.3)
Requirement already satisfied: lazy_loader>=0.1 in c:\users\justin\documents\coding\stemqueue\venv\lib\site-packages (fr
om librosa>=0.10->audio-separator) (0.5)
Requirement already satisfied: decorator>=4.3.0 in c:\users\justin\documents\coding\stemqueue\venv\lib\site-packages (fr
om librosa>=0.10->audio-separator) (5.2.1)
Requirement already satisfied: soxr>=0.3.2 in c:\users\justin\documents\coding\stemqueue\venv\lib\site-packages (from li
brosa>=0.10->audio-separator) (1.1.0)
Requirement already satisfied: pooch>=1.1 in c:\users\justin\documents\coding\stemqueue\venv\lib\site-packages (from lib
rosa>=0.10->audio-separator) (1.9.0)
Requirement already satisfied: msgpack>=1.0 in c:\users\justin\documents\coding\stemqueue\venv\lib\site-packages (from l
ibrosa>=0.10->audio-separator) (1.1.2)
Requirement already satisfied: torchvision>=0.9.0 in c:\users\justin\documents\coding\stemqueue\venv\lib\site-packages (
from onnx2torch-py313>=1.6->audio-separator) (0.26.0)
Requirement already satisfied: urllib3<3,>=1.26 in c:\users\justin\documents\coding\stemqueue\venv\lib\site-packages (fr
om requests>=2->audio-separator) (2.7.0)
Requirement already satisfied: idna<4,>=2.5 in c:\users\justin\documents\coding\stemqueue\venv\lib\site-packages (from r
equests>=2->audio-separator) (3.13)
Requirement already satisfied: certifi>=2023.5.7 in c:\users\justin\documents\coding\stemqueue\venv\lib\site-packages (f
rom requests>=2->audio-separator) (2026.4.22)
Requirement already satisfied: charset_normalizer<4,>=2 in c:\users\justin\documents\coding\stemqueue\venv\lib\site-pack
ages (from requests>=2->audio-separator) (3.4.7)
Requirement already satisfied: fsspec>=0.8.5 in c:\users\justin\documents\coding\stemqueue\venv\lib\site-packages (from
torch>=2.3->audio-separator) (2026.4.0)
Requirement already satisfied: filelock in c:\users\justin\documents\coding\stemqueue\venv\lib\site-packages (from torch
>=2.3->audio-separator) (3.29.0)
Requirement already satisfied: jinja2 in c:\users\justin\documents\coding\stemqueue\venv\lib\site-packages (from torch>=
2.3->audio-separator) (3.1.6)
Requirement already satisfied: networkx>=2.5.1 in c:\users\justin\documents\coding\stemqueue\venv\lib\site-packages (fro
m torch>=2.3->audio-separator) (3.4.2)
Requirement already satisfied: setuptools<82 in c:\users\justin\documents\coding\stemqueue\venv\lib\site-packages (from
torch>=2.3->audio-separator) (65.5.0)
Requirement already satisfied: sympy>=1.13.3 in c:\users\justin\documents\coding\stemqueue\venv\lib\site-packages (from
torch>=2.3->audio-separator) (1.14.0)
Requirement already satisfied: absl-py in c:\users\justin\documents\coding\stemqueue\venv\lib\site-packages (from ml_col
lections->audio-separator) (2.4.0)
Requirement already satisfied: ml_dtypes>=0.5.0 in c:\users\justin\documents\coding\stemqueue\venv\lib\site-packages (fr
om onnx-weekly->audio-separator) (0.5.4)
Requirement already satisfied: protobuf>=4.25.1 in c:\users\justin\documents\coding\stemqueue\venv\lib\site-packages (fr
om onnx-weekly->audio-separator) (7.34.1)
Requirement already satisfied: colorama in c:\users\justin\documents\coding\stemqueue\venv\lib\site-packages (from tqdm-
>audio-separator) (0.4.6)
Requirement already satisfied: pycparser in c:\users\justin\documents\coding\stemqueue\venv\lib\site-packages (from cffi
>=1.0.0->samplerate==0.1.0->audio-separator) (3.0)
Requirement already satisfied: packaging in c:\users\justin\documents\coding\stemqueue\venv\lib\site-packages (from lazy
_loader>=0.1->librosa>=0.10->audio-separator) (26.2)
Requirement already satisfied: llvmlite<0.48,>=0.47.0dev0 in c:\users\justin\documents\coding\stemqueue\venv\lib\site-pa
ckages (from numba>=0.51.0->librosa>=0.10->audio-separator) (0.47.0)
Requirement already satisfied: platformdirs>=2.5.0 in c:\users\justin\documents\coding\stemqueue\venv\lib\site-packages
(from pooch>=1.1->librosa>=0.10->audio-separator) (4.9.6)
Requirement already satisfied: threadpoolctl>=3.1.0 in c:\users\justin\documents\coding\stemqueue\venv\lib\site-packages
 (from scikit-learn>=1.1.0->librosa>=0.10->audio-separator) (3.6.0)
Requirement already satisfied: mpmath<1.4,>=1.1.0 in c:\users\justin\documents\coding\stemqueue\venv\lib\site-packages (
from sympy>=1.13.3->torch>=2.3->audio-separator) (1.3.0)
Requirement already satisfied: pillow!=8.3.*,>=5.3.0 in c:\users\justin\documents\coding\stemqueue\venv\lib\site-package
s (from torchvision>=0.9.0->onnx2torch-py313>=1.6->audio-separator) (12.2.0)
Requirement already satisfied: MarkupSafe>=2.0 in c:\users\justin\documents\coding\stemqueue\venv\lib\site-packages (fro
m jinja2->torch>=2.3->audio-separator) (3.0.3)

[notice] A new release of pip is available: 23.0.1 -> 26.1.1
[notice] To update, run: python.exe -m pip install --upgrade pip
audio-separator installed/upgraded successfully.
Checking for onnxruntime installation...

onnxruntime is already installed.
WARNING: FFmpeg bin path not found at 'C:\ffmpeg\ffmpeg-master-latest-win64-gpl\bin'. Please verify your FFmpeg installation and update the script if necessary.
Starting audio separation process...
Python executable: C:\Users\justin\Documents\Coding\stemqueue\venv\Scripts\python.exe
Main script: main.py
Queue file: task_queue.json
Successfully loaded queue from task_queue.json
Starting audio separation queue with 2 tasks...

--- Task 1/2 ---
Processing 'E:\shorter_term_storage\Music\Phish\A Picture of Nectar\06 Manteca.mp3' with model 'htdemucs_ft'...
Error processing 'E:\shorter_term_storage\Music\Phish\A Picture of Nectar\06 Manteca.mp3': Separator.__init__() got an u
nexpected keyword argument 'stems'
Traceback (most recent call last):
  File "C:\Users\justin\Documents\Coding\stemqueue\main.py", line 52, in process_audio_file
    separator = Separator(
TypeError: Separator.__init__() got an unexpected keyword argument 'stems'

--- Task 2/2 ---
Processing 'E:\shorter_term_storage\Music\IncomingMusic\07 - The Black Keys - The Big Come Up - 07 - Leavin' Trunk.mp3'
with model 'htdemucs_ft'...
Error processing 'E:\shorter_term_storage\Music\IncomingMusic\07 - The Black Keys - The Big Come Up - 07 - Leavin' Trunk
.mp3': Separator.__init__() got an unexpected keyword argument 'stems'
Traceback (most recent call last):
  File "C:\Users\justin\Documents\Coding\stemqueue\main.py", line 52, in process_audio_file
    separator = Separator(
TypeError: Separator.__init__() got an unexpected keyword argument 'stems'

All tasks in the queue have been processed.
Python script finished successfully.
Script finished.
