**********************
Windows PowerShell transcript start
Start time: 20260510014332
Username: DESKTOP-HS8GE90\justin
RunAs User: DESKTOP-HS8GE90\justin
Configuration Name: 
Machine: DESKTOP-HS8GE90 (Microsoft Windows NT 10.0.19045.0)
Host Application: powershell.exe -NoProfile -ExecutionPolicy Bypass -File C:\Users\justin\Documents\Coding\stemqueue\run_stemqueue.ps1
Process ID: 11848
PSVersion: 5.1.19041.6456
PSEdition: Desktop
PSCompatibleVersions: 1.0, 2.0, 3.0, 4.0, 5.0, 5.1.19041.6456
BuildVersion: 10.0.19041.6456
CLRVersion: 4.0.30319.42000
WSManStackVersion: 3.0
PSRemotingProtocolVersion: 2.3
SerializationVersion: 1.1.0.1
**********************
Transcript started, output file is C:\Users\justin\Documents\Coding\stemqueue\run_log_20260510_014332.log
Current working directory: C:\WINDOWS\system32
Current working directory (after Set-Location): C:\Users\justin\Documents\Coding\stemqueue
Activating virtual environment...
Virtual environment activated.
Upgrading pip within the virtual environment...
Requirement already satisfied: pip in .\venv\lib\site-packages (26.1.1)
pip upgraded successfully.
Attempting to force reinstall audio-separator to version 0.46.0...
ERROR: Could not find a version that satisfies the requirement audio-separator==0.46.0 (from versions: 0.1.0, 0.1.1, 0.1
.2, 0.1.3, 0.1.4, 0.1.5, 0.2.0, 0.2.1, 0.2.2, 0.2.3, 0.3.1, 0.3.2, 0.3.3, 0.3.4, 0.4.1, 0.5.1, 0.6.1, 0.6.2, 0.6.3, 0.6.
4, 0.7.1, 0.7.2, 0.7.3, 0.8.0, 0.8.1, 0.9.0, 0.9.1, 0.9.2, 0.9.3, 0.9.4, 0.9.5, 0.9.6, 0.10.0, 0.10.1, 0.10.2, 0.10.3, 0
.10.4, 0.10.5, 0.11.0, 0.11.1, 0.11.2, 0.11.3, 0.11.4, 0.11.5, 0.11.6, 0.11.7, 0.12.0, 0.12.1, 0.12.2, 0.12.3, 0.13.0, 0
.13.1, 0.14.0, 0.14.1, 0.14.2, 0.14.3, 0.14.4, 0.14.5, 0.15.0, 0.15.1, 0.15.2, 0.15.3, 0.16.0, 0.16.1, 0.16.2, 0.16.3, 0
.16.4, 0.16.5, 0.16.6, 0.17.0, 0.17.1, 0.17.2, 0.17.3, 0.17.4, 0.17.5, 0.17.6, 0.18.0, 0.18.1, 0.18.2, 0.18.3, 0.19.0, 0
.19.1, 0.19.2, 0.19.3, 0.19.4, 0.20.0, 0.21.0, 0.21.1, 0.21.2, 0.22.0, 0.23.0, 0.24.0, 0.24.1, 0.24.3, 0.24.4, 0.25.0, 0
.25.1, 0.27.0, 0.27.1, 0.28.0, 0.28.1, 0.28.2, 0.28.3, 0.28.4, 0.28.5, 0.29.0, 0.30.0, 0.30.1, 0.30.2, 0.31.0, 0.31.1, 0
.31.2, 0.31.3, 0.32.0, 0.33.0, 0.34.0, 0.34.1, 0.35.0, 0.35.1, 0.35.2, 0.36.0, 0.36.1, 0.37.0, 0.37.1, 0.38.0, 0.38.1, 0
.39.0, 0.39.1, 0.40.0, 0.41.0, 0.41.1, 0.42.0, 0.42.1, 0.43.0, 0.43.1, 0.44.0, 0.44.1)
ERROR: No matching distribution found for audio-separator==0.46.0
Error force reinstalling audio-separator 0.46.0. Exiting.
**********************
Windows PowerShell transcript end
End time: 20260510014336
**********************
