**********************
Windows PowerShell transcript start
Start time: 20260510015128
Username: DESKTOP-HS8GE90\justin
RunAs User: DESKTOP-HS8GE90\justin
Configuration Name: 
Machine: DESKTOP-HS8GE90 (Microsoft Windows NT 10.0.19045.0)
Host Application: powershell.exe -NoProfile -ExecutionPolicy Bypass -File C:\Users\justin\Documents\Coding\stemqueue\run_stemqueue.ps1
Process ID: 21424
PSVersion: 5.1.19041.6456
PSEdition: Desktop
PSCompatibleVersions: 1.0, 2.0, 3.0, 4.0, 5.0, 5.1.19041.6456
BuildVersion: 10.0.19041.6456
CLRVersion: 4.0.30319.42000
WSManStackVersion: 3.0
PSRemotingProtocolVersion: 2.3
SerializationVersion: 1.1.0.1
**********************
Transcript started, output file is C:\Users\justin\Documents\Coding\stemqueue\run_log_20260510_015128.log
Current working directory: C:\WINDOWS\system32
Current working directory (after Set-Location): C:\Users\justin\Documents\Coding\stemqueue
Activating virtual environment...
Virtual environment activated.
Upgrading pip within the virtual environment...
Requirement already satisfied: pip in .\venv\lib\site-packages (26.1.1)
pip upgraded successfully.
Attempting to install/upgrade audio-separator to the latest available version...
Requirement already satisfied: audio-separator in .\venv\lib\site-packages (0.44.1)
Requirement already satisfied: beartype<0.19.0,>=0.18.5 in .\venv\lib\site-packages (from audio-separator) (0.18.5)
Requirement already satisfied: diffq-fixed>=0.2 in .\venv\lib\site-packages (from audio-separator) (0.2.4)
Requirement already satisfied: einops>=0.7 in .\venv\lib\site-packages (from audio-separator) (0.8.2)
Requirement already satisfied: julius>=0.2 in .\venv\lib\site-packages (from audio-separator) (0.2.7)
Requirement already satisfied: librosa>=0.10 in .\venv\lib\site-packages (from audio-separator) (0.11.0)
Requirement already satisfied: ml_collections in .\venv\lib\site-packages (from audio-separator) (1.1.0)
Requirement already satisfied: numpy>=2 in .\venv\lib\site-packages (from audio-separator) (2.2.6)
Requirement already satisfied: onnx-weekly in .\venv\lib\site-packages (from audio-separator) (1.22.0.dev20260504)
Requirement already satisfied: onnx2torch-py313>=1.6 in .\venv\lib\site-packages (from audio-separator) (1.6.0)
Requirement already satisfied: pydub>=0.25 in .\venv\lib\site-packages (from audio-separator) (0.25.1)
Requirement already satisfied: pyyaml in .\venv\lib\site-packages (from audio-separator) (6.0.3)
Requirement already satisfied: requests>=2 in .\venv\lib\site-packages (from audio-separator) (2.33.1)
Requirement already satisfied: resampy>=0.4 in .\venv\lib\site-packages (from audio-separator) (0.4.3)
Requirement already satisfied: rotary-embedding-torch<0.7.0,>=0.6.1 in .\venv\lib\site-packages (from audio-separator) (
0.6.5)
Requirement already satisfied: samplerate==0.1.0 in .\venv\lib\site-packages (from audio-separator) (0.1.0)
Requirement already satisfied: scipy<2.0.0,>=1.13.0 in .\venv\lib\site-packages (from audio-separator) (1.15.3)
Requirement already satisfied: six>=1.16 in .\venv\lib\site-packages (from audio-separator) (1.17.0)
Requirement already satisfied: soundfile>=0.12 in .\venv\lib\site-packages (from audio-separator) (0.13.1)
Requirement already satisfied: torch>=2.3 in .\venv\lib\site-packages (from audio-separator) (2.11.0)
Requirement already satisfied: tqdm in .\venv\lib\site-packages (from audio-separator) (4.67.3)
Requirement already satisfied: cffi>=1.0.0 in .\venv\lib\site-packages (from samplerate==0.1.0->audio-separator) (2.0.0)

Requirement already satisfied: pycparser in .\venv\lib\site-packages (from cffi>=1.0.0->samplerate==0.1.0->audio-separat
or) (3.0)
Requirement already satisfied: Cython in .\venv\lib\site-packages (from diffq-fixed>=0.2->audio-separator) (3.2.4)
Requirement already satisfied: audioread>=2.1.9 in .\venv\lib\site-packages (from librosa>=0.10->audio-separator) (3.1.0
)
Requirement already satisfied: numba>=0.51.0 in .\venv\lib\site-packages (from librosa>=0.10->audio-separator) (0.65.1)
Requirement already satisfied: scikit-learn>=1.1.0 in .\venv\lib\site-packages (from librosa>=0.10->audio-separator) (1.
7.2)
Requirement already satisfied: joblib>=1.0 in .\venv\lib\site-packages (from librosa>=0.10->audio-separator) (1.5.3)
Requirement already satisfied: decorator>=4.3.0 in .\venv\lib\site-packages (from librosa>=0.10->audio-separator) (5.2.1
)
Requirement already satisfied: pooch>=1.1 in .\venv\lib\site-packages (from librosa>=0.10->audio-separator) (1.9.0)
Requirement already satisfied: soxr>=0.3.2 in .\venv\lib\site-packages (from librosa>=0.10->audio-separator) (1.1.0)
Requirement already satisfied: typing_extensions>=4.1.1 in .\venv\lib\site-packages (from librosa>=0.10->audio-separator
) (4.15.0)
Requirement already satisfied: lazy_loader>=0.1 in .\venv\lib\site-packages (from librosa>=0.10->audio-separator) (0.5)
Requirement already satisfied: msgpack>=1.0 in .\venv\lib\site-packages (from librosa>=0.10->audio-separator) (1.1.2)
Requirement already satisfied: packaging in .\venv\lib\site-packages (from lazy_loader>=0.1->librosa>=0.10->audio-separa
tor) (26.2)
Requirement already satisfied: llvmlite<0.48,>=0.47.0dev0 in .\venv\lib\site-packages (from numba>=0.51.0->librosa>=0.10
->audio-separator) (0.47.0)
Requirement already satisfied: torchvision>=0.9.0 in .\venv\lib\site-packages (from onnx2torch-py313>=1.6->audio-separat
or) (0.26.0)
Requirement already satisfied: platformdirs>=2.5.0 in .\venv\lib\site-packages (from pooch>=1.1->librosa>=0.10->audio-se
parator) (4.9.6)
Requirement already satisfied: charset_normalizer<4,>=2 in .\venv\lib\site-packages (from requests>=2->audio-separator)
(3.4.7)
Requirement already satisfied: idna<4,>=2.5 in .\venv\lib\site-packages (from requests>=2->audio-separator) (3.13)
Requirement already satisfied: urllib3<3,>=1.26 in .\venv\lib\site-packages (from requests>=2->audio-separator) (2.7.0)
Requirement already satisfied: certifi>=2023.5.7 in .\venv\lib\site-packages (from requests>=2->audio-separator) (2026.4
.22)
Requirement already satisfied: threadpoolctl>=3.1.0 in .\venv\lib\site-packages (from scikit-learn>=1.1.0->librosa>=0.10
->audio-separator) (3.6.0)
Requirement already satisfied: filelock in .\venv\lib\site-packages (from torch>=2.3->audio-separator) (3.29.0)
Requirement already satisfied: setuptools<82 in .\venv\lib\site-packages (from torch>=2.3->audio-separator) (65.5.0)
Requirement already satisfied: sympy>=1.13.3 in .\venv\lib\site-packages (from torch>=2.3->audio-separator) (1.14.0)
Requirement already satisfied: networkx>=2.5.1 in .\venv\lib\site-packages (from torch>=2.3->audio-separator) (3.4.2)
Requirement already satisfied: jinja2 in .\venv\lib\site-packages (from torch>=2.3->audio-separator) (3.1.6)
Requirement already satisfied: fsspec>=0.8.5 in .\venv\lib\site-packages (from torch>=2.3->audio-separator) (2026.4.0)
Requirement already satisfied: mpmath<1.4,>=1.1.0 in .\venv\lib\site-packages (from sympy>=1.13.3->torch>=2.3->audio-sep
arator) (1.3.0)
Requirement already satisfied: pillow!=8.3.*,>=5.3.0 in .\venv\lib\site-packages (from torchvision>=0.9.0->onnx2torch-py
313>=1.6->audio-separator) (12.2.0)
Requirement already satisfied: MarkupSafe>=2.0 in .\venv\lib\site-packages (from jinja2->torch>=2.3->audio-separator) (3
.0.3)
Requirement already satisfied: absl-py in .\venv\lib\site-packages (from ml_collections->audio-separator) (2.4.0)
Requirement already satisfied: protobuf>=4.25.1 in .\venv\lib\site-packages (from onnx-weekly->audio-separator) (7.34.1)

Requirement already satisfied: ml_dtypes>=0.5.0 in .\venv\lib\site-packages (from onnx-weekly->audio-separator) (0.5.4)
Requirement already satisfied: colorama in .\venv\lib\site-packages (from tqdm->audio-separator) (0.4.6)
audio-separator installed/upgraded successfully.
Verifying installed audio-separator version...
Installed audio-separator version:
Listing all installed packages (pip freeze):
absl-py==2.4.0
audio-separator==0.44.1
audioread==3.1.0
beartype==0.18.5
certifi==2026.4.22
cffi==2.0.0
charset-normalizer==3.4.7
colorama==0.4.6
coloredlogs==15.0.1
Cython==3.2.4
decorator==5.2.1
diffq-fixed==0.2.4
einops==0.8.2
filelock==3.29.0
flatbuffers==25.12.19
fsspec==2026.4.0
humanfriendly==10.0
idna==3.13
Jinja2==3.1.6
joblib==1.5.3
julius==0.2.7
lazy-loader==0.5
librosa==0.11.0
llvmlite==0.47.0
MarkupSafe==3.0.3
ml_collections==1.1.0
ml_dtypes==0.5.4
mpmath==1.3.0
msgpack==1.1.2
networkx==3.4.2
numba==0.65.1
numpy==2.2.6
onnx-weekly==1.22.0.dev20260504
onnx2torch-py313==1.6.0
onnxruntime==1.23.2
packaging==26.2
pillow==12.2.0
platformdirs==4.9.6
pooch==1.9.0
protobuf==7.34.1
pycparser==3.0
pydub==0.25.1
pyreadline3==3.5.4
PyYAML==6.0.3
requests==2.33.1
resampy==0.4.3
rotary-embedding-torch==0.6.5
samplerate==0.1.0
scikit-learn==1.7.2
scipy==1.15.3
six==1.17.0
soundfile==0.13.1
soxr==1.1.0
sympy==1.14.0
threadpoolctl==3.6.0
torch==2.11.0
torchvision==0.26.0
tqdm==4.67.3
typing_extensions==4.15.0
urllib3==2.7.0
Checking for onnxruntime installation...

onnxruntime is already installed.
WARNING: FFmpeg bin path not found at 'C:\ffmpeg\ffmpeg-master-latest-win64-gpl\bin'. Please verify your FFmpeg installation and update the script if necessary.
Starting audio separation process...
Python executable: C:\Users\justin\Documents\Coding\stemqueue\venv\Scripts\python.exe
Main script: main.py
Queue file: task_queue.json
Successfully loaded queue from task_queue.json
Starting audio separation queue with 2 tasks...

--- Task 1/2 ---
Processing 'E:\shorter_term_storage\Music\Phish\A Picture of Nectar\06 Manteca.mp3' with model 'htdemucs_ft'...
2026-05-10 01:51:41,866 - INFO - separator - Separator version 0.44.1 instantiating with output_dir: C:\Users\justin\Dro
pbox\stems\leavintrunk, output_format: MP3
2026-05-10 01:51:41,867 - INFO - separator - Using model directory from model_file_dir parameter: /tmp/audio-separator-m
odels/
2026-05-10 01:51:41,869 - INFO - separator - Operating System: Windows 10.0.19045
2026-05-10 01:51:41,870 - INFO - separator - System: Windows Node: DESKTOP-HS8GE90 Release: 10 Machine: AMD64 Proc: Inte
l64 Family 6 Model 60 Stepping 3, GenuineIntel
2026-05-10 01:51:41,870 - INFO - separator - Python Version: 3.10.11
2026-05-10 01:51:41,872 - INFO - separator - PyTorch Version: 2.11.0+cpu
2026-05-10 01:51:42,038 - INFO - separator - FFmpeg installed: ffmpeg version 2026-05-06-git-f2e5eff3ff-essentials_build
-www.gyan.dev Copyright (c) 2000-2026 the FFmpeg developers
2026-05-10 01:51:42,047 - INFO - separator - ONNX Runtime CPU package installed with version: 1.23.2
2026-05-10 01:51:42,050 - INFO - separator - No hardware acceleration could be configured, running in CPU mode
Found actual model filename 'htdemucs_ft.yaml' for friendly name 'htdemucs_ft' (Type: Demucs)
2026-05-10 01:51:42,149 - INFO - separator - Loading model htdemucs_ft.yaml...
2026-05-10 01:51:42,236 - INFO - demucs_separator - Demucs Separator initialisation complete
2026-05-10 01:51:42,237 - INFO - separator - Load model duration: 00:00:00
2026-05-10 01:51:42,239 - INFO - separator - Processing file: E:\shorter_term_storage\Music\Phish\A Picture of Nectar\06
 Manteca.mp3
2026-05-10 01:51:43,765 - INFO - separator - File duration 29.4s exceeds chunk size 10s, using chunked processing
2026-05-10 01:51:44,243 - INFO - audio_chunking - Splitting 29.4s audio into 3 chunks of 10.0s each
2026-05-10 01:51:45,011 - INFO - separator - Processing chunk 1/3: C:\Users\justin\AppData\Local\Temp\audio-separator-ch
unks-tdy03oyp\chunk_0000.mp3
2026-05-10 01:51:45,011 - INFO - separator - Starting separation process for audio_file_path: C:\Users\justin\AppData\Lo
cal\Temp\audio-separator-chunks-tdy03oyp\chunk_0000.mp3
2026-05-10 01:51:45,012 - INFO - common_separator - Input audio subtype: MPEG_LAYER_III
2026-05-10 01:51:45,012 - WARNING - common_separator - Unknown audio subtype MPEG_LAYER_III, defaulting to 16-bit output
2026-05-10 01:51:45,013 - INFO - common_separator - Detected input bit depth: 16-bit
100%|████████████████████████████████████████████████████████████████████████████████████| 2/2 [00:11<00:00,  5.59s/it]
100%|████████████████████████████████████████████████████████████████████████████████████| 2/2 [00:09<00:00,  4.56s/it]
100%|████████████████████████████████████████████████████████████████████████████████████| 2/2 [00:08<00:00,  4.35s/it]
100%|████████████████████████████████████████████████████████████████████████████████████| 2/2 [00:09<00:00,  4.65s/it]
100%|████████████████████████████████████████████████████████████████████████████████████| 2/2 [00:08<00:00,  4.14s/it]
100%|████████████████████████████████████████████████████████████████████████████████████| 2/2 [00:08<00:00,  4.18s/it]
100%|████████████████████████████████████████████████████████████████████████████████████| 2/2 [00:08<00:00,  4.08s/it]
100%|████████████████████████████████████████████████████████████████████████████████████| 2/2 [00:08<00:00,  4.19s/it]
2026-05-10 01:53:04,743 - INFO - common_separator - Audio duration is 0.00 hours (10.00 seconds).
2026-05-10 01:53:04,744 - INFO - common_separator - Using pydub for writing.
2026-05-10 01:53:04,748 - INFO - common_separator - Writing output with 16-bit depth
2026-05-10 01:53:05,442 - INFO - common_separator - Audio duration is 0.00 hours (10.00 seconds).
2026-05-10 01:53:05,442 - INFO - common_separator - Using pydub for writing.
2026-05-10 01:53:05,445 - INFO - common_separator - Writing output with 16-bit depth
2026-05-10 01:53:05,735 - INFO - common_separator - Audio duration is 0.00 hours (10.00 seconds).
2026-05-10 01:53:05,736 - INFO - common_separator - Using pydub for writing.
2026-05-10 01:53:05,739 - INFO - common_separator - Writing output with 16-bit depth
2026-05-10 01:53:06,077 - INFO - common_separator - Audio duration is 0.00 hours (10.00 seconds).
2026-05-10 01:53:06,077 - INFO - common_separator - Using pydub for writing.
2026-05-10 01:53:06,080 - INFO - common_separator - Writing output with 16-bit depth
2026-05-10 01:53:06,444 - INFO - common_separator - Clearing input audio file paths, sources and stems...
2026-05-10 01:53:06,444 - INFO - separator - Separation duration: 00:01:21
2026-05-10 01:53:06,570 - INFO - separator - Processing chunk 2/3: C:\Users\justin\AppData\Local\Temp\audio-separator-ch
unks-tdy03oyp\chunk_0001.mp3
2026-05-10 01:53:06,570 - INFO - separator - Starting separation process for audio_file_path: C:\Users\justin\AppData\Lo
cal\Temp\audio-separator-chunks-tdy03oyp\chunk_0001.mp3
2026-05-10 01:53:06,575 - INFO - common_separator - Input audio subtype: MPEG_LAYER_III
2026-05-10 01:53:06,576 - WARNING - common_separator - Unknown audio subtype MPEG_LAYER_III, defaulting to 16-bit output
2026-05-10 01:53:06,576 - INFO - common_separator - Detected input bit depth: 16-bit
100%|████████████████████████████████████████████████████████████████████████████████████| 2/2 [00:10<00:00,  5.24s/it]
100%|████████████████████████████████████████████████████████████████████████████████████| 2/2 [00:08<00:00,  4.44s/it]
100%|████████████████████████████████████████████████████████████████████████████████████| 2/2 [00:08<00:00,  4.50s/it]
100%|████████████████████████████████████████████████████████████████████████████████████| 2/2 [00:08<00:00,  4.32s/it]
100%|████████████████████████████████████████████████████████████████████████████████████| 2/2 [00:08<00:00,  4.32s/it]
100%|████████████████████████████████████████████████████████████████████████████████████| 2/2 [00:08<00:00,  4.23s/it]
100%|████████████████████████████████████████████████████████████████████████████████████| 2/2 [00:08<00:00,  4.28s/it]
100%|████████████████████████████████████████████████████████████████████████████████████| 2/2 [00:08<00:00,  4.18s/it]
2026-05-10 01:54:28,407 - INFO - common_separator - Audio duration is 0.00 hours (10.00 seconds).
2026-05-10 01:54:28,407 - INFO - common_separator - Using pydub for writing.
2026-05-10 01:54:28,411 - INFO - common_separator - Writing output with 16-bit depth
2026-05-10 01:54:28,796 - INFO - common_separator - Audio duration is 0.00 hours (10.00 seconds).
2026-05-10 01:54:28,797 - INFO - common_separator - Using pydub for writing.
2026-05-10 01:54:28,800 - INFO - common_separator - Writing output with 16-bit depth
2026-05-10 01:54:29,082 - INFO - common_separator - Audio duration is 0.00 hours (10.00 seconds).
2026-05-10 01:54:29,082 - INFO - common_separator - Using pydub for writing.
2026-05-10 01:54:29,086 - INFO - common_separator - Writing output with 16-bit depth
2026-05-10 01:54:29,383 - INFO - common_separator - Audio duration is 0.00 hours (10.00 seconds).
2026-05-10 01:54:29,383 - INFO - common_separator - Using pydub for writing.
2026-05-10 01:54:29,386 - INFO - common_separator - Writing output with 16-bit depth
2026-05-10 01:54:30,932 - INFO - common_separator - Clearing input audio file paths, sources and stems...
2026-05-10 01:54:30,932 - INFO - separator - Separation duration: 00:01:24
2026-05-10 01:54:31,031 - INFO - separator - Processing chunk 3/3: C:\Users\justin\AppData\Local\Temp\audio-separator-ch
unks-tdy03oyp\chunk_0002.mp3
2026-05-10 01:54:31,031 - INFO - separator - Starting separation process for audio_file_path: C:\Users\justin\AppData\Lo
cal\Temp\audio-separator-chunks-tdy03oyp\chunk_0002.mp3
2026-05-10 01:54:31,037 - INFO - common_separator - Input audio subtype: MPEG_LAYER_III
2026-05-10 01:54:31,037 - WARNING - common_separator - Unknown audio subtype MPEG_LAYER_III, defaulting to 16-bit output
2026-05-10 01:54:31,037 - INFO - common_separator - Detected input bit depth: 16-bit
100%|████████████████████████████████████████████████████████████████████████████████████| 2/2 [00:08<00:00,  4.32s/it]
100%|████████████████████████████████████████████████████████████████████████████████████| 2/2 [00:08<00:00,  4.23s/it]
100%|████████████████████████████████████████████████████████████████████████████████████| 2/2 [00:09<00:00,  4.69s/it]
100%|████████████████████████████████████████████████████████████████████████████████████| 2/2 [00:08<00:00,  4.45s/it]
100%|████████████████████████████████████████████████████████████████████████████████████| 2/2 [00:08<00:00,  4.43s/it]
100%|████████████████████████████████████████████████████████████████████████████████████| 2/2 [00:08<00:00,  4.33s/it]
100%|████████████████████████████████████████████████████████████████████████████████████| 2/2 [00:08<00:00,  4.14s/it]
100%|████████████████████████████████████████████████████████████████████████████████████| 2/2 [00:08<00:00,  4.20s/it]
2026-05-10 01:55:45,660 - INFO - common_separator - Audio duration is 0.00 hours (9.43 seconds).
2026-05-10 01:55:45,660 - INFO - common_separator - Using pydub for writing.
2026-05-10 01:55:45,664 - INFO - common_separator - Writing output with 16-bit depth
2026-05-10 01:55:46,023 - INFO - common_separator - Audio duration is 0.00 hours (9.43 seconds).
2026-05-10 01:55:46,024 - INFO - common_separator - Using pydub for writing.
2026-05-10 01:55:46,029 - INFO - common_separator - Writing output with 16-bit depth
2026-05-10 01:55:46,297 - INFO - common_separator - Audio duration is 0.00 hours (9.43 seconds).
2026-05-10 01:55:46,297 - INFO - common_separator - Using pydub for writing.
2026-05-10 01:55:46,302 - INFO - common_separator - Writing output with 16-bit depth
2026-05-10 01:55:46,573 - INFO - common_separator - Audio duration is 0.00 hours (9.43 seconds).
2026-05-10 01:55:46,573 - INFO - common_separator - Using pydub for writing.
2026-05-10 01:55:46,578 - INFO - common_separator - Writing output with 16-bit depth
2026-05-10 01:55:48,001 - INFO - common_separator - Clearing input audio file paths, sources and stems...
2026-05-10 01:55:48,001 - INFO - separator - Separation duration: 00:01:16
2026-05-10 01:55:48,102 - INFO - separator - Merging 3 chunks for stem: Bass
2026-05-10 01:55:48,105 - INFO - audio_chunking - Merging 3 chunks into C:\Users\justin\Dropbox\stems\leavintrunk\06 Man
teca_(Bass).mp3
2026-05-10 01:55:48,580 - INFO - audio_chunking - Exporting merged audio (29.4s) to C:\Users\justin\Dropbox\stems\leavin
trunk\06 Manteca_(Bass).mp3
2026-05-10 01:55:49,192 - INFO - separator - Merging 3 chunks for stem: Drums
2026-05-10 01:55:49,193 - INFO - audio_chunking - Merging 3 chunks into C:\Users\justin\Dropbox\stems\leavintrunk\06 Man
teca_(Drums).mp3
2026-05-10 01:55:49,538 - INFO - audio_chunking - Exporting merged audio (29.4s) to C:\Users\justin\Dropbox\stems\leavin
trunk\06 Manteca_(Drums).mp3
2026-05-10 01:55:50,234 - INFO - separator - Merging 3 chunks for stem: Other
2026-05-10 01:55:50,238 - INFO - audio_chunking - Merging 3 chunks into C:\Users\justin\Dropbox\stems\leavintrunk\06 Man
teca_(Other).mp3
2026-05-10 01:55:50,597 - INFO - audio_chunking - Exporting merged audio (29.4s) to C:\Users\justin\Dropbox\stems\leavin
trunk\06 Manteca_(Other).mp3
2026-05-10 01:55:51,330 - INFO - separator - Merging 3 chunks for stem: Vocals
2026-05-10 01:55:51,331 - INFO - audio_chunking - Merging 3 chunks into C:\Users\justin\Dropbox\stems\leavintrunk\06 Man
teca_(Vocals).mp3
2026-05-10 01:55:51,663 - INFO - audio_chunking - Exporting merged audio (29.4s) to C:\Users\justin\Dropbox\stems\leavin
trunk\06 Manteca_(Vocals).mp3
2026-05-10 01:55:52,249 - INFO - separator - Chunked processing completed. Output files: ['C:\\Users\\justin\\Dropbox\\s
tems\\leavintrunk\\06 Manteca_(Bass).mp3', 'C:\\Users\\justin\\Dropbox\\stems\\leavintrunk\\06 Manteca_(Drums).mp3', 'C:
\\Users\\justin\\Dropbox\\stems\\leavintrunk\\06 Manteca_(Other).mp3', 'C:\\Users\\justin\\Dropbox\\stems\\leavintrunk\\
06 Manteca_(Vocals).mp3']
Successfully processed 'E:\shorter_term_storage\Music\Phish\A Picture of Nectar\06 Manteca.mp3'. All default stems saved
 to 'C:\Users\justin\Dropbox\stems\leavintrunk'
Processing custom stem output request: ['drums', 'vocals+bass+other']
Keeping single stem: drums
Mixing 3 stems for 'vocals+bass+other'...
Successfully created mixed track: C:\Users\justin\Dropbox\stems\leavintrunk\06 Manteca_(vocals_bass_other).mp3
Final output files for '06 Manteca': ['C:\\Users\\justin\\Dropbox\\stems\\leavintrunk\\06 Manteca_(Drums).mp3', 'C:\\Use
rs\\justin\\Dropbox\\stems\\leavintrunk\\06 Manteca_(vocals_bass_other).mp3']

--- Task 2/2 ---
Processing 'E:\shorter_term_storage\Music\IncomingMusic\07 - The Black Keys - The Big Come Up - 07 - Leavin' Trunk.mp3'
with model 'htdemucs_ft'...
2026-05-10 01:55:53,378 - INFO - separator - Separator version 0.44.1 instantiating with output_dir: C:\Users\justin\Dro
pbox\stems\leavintrunk, output_format: MP3
2026-05-10 01:55:53,379 - INFO - separator - Using model directory from model_file_dir parameter: /tmp/audio-separator-m
odels/
2026-05-10 01:55:53,381 - INFO - separator - Operating System: Windows 10.0.19045
2026-05-10 01:55:53,381 - INFO - separator - System: Windows Node: DESKTOP-HS8GE90 Release: 10 Machine: AMD64 Proc: Inte
l64 Family 6 Model 60 Stepping 3, GenuineIntel
2026-05-10 01:55:53,382 - INFO - separator - Python Version: 3.10.11
2026-05-10 01:55:53,383 - INFO - separator - PyTorch Version: 2.11.0+cpu
2026-05-10 01:55:53,417 - INFO - separator - FFmpeg installed: ffmpeg version 2026-05-06-git-f2e5eff3ff-essentials_build
-www.gyan.dev Copyright (c) 2000-2026 the FFmpeg developers
2026-05-10 01:55:53,426 - INFO - separator - ONNX Runtime CPU package installed with version: 1.23.2
2026-05-10 01:55:53,429 - INFO - separator - No hardware acceleration could be configured, running in CPU mode
Found actual model filename 'htdemucs_ft.yaml' for friendly name 'htdemucs_ft' (Type: Demucs)
2026-05-10 01:55:53,450 - INFO - separator - Loading model htdemucs_ft.yaml...
2026-05-10 01:55:53,472 - INFO - demucs_separator - Demucs Separator initialisation complete
2026-05-10 01:55:53,473 - INFO - separator - Load model duration: 00:00:00
2026-05-10 01:55:53,475 - INFO - separator - Processing file: E:\shorter_term_storage\Music\IncomingMusic\07 - The Black
 Keys - The Big Come Up - 07 - Leavin' Trunk.mp3
2026-05-10 01:55:53,518 - INFO - separator - File duration 180.2s exceeds chunk size 10s, using chunked processing
2026-05-10 01:55:54,373 - INFO - audio_chunking - Splitting 180.2s audio into 19 chunks of 10.0s each
2026-05-10 01:56:03,029 - INFO - separator - Processing chunk 1/19: C:\Users\justin\AppData\Local\Temp\audio-separator-c
hunks-m5qnxqrn\chunk_0000.mp3
2026-05-10 01:56:03,030 - INFO - separator - Starting separation process for audio_file_path: C:\Users\justin\AppData\Lo
cal\Temp\audio-separator-chunks-m5qnxqrn\chunk_0000.mp3
2026-05-10 01:56:03,031 - INFO - common_separator - Input audio subtype: MPEG_LAYER_III
2026-05-10 01:56:03,031 - WARNING - common_separator - Unknown audio subtype MPEG_LAYER_III, defaulting to 16-bit output
2026-05-10 01:56:03,031 - INFO - common_separator - Detected input bit depth: 16-bit
100%|████████████████████████████████████████████████████████████████████████████████████| 2/2 [00:08<00:00,  4.48s/it]
100%|████████████████████████████████████████████████████████████████████████████████████| 2/2 [00:08<00:00,  4.49s/it]
100%|████████████████████████████████████████████████████████████████████████████████████| 2/2 [00:09<00:00,  4.85s/it]
100%|████████████████████████████████████████████████████████████████████████████████████| 2/2 [00:11<00:00,  5.91s/it]
100%|████████████████████████████████████████████████████████████████████████████████████| 2/2 [00:08<00:00,  4.17s/it]
100%|████████████████████████████████████████████████████████████████████████████████████| 2/2 [00:10<00:00,  5.29s/it]
100%|████████████████████████████████████████████████████████████████████████████████████| 2/2 [00:09<00:00,  4.89s/it]
100%|████████████████████████████████████████████████████████████████████████████████████| 2/2 [00:08<00:00,  4.33s/it]
2026-05-10 01:57:26,298 - INFO - common_separator - Audio duration is 0.00 hours (10.00 seconds).
2026-05-10 01:57:26,298 - INFO - common_separator - Using pydub for writing.
2026-05-10 01:57:26,303 - INFO - common_separator - Writing output with 16-bit depth
2026-05-10 01:57:26,679 - INFO - common_separator - Audio duration is 0.00 hours (10.00 seconds).
2026-05-10 01:57:26,680 - INFO - common_separator - Using pydub for writing.
2026-05-10 01:57:26,684 - INFO - common_separator - Writing output with 16-bit depth
2026-05-10 01:57:26,953 - INFO - common_separator - Audio duration is 0.00 hours (10.00 seconds).
2026-05-10 01:57:26,953 - INFO - common_separator - Using pydub for writing.
2026-05-10 01:57:26,959 - INFO - common_separator - Writing output with 16-bit depth
2026-05-10 01:57:27,232 - INFO - common_separator - Audio duration is 0.00 hours (10.00 seconds).
2026-05-10 01:57:27,232 - INFO - common_separator - Using pydub for writing.
2026-05-10 01:57:27,237 - INFO - common_separator - Writing output with 16-bit depth
2026-05-10 01:57:28,686 - INFO - common_separator - Clearing input audio file paths, sources and stems...
2026-05-10 01:57:28,686 - INFO - separator - Separation duration: 00:01:25
2026-05-10 01:57:28,788 - INFO - separator - Processing chunk 2/19: C:\Users\justin\AppData\Local\Temp\audio-separator-c
hunks-m5qnxqrn\chunk_0001.mp3
2026-05-10 01:57:28,788 - INFO - separator - Starting separation process for audio_file_path: C:\Users\justin\AppData\Lo
cal\Temp\audio-separator-chunks-m5qnxqrn\chunk_0001.mp3
2026-05-10 01:57:28,792 - INFO - common_separator - Input audio subtype: MPEG_LAYER_III
2026-05-10 01:57:28,792 - WARNING - common_separator - Unknown audio subtype MPEG_LAYER_III, defaulting to 16-bit output
2026-05-10 01:57:28,792 - INFO - common_separator - Detected input bit depth: 16-bit
100%|████████████████████████████████████████████████████████████████████████████████████| 2/2 [00:08<00:00,  4.38s/it]
100%|████████████████████████████████████████████████████████████████████████████████████| 2/2 [00:09<00:00,  4.55s/it]
100%|████████████████████████████████████████████████████████████████████████████████████| 2/2 [00:09<00:00,  4.79s/it]
100%|████████████████████████████████████████████████████████████████████████████████████| 2/2 [00:08<00:00,  4.32s/it]
100%|████████████████████████████████████████████████████████████████████████████████████| 2/2 [00:08<00:00,  4.42s/it]
100%|████████████████████████████████████████████████████████████████████████████████████| 2/2 [00:08<00:00,  4.37s/it]
100%|████████████████████████████████████████████████████████████████████████████████████| 2/2 [00:08<00:00,  4.36s/it]
100%|████████████████████████████████████████████████████████████████████████████████████| 2/2 [00:09<00:00,  4.55s/it]
2026-05-10 01:58:45,420 - INFO - common_separator - Audio duration is 0.00 hours (10.00 seconds).
2026-05-10 01:58:45,420 - INFO - common_separator - Using pydub for writing.
2026-05-10 01:58:45,426 - INFO - common_separator - Writing output with 16-bit depth
2026-05-10 01:58:45,821 - INFO - common_separator - Audio duration is 0.00 hours (10.00 seconds).
2026-05-10 01:58:45,822 - INFO - common_separator - Using pydub for writing.
2026-05-10 01:58:45,825 - INFO - common_separator - Writing output with 16-bit depth
2026-05-10 01:58:46,105 - INFO - common_separator - Audio duration is 0.00 hours (10.00 seconds).
2026-05-10 01:58:46,105 - INFO - common_separator - Using pydub for writing.
2026-05-10 01:58:46,108 - INFO - common_separator - Writing output with 16-bit depth
2026-05-10 01:58:46,377 - INFO - common_separator - Audio duration is 0.00 hours (10.00 seconds).
2026-05-10 01:58:46,377 - INFO - common_separator - Using pydub for writing.
2026-05-10 01:58:46,380 - INFO - common_separator - Writing output with 16-bit depth
2026-05-10 01:58:47,951 - INFO - common_separator - Clearing input audio file paths, sources and stems...
2026-05-10 01:58:47,951 - INFO - separator - Separation duration: 00:01:19
2026-05-10 01:58:48,051 - INFO - separator - Processing chunk 3/19: C:\Users\justin\AppData\Local\Temp\audio-separator-c
hunks-m5qnxqrn\chunk_0002.mp3
2026-05-10 01:58:48,051 - INFO - separator - Starting separation process for audio_file_path: C:\Users\justin\AppData\Lo
cal\Temp\audio-separator-chunks-m5qnxqrn\chunk_0002.mp3
2026-05-10 01:58:48,054 - INFO - common_separator - Input audio subtype: MPEG_LAYER_III
2026-05-10 01:58:48,055 - WARNING - common_separator - Unknown audio subtype MPEG_LAYER_III, defaulting to 16-bit output
2026-05-10 01:58:48,055 - INFO - common_separator - Detected input bit depth: 16-bit
100%|████████████████████████████████████████████████████████████████████████████████████| 2/2 [00:08<00:00,  4.47s/it]
100%|████████████████████████████████████████████████████████████████████████████████████| 2/2 [00:08<00:00,  4.26s/it]
100%|████████████████████████████████████████████████████████████████████████████████████| 2/2 [00:08<00:00,  4.38s/it]
100%|████████████████████████████████████████████████████████████████████████████████████| 2/2 [00:08<00:00,  4.40s/it]
100%|████████████████████████████████████████████████████████████████████████████████████| 2/2 [00:08<00:00,  4.40s/it]
100%|████████████████████████████████████████████████████████████████████████████████████| 2/2 [00:09<00:00,  4.71s/it]
100%|████████████████████████████████████████████████████████████████████████████████████| 2/2 [00:09<00:00,  4.52s/it]
100%|████████████████████████████████████████████████████████████████████████████████████| 2/2 [00:09<00:00,  4.55s/it]
2026-05-10 02:00:04,192 - INFO - common_separator - Audio duration is 0.00 hours (10.00 seconds).
2026-05-10 02:00:04,192 - INFO - common_separator - Using pydub for writing.
2026-05-10 02:00:04,197 - INFO - common_separator - Writing output with 16-bit depth
2026-05-10 02:00:04,583 - INFO - common_separator - Audio duration is 0.00 hours (10.00 seconds).
2026-05-10 02:00:04,583 - INFO - common_separator - Using pydub for writing.
2026-05-10 02:00:04,586 - INFO - common_separator - Writing output with 16-bit depth
2026-05-10 02:00:04,843 - INFO - common_separator - Audio duration is 0.00 hours (10.00 seconds).
2026-05-10 02:00:04,843 - INFO - common_separator - Using pydub for writing.
2026-05-10 02:00:04,847 - INFO - common_separator - Writing output with 16-bit depth
2026-05-10 02:00:05,133 - INFO - common_separator - Audio duration is 0.00 hours (10.00 seconds).
2026-05-10 02:00:05,133 - INFO - common_separator - Using pydub for writing.
2026-05-10 02:00:05,137 - INFO - common_separator - Writing output with 16-bit depth
2026-05-10 02:00:06,612 - INFO - common_separator - Clearing input audio file paths, sources and stems...
2026-05-10 02:00:06,613 - INFO - separator - Separation duration: 00:01:18
2026-05-10 02:00:06,734 - INFO - separator - Processing chunk 4/19: C:\Users\justin\AppData\Local\Temp\audio-separator-c
hunks-m5qnxqrn\chunk_0003.mp3
2026-05-10 02:00:06,734 - INFO - separator - Starting separation process for audio_file_path: C:\Users\justin\AppData\Lo
cal\Temp\audio-separator-chunks-m5qnxqrn\chunk_0003.mp3
2026-05-10 02:00:06,738 - INFO - common_separator - Input audio subtype: MPEG_LAYER_III
2026-05-10 02:00:06,738 - WARNING - common_separator - Unknown audio subtype MPEG_LAYER_III, defaulting to 16-bit output
2026-05-10 02:00:06,739 - INFO - common_separator - Detected input bit depth: 16-bit
100%|████████████████████████████████████████████████████████████████████████████████████| 2/2 [00:09<00:00,  4.52s/it]
100%|████████████████████████████████████████████████████████████████████████████████████| 2/2 [00:08<00:00,  4.32s/it]
100%|████████████████████████████████████████████████████████████████████████████████████| 2/2 [00:08<00:00,  4.32s/it]
100%|████████████████████████████████████████████████████████████████████████████████████| 2/2 [00:08<00:00,  4.22s/it]
100%|████████████████████████████████████████████████████████████████████████████████████| 2/2 [00:08<00:00,  4.43s/it]
100%|████████████████████████████████████████████████████████████████████████████████████| 2/2 [00:08<00:00,  4.34s/it]
100%|████████████████████████████████████████████████████████████████████████████████████| 2/2 [00:08<00:00,  4.23s/it]
100%|████████████████████████████████████████████████████████████████████████████████████| 2/2 [00:08<00:00,  4.31s/it]
2026-05-10 02:01:21,257 - INFO - common_separator - Audio duration is 0.00 hours (10.00 seconds).
2026-05-10 02:01:21,257 - INFO - common_separator - Using pydub for writing.
2026-05-10 02:01:21,262 - INFO - common_separator - Writing output with 16-bit depth
2026-05-10 02:01:21,641 - INFO - common_separator - Audio duration is 0.00 hours (10.00 seconds).
2026-05-10 02:01:21,641 - INFO - common_separator - Using pydub for writing.
2026-05-10 02:01:21,645 - INFO - common_separator - Writing output with 16-bit depth
2026-05-10 02:01:21,920 - INFO - common_separator - Audio duration is 0.00 hours (10.00 seconds).
2026-05-10 02:01:21,920 - INFO - common_separator - Using pydub for writing.
2026-05-10 02:01:21,924 - INFO - common_separator - Writing output with 16-bit depth
2026-05-10 02:01:22,204 - INFO - common_separator - Audio duration is 0.00 hours (10.00 seconds).
2026-05-10 02:01:22,205 - INFO - common_separator - Using pydub for writing.
2026-05-10 02:01:22,209 - INFO - common_separator - Writing output with 16-bit depth
2026-05-10 02:01:23,667 - INFO - common_separator - Clearing input audio file paths, sources and stems...
2026-05-10 02:01:23,668 - INFO - separator - Separation duration: 00:01:16
2026-05-10 02:01:23,777 - INFO - separator - Processing chunk 5/19: C:\Users\justin\AppData\Local\Temp\audio-separator-c
hunks-m5qnxqrn\chunk_0004.mp3
2026-05-10 02:01:23,778 - INFO - separator - Starting separation process for audio_file_path: C:\Users\justin\AppData\Lo
cal\Temp\audio-separator-chunks-m5qnxqrn\chunk_0004.mp3
2026-05-10 02:01:23,781 - INFO - common_separator - Input audio subtype: MPEG_LAYER_III
2026-05-10 02:01:23,781 - WARNING - common_separator - Unknown audio subtype MPEG_LAYER_III, defaulting to 16-bit output
2026-05-10 02:01:23,782 - INFO - common_separator - Detected input bit depth: 16-bit
100%|████████████████████████████████████████████████████████████████████████████████████| 2/2 [00:08<00:00,  4.30s/it]
100%|████████████████████████████████████████████████████████████████████████████████████| 2/2 [00:08<00:00,  4.32s/it]
100%|████████████████████████████████████████████████████████████████████████████████████| 2/2 [00:08<00:00,  4.23s/it]
100%|████████████████████████████████████████████████████████████████████████████████████| 2/2 [00:08<00:00,  4.30s/it]
100%|████████████████████████████████████████████████████████████████████████████████████| 2/2 [00:08<00:00,  4.46s/it]
100%|████████████████████████████████████████████████████████████████████████████████████| 2/2 [00:08<00:00,  4.32s/it]
100%|████████████████████████████████████████████████████████████████████████████████████| 2/2 [00:08<00:00,  4.29s/it]
100%|████████████████████████████████████████████████████████████████████████████████████| 2/2 [00:08<00:00,  4.22s/it]
2026-05-10 02:02:37,441 - INFO - common_separator - Audio duration is 0.00 hours (10.00 seconds).
2026-05-10 02:02:37,442 - INFO - common_separator - Using pydub for writing.
2026-05-10 02:02:37,447 - INFO - common_separator - Writing output with 16-bit depth
2026-05-10 02:02:37,840 - INFO - common_separator - Audio duration is 0.00 hours (10.00 seconds).
2026-05-10 02:02:37,840 - INFO - common_separator - Using pydub for writing.
2026-05-10 02:02:37,845 - INFO - common_separator - Writing output with 16-bit depth
2026-05-10 02:02:38,124 - INFO - common_separator - Audio duration is 0.00 hours (10.00 seconds).
2026-05-10 02:02:38,125 - INFO - common_separator - Using pydub for writing.
2026-05-10 02:02:38,130 - INFO - common_separator - Writing output with 16-bit depth
2026-05-10 02:02:38,414 - INFO - common_separator - Audio duration is 0.00 hours (10.00 seconds).
2026-05-10 02:02:38,414 - INFO - common_separator - Using pydub for writing.
2026-05-10 02:02:38,421 - INFO - common_separator - Writing output with 16-bit depth
2026-05-10 02:02:40,002 - INFO - common_separator - Clearing input audio file paths, sources and stems...
2026-05-10 02:02:40,002 - INFO - separator - Separation duration: 00:01:16
2026-05-10 02:02:40,100 - INFO - separator - Processing chunk 6/19: C:\Users\justin\AppData\Local\Temp\audio-separator-c
hunks-m5qnxqrn\chunk_0005.mp3
2026-05-10 02:02:40,101 - INFO - separator - Starting separation process for audio_file_path: C:\Users\justin\AppData\Lo
cal\Temp\audio-separator-chunks-m5qnxqrn\chunk_0005.mp3
2026-05-10 02:02:40,104 - INFO - common_separator - Input audio subtype: MPEG_LAYER_III
2026-05-10 02:02:40,104 - WARNING - common_separator - Unknown audio subtype MPEG_LAYER_III, defaulting to 16-bit output
2026-05-10 02:02:40,105 - INFO - common_separator - Detected input bit depth: 16-bit
100%|████████████████████████████████████████████████████████████████████████████████████| 2/2 [00:08<00:00,  4.27s/it]
100%|████████████████████████████████████████████████████████████████████████████████████| 2/2 [00:08<00:00,  4.30s/it]
100%|████████████████████████████████████████████████████████████████████████████████████| 2/2 [00:08<00:00,  4.37s/it]
100%|████████████████████████████████████████████████████████████████████████████████████| 2/2 [00:08<00:00,  4.30s/it]
100%|████████████████████████████████████████████████████████████████████████████████████| 2/2 [00:08<00:00,  4.39s/it]
100%|████████████████████████████████████████████████████████████████████████████████████| 2/2 [00:08<00:00,  4.25s/it]
100%|████████████████████████████████████████████████████████████████████████████████████| 2/2 [00:09<00:00,  4.64s/it]
100%|████████████████████████████████████████████████████████████████████████████████████| 2/2 [00:07<00:00,  4.00s/it]
2026-05-10 02:03:53,901 - INFO - common_separator - Audio duration is 0.00 hours (10.00 seconds).
2026-05-10 02:03:53,901 - INFO - common_separator - Using pydub for writing.
2026-05-10 02:03:53,906 - INFO - common_separator - Writing output with 16-bit depth
2026-05-10 02:03:54,282 - INFO - common_separator - Audio duration is 0.00 hours (10.00 seconds).
2026-05-10 02:03:54,282 - INFO - common_separator - Using pydub for writing.
2026-05-10 02:03:54,287 - INFO - common_separator - Writing output with 16-bit depth
2026-05-10 02:03:54,550 - INFO - common_separator - Audio duration is 0.00 hours (10.00 seconds).
2026-05-10 02:03:54,551 - INFO - common_separator - Using pydub for writing.
2026-05-10 02:03:54,555 - INFO - common_separator - Writing output with 16-bit depth
2026-05-10 02:03:54,840 - INFO - common_separator - Audio duration is 0.00 hours (10.00 seconds).
2026-05-10 02:03:54,840 - INFO - common_separator - Using pydub for writing.
2026-05-10 02:03:54,846 - INFO - common_separator - Writing output with 16-bit depth
2026-05-10 02:03:56,219 - INFO - common_separator - Clearing input audio file paths, sources and stems...
2026-05-10 02:03:56,219 - INFO - separator - Separation duration: 00:01:16
2026-05-10 02:03:56,314 - INFO - separator - Processing chunk 7/19: C:\Users\justin\AppData\Local\Temp\audio-separator-c
hunks-m5qnxqrn\chunk_0006.mp3
2026-05-10 02:03:56,315 - INFO - separator - Starting separation process for audio_file_path: C:\Users\justin\AppData\Lo
cal\Temp\audio-separator-chunks-m5qnxqrn\chunk_0006.mp3
2026-05-10 02:03:56,318 - INFO - common_separator - Input audio subtype: MPEG_LAYER_III
2026-05-10 02:03:56,318 - WARNING - common_separator - Unknown audio subtype MPEG_LAYER_III, defaulting to 16-bit output
2026-05-10 02:03:56,319 - INFO - common_separator - Detected input bit depth: 16-bit
100%|████████████████████████████████████████████████████████████████████████████████████| 2/2 [00:07<00:00,  3.95s/it]
100%|████████████████████████████████████████████████████████████████████████████████████| 2/2 [00:08<00:00,  4.04s/it]
100%|████████████████████████████████████████████████████████████████████████████████████| 2/2 [00:07<00:00,  3.95s/it]
100%|████████████████████████████████████████████████████████████████████████████████████| 2/2 [00:07<00:00,  3.90s/it]
100%|████████████████████████████████████████████████████████████████████████████████████| 2/2 [00:07<00:00,  3.92s/it]
100%|████████████████████████████████████████████████████████████████████████████████████| 2/2 [00:07<00:00,  3.94s/it]
100%|████████████████████████████████████████████████████████████████████████████████████| 2/2 [00:07<00:00,  3.91s/it]
100%|████████████████████████████████████████████████████████████████████████████████████| 2/2 [00:07<00:00,  3.87s/it]
2026-05-10 02:05:03,793 - INFO - common_separator - Audio duration is 0.00 hours (10.00 seconds).
2026-05-10 02:05:03,794 - INFO - common_separator - Using pydub for writing.
2026-05-10 02:05:03,799 - INFO - common_separator - Writing output with 16-bit depth
2026-05-10 02:05:04,176 - INFO - common_separator - Audio duration is 0.00 hours (10.00 seconds).
2026-05-10 02:05:04,176 - INFO - common_separator - Using pydub for writing.
2026-05-10 02:05:04,180 - INFO - common_separator - Writing output with 16-bit depth
2026-05-10 02:05:04,448 - INFO - common_separator - Audio duration is 0.00 hours (10.00 seconds).
2026-05-10 02:05:04,448 - INFO - common_separator - Using pydub for writing.
2026-05-10 02:05:04,453 - INFO - common_separator - Writing output with 16-bit depth
2026-05-10 02:05:04,727 - INFO - common_separator - Audio duration is 0.00 hours (10.00 seconds).
2026-05-10 02:05:04,727 - INFO - common_separator - Using pydub for writing.
2026-05-10 02:05:04,731 - INFO - common_separator - Writing output with 16-bit depth
2026-05-10 02:05:06,089 - INFO - common_separator - Clearing input audio file paths, sources and stems...
2026-05-10 02:05:06,089 - INFO - separator - Separation duration: 00:01:09
2026-05-10 02:05:06,185 - INFO - separator - Processing chunk 8/19: C:\Users\justin\AppData\Local\Temp\audio-separator-c
hunks-m5qnxqrn\chunk_0007.mp3
2026-05-10 02:05:06,185 - INFO - separator - Starting separation process for audio_file_path: C:\Users\justin\AppData\Lo
cal\Temp\audio-separator-chunks-m5qnxqrn\chunk_0007.mp3
2026-05-10 02:05:06,190 - INFO - common_separator - Input audio subtype: MPEG_LAYER_III
2026-05-10 02:05:06,190 - WARNING - common_separator - Unknown audio subtype MPEG_LAYER_III, defaulting to 16-bit output
2026-05-10 02:05:06,191 - INFO - common_separator - Detected input bit depth: 16-bit
100%|████████████████████████████████████████████████████████████████████████████████████| 2/2 [00:08<00:00,  4.42s/it]
100%|████████████████████████████████████████████████████████████████████████████████████| 2/2 [00:09<00:00,  4.76s/it]
100%|████████████████████████████████████████████████████████████████████████████████████| 2/2 [00:08<00:00,  4.26s/it]
100%|████████████████████████████████████████████████████████████████████████████████████| 2/2 [00:09<00:00,  4.62s/it]
100%|████████████████████████████████████████████████████████████████████████████████████| 2/2 [00:09<00:00,  4.64s/it]
100%|████████████████████████████████████████████████████████████████████████████████████| 2/2 [00:08<00:00,  4.30s/it]
100%|████████████████████████████████████████████████████████████████████████████████████| 2/2 [00:09<00:00,  4.51s/it]
100%|████████████████████████████████████████████████████████████████████████████████████| 2/2 [00:08<00:00,  4.44s/it]
2026-05-10 02:06:23,071 - INFO - common_separator - Audio duration is 0.00 hours (10.00 seconds).
2026-05-10 02:06:23,072 - INFO - common_separator - Using pydub for writing.
2026-05-10 02:06:23,076 - INFO - common_separator - Writing output with 16-bit depth
2026-05-10 02:06:23,468 - INFO - common_separator - Audio duration is 0.00 hours (10.00 seconds).
2026-05-10 02:06:23,468 - INFO - common_separator - Using pydub for writing.
2026-05-10 02:06:23,471 - INFO - common_separator - Writing output with 16-bit depth
2026-05-10 02:06:23,759 - INFO - common_separator - Audio duration is 0.00 hours (10.00 seconds).
2026-05-10 02:06:23,759 - INFO - common_separator - Using pydub for writing.
2026-05-10 02:06:23,764 - INFO - common_separator - Writing output with 16-bit depth
2026-05-10 02:06:24,059 - INFO - common_separator - Audio duration is 0.00 hours (10.00 seconds).
2026-05-10 02:06:24,060 - INFO - common_separator - Using pydub for writing.
2026-05-10 02:06:24,064 - INFO - common_separator - Writing output with 16-bit depth
2026-05-10 02:06:25,690 - INFO - common_separator - Clearing input audio file paths, sources and stems...
2026-05-10 02:06:25,690 - INFO - separator - Separation duration: 00:01:19
2026-05-10 02:06:25,797 - INFO - separator - Processing chunk 9/19: C:\Users\justin\AppData\Local\Temp\audio-separator-c
hunks-m5qnxqrn\chunk_0008.mp3
2026-05-10 02:06:25,797 - INFO - separator - Starting separation process for audio_file_path: C:\Users\justin\AppData\Lo
cal\Temp\audio-separator-chunks-m5qnxqrn\chunk_0008.mp3
2026-05-10 02:06:25,801 - INFO - common_separator - Input audio subtype: MPEG_LAYER_III
2026-05-10 02:06:25,801 - WARNING - common_separator - Unknown audio subtype MPEG_LAYER_III, defaulting to 16-bit output
2026-05-10 02:06:25,801 - INFO - common_separator - Detected input bit depth: 16-bit
100%|████████████████████████████████████████████████████████████████████████████████████| 2/2 [00:09<00:00,  4.53s/it]
100%|████████████████████████████████████████████████████████████████████████████████████| 2/2 [00:09<00:00,  4.54s/it]
100%|████████████████████████████████████████████████████████████████████████████████████| 2/2 [00:09<00:00,  4.53s/it]
100%|████████████████████████████████████████████████████████████████████████████████████| 2/2 [00:08<00:00,  4.25s/it]
100%|████████████████████████████████████████████████████████████████████████████████████| 2/2 [00:09<00:00,  4.56s/it]
100%|████████████████████████████████████████████████████████████████████████████████████| 2/2 [00:09<00:00,  4.63s/it]
100%|████████████████████████████████████████████████████████████████████████████████████| 2/2 [00:10<00:00,  5.23s/it]
100%|████████████████████████████████████████████████████████████████████████████████████| 2/2 [00:09<00:00,  4.75s/it]
2026-05-10 02:07:44,722 - INFO - common_separator - Audio duration is 0.00 hours (10.00 seconds).
2026-05-10 02:07:44,722 - INFO - common_separator - Using pydub for writing.
2026-05-10 02:07:44,727 - INFO - common_separator - Writing output with 16-bit depth
2026-05-10 02:07:45,147 - INFO - common_separator - Audio duration is 0.00 hours (10.00 seconds).
2026-05-10 02:07:45,148 - INFO - common_separator - Using pydub for writing.
2026-05-10 02:07:45,153 - INFO - common_separator - Writing output with 16-bit depth
2026-05-10 02:07:45,428 - INFO - common_separator - Audio duration is 0.00 hours (10.00 seconds).
2026-05-10 02:07:45,429 - INFO - common_separator - Using pydub for writing.
2026-05-10 02:07:45,434 - INFO - common_separator - Writing output with 16-bit depth
2026-05-10 02:07:45,782 - INFO - common_separator - Audio duration is 0.00 hours (10.00 seconds).
2026-05-10 02:07:45,782 - INFO - common_separator - Using pydub for writing.
2026-05-10 02:07:45,787 - INFO - common_separator - Writing output with 16-bit depth
2026-05-10 02:07:47,288 - INFO - common_separator - Clearing input audio file paths, sources and stems...
2026-05-10 02:07:47,288 - INFO - separator - Separation duration: 00:01:21
2026-05-10 02:07:47,398 - INFO - separator - Processing chunk 10/19: C:\Users\justin\AppData\Local\Temp\audio-separator-
chunks-m5qnxqrn\chunk_0009.mp3
2026-05-10 02:07:47,398 - INFO - separator - Starting separation process for audio_file_path: C:\Users\justin\AppData\Lo
cal\Temp\audio-separator-chunks-m5qnxqrn\chunk_0009.mp3
2026-05-10 02:07:47,401 - INFO - common_separator - Input audio subtype: MPEG_LAYER_III
2026-05-10 02:07:47,401 - WARNING - common_separator - Unknown audio subtype MPEG_LAYER_III, defaulting to 16-bit output
2026-05-10 02:07:47,402 - INFO - common_separator - Detected input bit depth: 16-bit
100%|████████████████████████████████████████████████████████████████████████████████████| 2/2 [00:08<00:00,  4.06s/it]
100%|████████████████████████████████████████████████████████████████████████████████████| 2/2 [00:08<00:00,  4.04s/it]
100%|████████████████████████████████████████████████████████████████████████████████████| 2/2 [00:08<00:00,  4.13s/it]
100%|████████████████████████████████████████████████████████████████████████████████████| 2/2 [00:08<00:00,  4.36s/it]
100%|████████████████████████████████████████████████████████████████████████████████████| 2/2 [00:08<00:00,  4.46s/it]
100%|████████████████████████████████████████████████████████████████████████████████████| 2/2 [00:08<00:00,  4.06s/it]
100%|████████████████████████████████████████████████████████████████████████████████████| 2/2 [00:08<00:00,  4.03s/it]
100%|████████████████████████████████████████████████████████████████████████████████████| 2/2 [00:07<00:00,  3.95s/it]
2026-05-10 02:08:59,244 - INFO - common_separator - Audio duration is 0.00 hours (10.00 seconds).
2026-05-10 02:08:59,244 - INFO - common_separator - Using pydub for writing.
2026-05-10 02:08:59,250 - INFO - common_separator - Writing output with 16-bit depth
2026-05-10 02:08:59,635 - INFO - common_separator - Audio duration is 0.00 hours (10.00 seconds).
2026-05-10 02:08:59,635 - INFO - common_separator - Using pydub for writing.
2026-05-10 02:08:59,640 - INFO - common_separator - Writing output with 16-bit depth
2026-05-10 02:08:59,906 - INFO - common_separator - Audio duration is 0.00 hours (10.00 seconds).
2026-05-10 02:08:59,906 - INFO - common_separator - Using pydub for writing.
2026-05-10 02:08:59,911 - INFO - common_separator - Writing output with 16-bit depth
2026-05-10 02:09:00,190 - INFO - common_separator - Audio duration is 0.00 hours (10.00 seconds).
2026-05-10 02:09:00,191 - INFO - common_separator - Using pydub for writing.
2026-05-10 02:09:00,195 - INFO - common_separator - Writing output with 16-bit depth
2026-05-10 02:09:01,398 - INFO - common_separator - Clearing input audio file paths, sources and stems...
2026-05-10 02:09:01,398 - INFO - separator - Separation duration: 00:01:13
2026-05-10 02:09:01,493 - INFO - separator - Processing chunk 11/19: C:\Users\justin\AppData\Local\Temp\audio-separator-
chunks-m5qnxqrn\chunk_0010.mp3
2026-05-10 02:09:01,493 - INFO - separator - Starting separation process for audio_file_path: C:\Users\justin\AppData\Lo
cal\Temp\audio-separator-chunks-m5qnxqrn\chunk_0010.mp3
2026-05-10 02:09:01,497 - INFO - common_separator - Input audio subtype: MPEG_LAYER_III
2026-05-10 02:09:01,497 - WARNING - common_separator - Unknown audio subtype MPEG_LAYER_III, defaulting to 16-bit output
2026-05-10 02:09:01,497 - INFO - common_separator - Detected input bit depth: 16-bit
100%|████████████████████████████████████████████████████████████████████████████████████| 2/2 [00:12<00:00,  6.25s/it]
100%|████████████████████████████████████████████████████████████████████████████████████| 2/2 [00:11<00:00,  5.71s/it]
100%|████████████████████████████████████████████████████████████████████████████████████| 2/2 [00:11<00:00,  5.73s/it]
100%|████████████████████████████████████████████████████████████████████████████████████| 2/2 [00:12<00:00,  6.41s/it]
100%|████████████████████████████████████████████████████████████████████████████████████| 2/2 [00:12<00:00,  6.19s/it]
100%|████████████████████████████████████████████████████████████████████████████████████| 2/2 [00:10<00:00,  5.08s/it]
100%|████████████████████████████████████████████████████████████████████████████████████| 2/2 [00:08<00:00,  4.14s/it]
100%|████████████████████████████████████████████████████████████████████████████████████| 2/2 [00:08<00:00,  4.06s/it]
2026-05-10 02:10:34,292 - INFO - common_separator - Audio duration is 0.00 hours (10.00 seconds).
2026-05-10 02:10:34,292 - INFO - common_separator - Using pydub for writing.
2026-05-10 02:10:34,302 - INFO - common_separator - Writing output with 16-bit depth
2026-05-10 02:10:34,790 - INFO - common_separator - Audio duration is 0.00 hours (10.00 seconds).
2026-05-10 02:10:34,790 - INFO - common_separator - Using pydub for writing.
2026-05-10 02:10:34,795 - INFO - common_separator - Writing output with 16-bit depth
2026-05-10 02:10:35,074 - INFO - common_separator - Audio duration is 0.00 hours (10.00 seconds).
2026-05-10 02:10:35,074 - INFO - common_separator - Using pydub for writing.
2026-05-10 02:10:35,079 - INFO - common_separator - Writing output with 16-bit depth
2026-05-10 02:10:35,360 - INFO - common_separator - Audio duration is 0.00 hours (10.00 seconds).
2026-05-10 02:10:35,361 - INFO - common_separator - Using pydub for writing.
2026-05-10 02:10:35,367 - INFO - common_separator - Writing output with 16-bit depth
2026-05-10 02:10:36,705 - INFO - common_separator - Clearing input audio file paths, sources and stems...
2026-05-10 02:10:36,705 - INFO - separator - Separation duration: 00:01:35
2026-05-10 02:10:36,801 - INFO - separator - Processing chunk 12/19: C:\Users\justin\AppData\Local\Temp\audio-separator-
chunks-m5qnxqrn\chunk_0011.mp3
2026-05-10 02:10:36,802 - INFO - separator - Starting separation process for audio_file_path: C:\Users\justin\AppData\Lo
cal\Temp\audio-separator-chunks-m5qnxqrn\chunk_0011.mp3
2026-05-10 02:10:36,805 - INFO - common_separator - Input audio subtype: MPEG_LAYER_III
2026-05-10 02:10:36,806 - WARNING - common_separator - Unknown audio subtype MPEG_LAYER_III, defaulting to 16-bit output
2026-05-10 02:10:36,807 - INFO - common_separator - Detected input bit depth: 16-bit
100%|████████████████████████████████████████████████████████████████████████████████████| 2/2 [00:09<00:00,  4.64s/it]
100%|████████████████████████████████████████████████████████████████████████████████████| 2/2 [00:10<00:00,  5.32s/it]
100%|████████████████████████████████████████████████████████████████████████████████████| 2/2 [00:11<00:00,  5.57s/it]
100%|████████████████████████████████████████████████████████████████████████████████████| 2/2 [00:10<00:00,  5.40s/it]
100%|████████████████████████████████████████████████████████████████████████████████████| 2/2 [00:11<00:00,  5.71s/it]
100%|████████████████████████████████████████████████████████████████████████████████████| 2/2 [00:10<00:00,  5.46s/it]
100%|████████████████████████████████████████████████████████████████████████████████████| 2/2 [00:10<00:00,  5.26s/it]
100%|████████████████████████████████████████████████████████████████████████████████████| 2/2 [00:10<00:00,  5.44s/it]
2026-05-10 02:12:10,330 - INFO - common_separator - Audio duration is 0.00 hours (10.00 seconds).
2026-05-10 02:12:10,331 - INFO - common_separator - Using pydub for writing.
2026-05-10 02:12:10,336 - INFO - common_separator - Writing output with 16-bit depth
2026-05-10 02:12:10,762 - INFO - common_separator - Audio duration is 0.00 hours (10.00 seconds).
2026-05-10 02:12:10,762 - INFO - common_separator - Using pydub for writing.
2026-05-10 02:12:10,767 - INFO - common_separator - Writing output with 16-bit depth
2026-05-10 02:12:11,058 - INFO - common_separator - Audio duration is 0.00 hours (10.00 seconds).
2026-05-10 02:12:11,058 - INFO - common_separator - Using pydub for writing.
2026-05-10 02:12:11,063 - INFO - common_separator - Writing output with 16-bit depth
2026-05-10 02:12:11,339 - INFO - common_separator - Audio duration is 0.00 hours (10.00 seconds).
2026-05-10 02:12:11,339 - INFO - common_separator - Using pydub for writing.
2026-05-10 02:12:11,345 - INFO - common_separator - Writing output with 16-bit depth
2026-05-10 02:12:12,640 - INFO - common_separator - Clearing input audio file paths, sources and stems...
2026-05-10 02:12:12,640 - INFO - separator - Separation duration: 00:01:35
2026-05-10 02:12:12,744 - INFO - separator - Processing chunk 13/19: C:\Users\justin\AppData\Local\Temp\audio-separator-
chunks-m5qnxqrn\chunk_0012.mp3
2026-05-10 02:12:12,744 - INFO - separator - Starting separation process for audio_file_path: C:\Users\justin\AppData\Lo
cal\Temp\audio-separator-chunks-m5qnxqrn\chunk_0012.mp3
2026-05-10 02:12:12,747 - INFO - common_separator - Input audio subtype: MPEG_LAYER_III
2026-05-10 02:12:12,747 - WARNING - common_separator - Unknown audio subtype MPEG_LAYER_III, defaulting to 16-bit output
2026-05-10 02:12:12,748 - INFO - common_separator - Detected input bit depth: 16-bit
100%|████████████████████████████████████████████████████████████████████████████████████| 2/2 [00:10<00:00,  5.45s/it]
100%|████████████████████████████████████████████████████████████████████████████████████| 2/2 [00:10<00:00,  5.39s/it]
100%|████████████████████████████████████████████████████████████████████████████████████| 2/2 [00:12<00:00,  6.30s/it]
100%|████████████████████████████████████████████████████████████████████████████████████| 2/2 [00:10<00:00,  5.33s/it]
100%|████████████████████████████████████████████████████████████████████████████████████| 2/2 [00:09<00:00,  4.76s/it]
100%|████████████████████████████████████████████████████████████████████████████████████| 2/2 [00:08<00:00,  4.36s/it]
100%|████████████████████████████████████████████████████████████████████████████████████| 2/2 [00:08<00:00,  4.49s/it]
100%|████████████████████████████████████████████████████████████████████████████████████| 2/2 [00:07<00:00,  3.95s/it]
2026-05-10 02:13:42,344 - INFO - common_separator - Audio duration is 0.00 hours (10.00 seconds).
2026-05-10 02:13:42,344 - INFO - common_separator - Using pydub for writing.
2026-05-10 02:13:42,349 - INFO - common_separator - Writing output with 16-bit depth
2026-05-10 02:13:42,733 - INFO - common_separator - Audio duration is 0.00 hours (10.00 seconds).
2026-05-10 02:13:42,733 - INFO - common_separator - Using pydub for writing.
2026-05-10 02:13:42,737 - INFO - common_separator - Writing output with 16-bit depth
2026-05-10 02:13:42,992 - INFO - common_separator - Audio duration is 0.00 hours (10.00 seconds).
2026-05-10 02:13:42,992 - INFO - common_separator - Using pydub for writing.
2026-05-10 02:13:42,997 - INFO - common_separator - Writing output with 16-bit depth
2026-05-10 02:13:43,290 - INFO - common_separator - Audio duration is 0.00 hours (10.00 seconds).
2026-05-10 02:13:43,290 - INFO - common_separator - Using pydub for writing.
2026-05-10 02:13:43,294 - INFO - common_separator - Writing output with 16-bit depth
2026-05-10 02:13:44,501 - INFO - common_separator - Clearing input audio file paths, sources and stems...
2026-05-10 02:13:44,501 - INFO - separator - Separation duration: 00:01:31
2026-05-10 02:13:44,611 - INFO - separator - Processing chunk 14/19: C:\Users\justin\AppData\Local\Temp\audio-separator-
chunks-m5qnxqrn\chunk_0013.mp3
2026-05-10 02:13:44,612 - INFO - separator - Starting separation process for audio_file_path: C:\Users\justin\AppData\Lo
cal\Temp\audio-separator-chunks-m5qnxqrn\chunk_0013.mp3
2026-05-10 02:13:44,615 - INFO - common_separator - Input audio subtype: MPEG_LAYER_III
2026-05-10 02:13:44,615 - WARNING - common_separator - Unknown audio subtype MPEG_LAYER_III, defaulting to 16-bit output
2026-05-10 02:13:44,616 - INFO - common_separator - Detected input bit depth: 16-bit
100%|████████████████████████████████████████████████████████████████████████████████████| 2/2 [00:08<00:00,  4.01s/it]
100%|████████████████████████████████████████████████████████████████████████████████████| 2/2 [00:07<00:00,  3.98s/it]
100%|████████████████████████████████████████████████████████████████████████████████████| 2/2 [00:07<00:00,  3.95s/it]
100%|████████████████████████████████████████████████████████████████████████████████████| 2/2 [00:08<00:00,  4.03s/it]
100%|████████████████████████████████████████████████████████████████████████████████████| 2/2 [00:08<00:00,  4.02s/it]
100%|████████████████████████████████████████████████████████████████████████████████████| 2/2 [00:08<00:00,  4.13s/it]
100%|████████████████████████████████████████████████████████████████████████████████████| 2/2 [00:07<00:00,  4.00s/it]
100%|████████████████████████████████████████████████████████████████████████████████████| 2/2 [00:07<00:00,  3.93s/it]
2026-05-10 02:14:53,366 - INFO - common_separator - Audio duration is 0.00 hours (10.00 seconds).
2026-05-10 02:14:53,366 - INFO - common_separator - Using pydub for writing.
2026-05-10 02:14:53,372 - INFO - common_separator - Writing output with 16-bit depth
2026-05-10 02:14:53,646 - INFO - common_separator - Audio duration is 0.00 hours (10.00 seconds).
2026-05-10 02:14:53,647 - INFO - common_separator - Using pydub for writing.
2026-05-10 02:14:53,652 - INFO - common_separator - Writing output with 16-bit depth
2026-05-10 02:14:53,919 - INFO - common_separator - Audio duration is 0.00 hours (10.00 seconds).
2026-05-10 02:14:53,919 - INFO - common_separator - Using pydub for writing.
2026-05-10 02:14:53,923 - INFO - common_separator - Writing output with 16-bit depth
2026-05-10 02:14:54,209 - INFO - common_separator - Audio duration is 0.00 hours (10.00 seconds).
2026-05-10 02:14:54,209 - INFO - common_separator - Using pydub for writing.
2026-05-10 02:14:54,214 - INFO - common_separator - Writing output with 16-bit depth
2026-05-10 02:14:54,561 - INFO - common_separator - Clearing input audio file paths, sources and stems...
2026-05-10 02:14:54,562 - INFO - separator - Separation duration: 00:01:09
2026-05-10 02:14:55,508 - INFO - separator - Processing chunk 15/19: C:\Users\justin\AppData\Local\Temp\audio-separator-
chunks-m5qnxqrn\chunk_0014.mp3
2026-05-10 02:14:55,509 - INFO - separator - Starting separation process for audio_file_path: C:\Users\justin\AppData\Lo
cal\Temp\audio-separator-chunks-m5qnxqrn\chunk_0014.mp3
2026-05-10 02:14:55,513 - INFO - common_separator - Input audio subtype: MPEG_LAYER_III
2026-05-10 02:14:55,513 - WARNING - common_separator - Unknown audio subtype MPEG_LAYER_III, defaulting to 16-bit output
2026-05-10 02:14:55,514 - INFO - common_separator - Detected input bit depth: 16-bit
100%|████████████████████████████████████████████████████████████████████████████████████| 2/2 [00:07<00:00,  3.96s/it]
100%|████████████████████████████████████████████████████████████████████████████████████| 2/2 [00:07<00:00,  3.97s/it]
100%|████████████████████████████████████████████████████████████████████████████████████| 2/2 [00:08<00:00,  4.10s/it]
100%|████████████████████████████████████████████████████████████████████████████████████| 2/2 [00:07<00:00,  3.98s/it]
100%|████████████████████████████████████████████████████████████████████████████████████| 2/2 [00:07<00:00,  3.97s/it]
100%|████████████████████████████████████████████████████████████████████████████████████| 2/2 [00:07<00:00,  3.89s/it]
100%|████████████████████████████████████████████████████████████████████████████████████| 2/2 [00:08<00:00,  4.06s/it]
100%|████████████████████████████████████████████████████████████████████████████████████| 2/2 [00:07<00:00,  3.99s/it]
2026-05-10 02:16:03,040 - INFO - common_separator - Audio duration is 0.00 hours (10.00 seconds).
2026-05-10 02:16:03,040 - INFO - common_separator - Using pydub for writing.
2026-05-10 02:16:03,046 - INFO - common_separator - Writing output with 16-bit depth
2026-05-10 02:16:03,503 - INFO - common_separator - Audio duration is 0.00 hours (10.00 seconds).
2026-05-10 02:16:03,503 - INFO - common_separator - Using pydub for writing.
2026-05-10 02:16:03,508 - INFO - common_separator - Writing output with 16-bit depth
2026-05-10 02:16:03,804 - INFO - common_separator - Audio duration is 0.00 hours (10.00 seconds).
2026-05-10 02:16:03,804 - INFO - common_separator - Using pydub for writing.
2026-05-10 02:16:03,809 - INFO - common_separator - Writing output with 16-bit depth
2026-05-10 02:16:04,084 - INFO - common_separator - Audio duration is 0.00 hours (10.00 seconds).
2026-05-10 02:16:04,085 - INFO - common_separator - Using pydub for writing.
2026-05-10 02:16:04,089 - INFO - common_separator - Writing output with 16-bit depth
2026-05-10 02:16:05,274 - INFO - common_separator - Clearing input audio file paths, sources and stems...
2026-05-10 02:16:05,275 - INFO - separator - Separation duration: 00:01:09
2026-05-10 02:16:05,375 - INFO - separator - Processing chunk 16/19: C:\Users\justin\AppData\Local\Temp\audio-separator-
chunks-m5qnxqrn\chunk_0015.mp3
2026-05-10 02:16:05,375 - INFO - separator - Starting separation process for audio_file_path: C:\Users\justin\AppData\Lo
cal\Temp\audio-separator-chunks-m5qnxqrn\chunk_0015.mp3
2026-05-10 02:16:05,379 - INFO - common_separator - Input audio subtype: MPEG_LAYER_III
2026-05-10 02:16:05,379 - WARNING - common_separator - Unknown audio subtype MPEG_LAYER_III, defaulting to 16-bit output
2026-05-10 02:16:05,380 - INFO - common_separator - Detected input bit depth: 16-bit
100%|████████████████████████████████████████████████████████████████████████████████████| 2/2 [00:08<00:00,  4.10s/it]
100%|████████████████████████████████████████████████████████████████████████████████████| 2/2 [00:08<00:00,  4.01s/it]
100%|████████████████████████████████████████████████████████████████████████████████████| 2/2 [00:08<00:00,  4.03s/it]
100%|████████████████████████████████████████████████████████████████████████████████████| 2/2 [00:08<00:00,  4.04s/it]
100%|████████████████████████████████████████████████████████████████████████████████████| 2/2 [00:07<00:00,  3.97s/it]
100%|████████████████████████████████████████████████████████████████████████████████████| 2/2 [00:07<00:00,  4.00s/it]
100%|████████████████████████████████████████████████████████████████████████████████████| 2/2 [00:07<00:00,  3.95s/it]
100%|████████████████████████████████████████████████████████████████████████████████████| 2/2 [00:09<00:00,  4.82s/it]
2026-05-10 02:17:14,916 - INFO - common_separator - Audio duration is 0.00 hours (10.00 seconds).
2026-05-10 02:17:14,916 - INFO - common_separator - Using pydub for writing.
2026-05-10 02:17:14,922 - INFO - common_separator - Writing output with 16-bit depth
2026-05-10 02:17:15,479 - INFO - common_separator - Audio duration is 0.00 hours (10.00 seconds).
2026-05-10 02:17:15,479 - INFO - common_separator - Using pydub for writing.
2026-05-10 02:17:15,484 - INFO - common_separator - Writing output with 16-bit depth
2026-05-10 02:17:15,756 - INFO - common_separator - Audio duration is 0.00 hours (10.00 seconds).
2026-05-10 02:17:15,756 - INFO - common_separator - Using pydub for writing.
2026-05-10 02:17:15,761 - INFO - common_separator - Writing output with 16-bit depth
2026-05-10 02:17:16,053 - INFO - common_separator - Audio duration is 0.00 hours (10.00 seconds).
2026-05-10 02:17:16,054 - INFO - common_separator - Using pydub for writing.
2026-05-10 02:17:16,059 - INFO - common_separator - Writing output with 16-bit depth
2026-05-10 02:17:17,283 - INFO - common_separator - Clearing input audio file paths, sources and stems...
2026-05-10 02:17:17,283 - INFO - separator - Separation duration: 00:01:11
2026-05-10 02:17:17,375 - INFO - separator - Processing chunk 17/19: C:\Users\justin\AppData\Local\Temp\audio-separator-
chunks-m5qnxqrn\chunk_0016.mp3
2026-05-10 02:17:17,375 - INFO - separator - Starting separation process for audio_file_path: C:\Users\justin\AppData\Lo
cal\Temp\audio-separator-chunks-m5qnxqrn\chunk_0016.mp3
2026-05-10 02:17:17,379 - INFO - common_separator - Input audio subtype: MPEG_LAYER_III
2026-05-10 02:17:17,380 - WARNING - common_separator - Unknown audio subtype MPEG_LAYER_III, defaulting to 16-bit output
2026-05-10 02:17:17,381 - INFO - common_separator - Detected input bit depth: 16-bit
100%|████████████████████████████████████████████████████████████████████████████████████| 2/2 [00:08<00:00,  4.08s/it]
100%|████████████████████████████████████████████████████████████████████████████████████| 2/2 [00:08<00:00,  4.11s/it]
100%|████████████████████████████████████████████████████████████████████████████████████| 2/2 [00:07<00:00,  3.99s/it]
100%|████████████████████████████████████████████████████████████████████████████████████| 2/2 [00:07<00:00,  3.93s/it]
100%|████████████████████████████████████████████████████████████████████████████████████| 2/2 [00:08<00:00,  4.08s/it]
100%|████████████████████████████████████████████████████████████████████████████████████| 2/2 [00:08<00:00,  4.01s/it]
100%|████████████████████████████████████████████████████████████████████████████████████| 2/2 [00:07<00:00,  3.98s/it]
100%|████████████████████████████████████████████████████████████████████████████████████| 2/2 [00:07<00:00,  3.99s/it]
2026-05-10 02:18:26,658 - INFO - common_separator - Audio duration is 0.00 hours (10.00 seconds).
2026-05-10 02:18:26,659 - INFO - common_separator - Using pydub for writing.
2026-05-10 02:18:26,664 - INFO - common_separator - Writing output with 16-bit depth
2026-05-10 02:18:27,021 - INFO - common_separator - Audio duration is 0.00 hours (10.00 seconds).
2026-05-10 02:18:27,021 - INFO - common_separator - Using pydub for writing.
2026-05-10 02:18:27,025 - INFO - common_separator - Writing output with 16-bit depth
2026-05-10 02:18:27,286 - INFO - common_separator - Audio duration is 0.00 hours (10.00 seconds).
2026-05-10 02:18:27,286 - INFO - common_separator - Using pydub for writing.
2026-05-10 02:18:27,290 - INFO - common_separator - Writing output with 16-bit depth
2026-05-10 02:18:27,560 - INFO - common_separator - Audio duration is 0.00 hours (10.00 seconds).
2026-05-10 02:18:27,561 - INFO - common_separator - Using pydub for writing.
2026-05-10 02:18:27,565 - INFO - common_separator - Writing output with 16-bit depth
2026-05-10 02:18:28,796 - INFO - common_separator - Clearing input audio file paths, sources and stems...
2026-05-10 02:18:28,796 - INFO - separator - Separation duration: 00:01:11
2026-05-10 02:18:28,888 - INFO - separator - Processing chunk 18/19: C:\Users\justin\AppData\Local\Temp\audio-separator-
chunks-m5qnxqrn\chunk_0017.mp3
2026-05-10 02:18:28,889 - INFO - separator - Starting separation process for audio_file_path: C:\Users\justin\AppData\Lo
cal\Temp\audio-separator-chunks-m5qnxqrn\chunk_0017.mp3
2026-05-10 02:18:28,892 - INFO - common_separator - Input audio subtype: MPEG_LAYER_III
2026-05-10 02:18:28,892 - WARNING - common_separator - Unknown audio subtype MPEG_LAYER_III, defaulting to 16-bit output
2026-05-10 02:18:28,893 - INFO - common_separator - Detected input bit depth: 16-bit
100%|████████████████████████████████████████████████████████████████████████████████████| 2/2 [00:08<00:00,  4.08s/it]
100%|████████████████████████████████████████████████████████████████████████████████████| 2/2 [00:08<00:00,  4.33s/it]
100%|████████████████████████████████████████████████████████████████████████████████████| 2/2 [00:08<00:00,  4.04s/it]
100%|████████████████████████████████████████████████████████████████████████████████████| 2/2 [00:08<00:00,  4.00s/it]
100%|████████████████████████████████████████████████████████████████████████████████████| 2/2 [00:08<00:00,  4.00s/it]
100%|████████████████████████████████████████████████████████████████████████████████████| 2/2 [00:08<00:00,  4.08s/it]
100%|████████████████████████████████████████████████████████████████████████████████████| 2/2 [00:08<00:00,  4.03s/it]
100%|████████████████████████████████████████████████████████████████████████████████████| 2/2 [00:08<00:00,  4.10s/it]
2026-05-10 02:19:38,782 - INFO - common_separator - Audio duration is 0.00 hours (10.00 seconds).
2026-05-10 02:19:38,782 - INFO - common_separator - Using pydub for writing.
2026-05-10 02:19:38,788 - INFO - common_separator - Writing output with 16-bit depth
2026-05-10 02:19:39,126 - INFO - common_separator - Audio duration is 0.00 hours (10.00 seconds).
2026-05-10 02:19:39,126 - INFO - common_separator - Using pydub for writing.
2026-05-10 02:19:39,131 - INFO - common_separator - Writing output with 16-bit depth
2026-05-10 02:19:39,398 - INFO - common_separator - Audio duration is 0.00 hours (10.00 seconds).
2026-05-10 02:19:39,398 - INFO - common_separator - Using pydub for writing.
2026-05-10 02:19:39,403 - INFO - common_separator - Writing output with 16-bit depth
2026-05-10 02:19:39,670 - INFO - common_separator - Audio duration is 0.00 hours (10.00 seconds).
2026-05-10 02:19:39,670 - INFO - common_separator - Using pydub for writing.
2026-05-10 02:19:39,674 - INFO - common_separator - Writing output with 16-bit depth
2026-05-10 02:19:40,006 - INFO - common_separator - Clearing input audio file paths, sources and stems...
2026-05-10 02:19:40,006 - INFO - separator - Separation duration: 00:01:11
2026-05-10 02:19:40,949 - INFO - separator - Processing chunk 19/19: C:\Users\justin\AppData\Local\Temp\audio-separator-
chunks-m5qnxqrn\chunk_0018.mp3
2026-05-10 02:19:40,949 - INFO - separator - Starting separation process for audio_file_path: C:\Users\justin\AppData\Lo
cal\Temp\audio-separator-chunks-m5qnxqrn\chunk_0018.mp3
2026-05-10 02:19:40,952 - INFO - common_separator - Input audio subtype: MPEG_LAYER_III
2026-05-10 02:19:40,953 - WARNING - common_separator - Unknown audio subtype MPEG_LAYER_III, defaulting to 16-bit output
2026-05-10 02:19:40,953 - INFO - common_separator - Detected input bit depth: 16-bit
2026-05-10 02:19:40,956 - ERROR - common_separator - Audio file C:\Users\justin\AppData\Local\Temp\audio-separator-chunk
s-m5qnxqrn\chunk_0018.mp3 is empty or not valid
2026-05-10 02:19:40,995 - ERROR - separator - Failed to process file E:\shorter_term_storage\Music\IncomingMusic\07 - Th
e Black Keys - The Big Come Up - 07 - Leavin' Trunk.mp3: Audio file C:\Users\justin\AppData\Local\Temp\audio-separator-c
hunks-m5qnxqrn\chunk_0018.mp3 is empty or not valid
Successfully processed 'E:\shorter_term_storage\Music\IncomingMusic\07 - The Black Keys - The Big Come Up - 07 - Leavin'
 Trunk.mp3'. All default stems saved to 'C:\Users\justin\Dropbox\stems\leavintrunk'
Processing custom stem output request: ['drums', 'vocals+bass+other']
Warning: Requested single stem 'drums' not found. It will not be included in the final output.
Warning: Individual stem 'vocals' not found for combination 'vocals+bass+other'. It will be omitted from the mix.
Warning: Individual stem 'bass' not found for combination 'vocals+bass+other'. It will be omitted from the mix.
Warning: Individual stem 'other' not found for combination 'vocals+bass+other'. It will be omitted from the mix.
Warning: No valid individual stems found to mix for 'vocals+bass+other'. No mixed track will be created.
Final output files for '07 - The Black Keys - The Big Come Up - 07 - Leavin' Trunk': []

All tasks in the queue have been processed.
Python script finished successfully.
Script finished.
**********************
Windows PowerShell transcript end
End time: 20260510022443
**********************
