**********************
Windows PowerShell transcript start
Start time: 20260510120728
Username: DESKTOP-HS8GE90\justin
RunAs User: DESKTOP-HS8GE90\justin
Configuration Name: 
Machine: DESKTOP-HS8GE90 (Microsoft Windows NT 10.0.19045.0)
Host Application: powershell.exe -NoProfile -ExecutionPolicy Bypass -File C:\Users\justin\Documents\Coding\stemqueue\run_stemqueue.ps1
Process ID: 272
PSVersion: 5.1.19041.6456
PSEdition: Desktop
PSCompatibleVersions: 1.0, 2.0, 3.0, 4.0, 5.0, 5.1.19041.6456
BuildVersion: 10.0.19041.6456
CLRVersion: 4.0.30319.42000
WSManStackVersion: 3.0
PSRemotingProtocolVersion: 2.3
SerializationVersion: 1.1.0.1
**********************
Transcript started, output file is C:\Users\justin\Documents\Coding\stemqueue\run_log_20260510_120728.log
Current working directory: C:\WINDOWS\system32
Current working directory (after Set-Location): C:\Users\justin\Documents\Coding\stemqueue
Activating virtual environment...
Virtual environment activated.
Upgrading pip within the virtual environment...
Requirement already satisfied: pip in .\venv\lib\site-packages (26.1.1)
pip upgraded successfully.
Attempting to install/upgrade audio-separator to the latest available version...
Requirement already satisfied: audio-separator in .\venv\lib\site-packages (0.44.1)
Requirement already satisfied: beartype<0.19.0,>=0.18.5 in .\venv\lib\site-packages (from audio-separator) (0.18.5)
Requirement already satisfied: diffq-fixed>=0.2 in .\venv\lib\site-packages (from audio-separator) (0.2.4)
Requirement already satisfied: einops>=0.7 in .\venv\lib\site-packages (from audio-separator) (0.8.2)
Requirement already satisfied: julius>=0.2 in .\venv\lib\site-packages (from audio-separator) (0.2.7)
Requirement already satisfied: librosa>=0.10 in .\venv\lib\site-packages (from audio-separator) (0.11.0)
Requirement already satisfied: ml_collections in .\venv\lib\site-packages (from audio-separator) (1.1.0)
Requirement already satisfied: numpy>=2 in .\venv\lib\site-packages (from audio-separator) (2.2.6)
Requirement already satisfied: onnx-weekly in .\venv\lib\site-packages (from audio-separator) (1.22.0.dev20260504)
Requirement already satisfied: onnx2torch-py313>=1.6 in .\venv\lib\site-packages (from audio-separator) (1.6.0)
Requirement already satisfied: pydub>=0.25 in .\venv\lib\site-packages (from audio-separator) (0.25.1)
Requirement already satisfied: pyyaml in .\venv\lib\site-packages (from audio-separator) (6.0.3)
Requirement already satisfied: requests>=2 in .\venv\lib\site-packages (from audio-separator) (2.33.1)
Requirement already satisfied: resampy>=0.4 in .\venv\lib\site-packages (from audio-separator) (0.4.3)
Requirement already satisfied: rotary-embedding-torch<0.7.0,>=0.6.1 in .\venv\lib\site-packages (from audio-separator) (
0.6.5)
Requirement already satisfied: samplerate==0.1.0 in .\venv\lib\site-packages (from audio-separator) (0.1.0)
Requirement already satisfied: scipy<2.0.0,>=1.13.0 in .\venv\lib\site-packages (from audio-separator) (1.15.3)
Requirement already satisfied: six>=1.16 in .\venv\lib\site-packages (from audio-separator) (1.17.0)
Requirement already satisfied: soundfile>=0.12 in .\venv\lib\site-packages (from audio-separator) (0.13.1)
Requirement already satisfied: torch>=2.3 in .\venv\lib\site-packages (from audio-separator) (2.11.0)
Requirement already satisfied: tqdm in .\venv\lib\site-packages (from audio-separator) (4.67.3)
Requirement already satisfied: cffi>=1.0.0 in .\venv\lib\site-packages (from samplerate==0.1.0->audio-separator) (2.0.0)

Requirement already satisfied: pycparser in .\venv\lib\site-packages (from cffi>=1.0.0->samplerate==0.1.0->audio-separat
or) (3.0)
Requirement already satisfied: Cython in .\venv\lib\site-packages (from diffq-fixed>=0.2->audio-separator) (3.2.4)
Requirement already satisfied: audioread>=2.1.9 in .\venv\lib\site-packages (from librosa>=0.10->audio-separator) (3.1.0
)
Requirement already satisfied: numba>=0.51.0 in .\venv\lib\site-packages (from librosa>=0.10->audio-separator) (0.65.1)
Requirement already satisfied: scikit-learn>=1.1.0 in .\venv\lib\site-packages (from librosa>=0.10->audio-separator) (1.
7.2)
Requirement already satisfied: joblib>=1.0 in .\venv\lib\site-packages (from librosa>=0.10->audio-separator) (1.5.3)
Requirement already satisfied: decorator>=4.3.0 in .\venv\lib\site-packages (from librosa>=0.10->audio-separator) (5.2.1
)
Requirement already satisfied: pooch>=1.1 in .\venv\lib\site-packages (from librosa>=0.10->audio-separator) (1.9.0)
Requirement already satisfied: soxr>=0.3.2 in .\venv\lib\site-packages (from librosa>=0.10->audio-separator) (1.1.0)
Requirement already satisfied: typing_extensions>=4.1.1 in .\venv\lib\site-packages (from librosa>=0.10->audio-separator
) (4.15.0)
Requirement already satisfied: lazy_loader>=0.1 in .\venv\lib\site-packages (from librosa>=0.10->audio-separator) (0.5)
Requirement already satisfied: msgpack>=1.0 in .\venv\lib\site-packages (from librosa>=0.10->audio-separator) (1.1.2)
Requirement already satisfied: packaging in .\venv\lib\site-packages (from lazy_loader>=0.1->librosa>=0.10->audio-separa
tor) (26.2)
Requirement already satisfied: llvmlite<0.48,>=0.47.0dev0 in .\venv\lib\site-packages (from numba>=0.51.0->librosa>=0.10
->audio-separator) (0.47.0)
Requirement already satisfied: torchvision>=0.9.0 in .\venv\lib\site-packages (from onnx2torch-py313>=1.6->audio-separat
or) (0.26.0)
Requirement already satisfied: platformdirs>=2.5.0 in .\venv\lib\site-packages (from pooch>=1.1->librosa>=0.10->audio-se
parator) (4.9.6)
Requirement already satisfied: charset_normalizer<4,>=2 in .\venv\lib\site-packages (from requests>=2->audio-separator)
(3.4.7)
Requirement already satisfied: idna<4,>=2.5 in .\venv\lib\site-packages (from requests>=2->audio-separator) (3.13)
Requirement already satisfied: urllib3<3,>=1.26 in .\venv\lib\site-packages (from requests>=2->audio-separator) (2.7.0)
Requirement already satisfied: certifi>=2023.5.7 in .\venv\lib\site-packages (from requests>=2->audio-separator) (2026.4
.22)
Requirement already satisfied: threadpoolctl>=3.1.0 in .\venv\lib\site-packages (from scikit-learn>=1.1.0->librosa>=0.10
->audio-separator) (3.6.0)
Requirement already satisfied: filelock in .\venv\lib\site-packages (from torch>=2.3->audio-separator) (3.29.0)
Requirement already satisfied: setuptools<82 in .\venv\lib\site-packages (from torch>=2.3->audio-separator) (65.5.0)
Requirement already satisfied: sympy>=1.13.3 in .\venv\lib\site-packages (from torch>=2.3->audio-separator) (1.14.0)
Requirement already satisfied: networkx>=2.5.1 in .\venv\lib\site-packages (from torch>=2.3->audio-separator) (3.4.2)
Requirement already satisfied: jinja2 in .\venv\lib\site-packages (from torch>=2.3->audio-separator) (3.1.6)
Requirement already satisfied: fsspec>=0.8.5 in .\venv\lib\site-packages (from torch>=2.3->audio-separator) (2026.4.0)
Requirement already satisfied: mpmath<1.4,>=1.1.0 in .\venv\lib\site-packages (from sympy>=1.13.3->torch>=2.3->audio-sep
arator) (1.3.0)
Requirement already satisfied: pillow!=8.3.*,>=5.3.0 in .\venv\lib\site-packages (from torchvision>=0.9.0->onnx2torch-py
313>=1.6->audio-separator) (12.2.0)
Requirement already satisfied: MarkupSafe>=2.0 in .\venv\lib\site-packages (from jinja2->torch>=2.3->audio-separator) (3
.0.3)
Requirement already satisfied: absl-py in .\venv\lib\site-packages (from ml_collections->audio-separator) (2.4.0)
Requirement already satisfied: protobuf>=4.25.1 in .\venv\lib\site-packages (from onnx-weekly->audio-separator) (7.34.1)

Requirement already satisfied: ml_dtypes>=0.5.0 in .\venv\lib\site-packages (from onnx-weekly->audio-separator) (0.5.4)
Requirement already satisfied: colorama in .\venv\lib\site-packages (from tqdm->audio-separator) (0.4.6)
audio-separator installed/upgraded successfully.
Verifying installed audio-separator version...
Installed audio-separator version:
Listing all installed packages (pip freeze):
absl-py==2.4.0
audio-separator==0.44.1
audioread==3.1.0
beartype==0.18.5
certifi==2026.4.22
cffi==2.0.0
charset-normalizer==3.4.7
colorama==0.4.6
coloredlogs==15.0.1
Cython==3.2.4
decorator==5.2.1
diffq-fixed==0.2.4
einops==0.8.2
filelock==3.29.0
flatbuffers==25.12.19
fsspec==2026.4.0
humanfriendly==10.0
idna==3.13
Jinja2==3.1.6
joblib==1.5.3
julius==0.2.7
lazy-loader==0.5
librosa==0.11.0
llvmlite==0.47.0
MarkupSafe==3.0.3
ml_collections==1.1.0
ml_dtypes==0.5.4
mpmath==1.3.0
msgpack==1.1.2
networkx==3.4.2
numba==0.65.1
numpy==2.2.6
onnx-weekly==1.22.0.dev20260504
onnx2torch-py313==1.6.0
onnxruntime==1.23.2
packaging==26.2
pillow==12.2.0
platformdirs==4.9.6
pooch==1.9.0
protobuf==7.34.1
pycparser==3.0
pydub==0.25.1
pyreadline3==3.5.4
PyYAML==6.0.3
requests==2.33.1
resampy==0.4.3
rotary-embedding-torch==0.6.5
samplerate==0.1.0
scikit-learn==1.7.2
scipy==1.15.3
six==1.17.0
soundfile==0.13.1
soxr==1.1.0
sympy==1.14.0
threadpoolctl==3.6.0
torch==2.11.0
torchvision==0.26.0
tqdm==4.67.3
typing_extensions==4.15.0
urllib3==2.7.0
Checking for onnxruntime installation...

onnxruntime is already installed.
WARNING: FFmpeg bin path not found at 'C:\ffmpeg\ffmpeg-master-latest-win64-gpl\bin'. Please verify your FFmpeg installation and update the script if necessary.
Starting audio separation process...
Python executable: C:\Users\justin\Documents\Coding\stemqueue\venv\Scripts\python.exe
Main script: main.py
Queue file: task_queue.json
Successfully loaded queue from task_queue.json
Starting audio separation queue with 2 tasks...

--- Task 1/2 ---
Processing 'E:\shorter_term_storage\Music\Phish\A Picture of Nectar\06 Manteca.mp3' with model 'htdemucs_ft'...
2026-05-10 12:07:56,061 - INFO - separator - Separator version 0.44.1 instantiating with output_dir: C:\Users\justin\Dro
pbox\stems\leavintrunk, output_format: MP3
2026-05-10 12:07:56,062 - INFO - separator - Using model directory from model_file_dir parameter: /tmp/audio-separator-m
odels/
2026-05-10 12:07:56,070 - INFO - separator - Operating System: Windows 10.0.19045
2026-05-10 12:07:56,071 - INFO - separator - System: Windows Node: DESKTOP-HS8GE90 Release: 10 Machine: AMD64 Proc: Inte
l64 Family 6 Model 60 Stepping 3, GenuineIntel
2026-05-10 12:07:56,076 - INFO - separator - Python Version: 3.10.11
2026-05-10 12:07:56,076 - INFO - separator - PyTorch Version: 2.11.0+cpu
2026-05-10 12:07:56,334 - INFO - separator - FFmpeg installed: ffmpeg version 2026-05-06-git-f2e5eff3ff-essentials_build
-www.gyan.dev Copyright (c) 2000-2026 the FFmpeg developers
2026-05-10 12:07:56,345 - INFO - separator - ONNX Runtime CPU package installed with version: 1.23.2
2026-05-10 12:07:56,349 - INFO - separator - No hardware acceleration could be configured, running in CPU mode
Found actual model filename 'htdemucs_ft.yaml' for friendly name 'htdemucs_ft' (Type: Demucs)
2026-05-10 12:07:56,492 - INFO - separator - Loading model htdemucs_ft.yaml...
2026-05-10 12:07:56,636 - INFO - demucs_separator - Demucs Separator initialisation complete
2026-05-10 12:07:56,637 - INFO - separator - Load model duration: 00:00:00
2026-05-10 12:07:56,639 - INFO - separator - Processing file: E:\shorter_term_storage\Music\Phish\A Picture of Nectar\06
 Manteca.mp3
2026-05-10 12:07:59,864 - INFO - separator - File duration 29.4s exceeds chunk size 15s, using chunked processing
2026-05-10 12:08:01,495 - INFO - audio_chunking - Splitting 29.4s audio into 2 chunks of 15.0s each
2026-05-10 12:08:02,310 - INFO - separator - Processing chunk 1/2: C:\Users\justin\AppData\Local\Temp\audio-separator-ch
unks-saqe11h2\chunk_0000.mp3
2026-05-10 12:08:02,311 - INFO - separator - Starting separation process for audio_file_path: C:\Users\justin\AppData\Lo
cal\Temp\audio-separator-chunks-saqe11h2\chunk_0000.mp3
2026-05-10 12:08:02,314 - INFO - common_separator - Input audio subtype: MPEG_LAYER_III
2026-05-10 12:08:02,315 - WARNING - common_separator - Unknown audio subtype MPEG_LAYER_III, defaulting to 16-bit output
2026-05-10 12:08:02,315 - INFO - common_separator - Detected input bit depth: 16-bit
100%|████████████████████████████████████████████████████████████████████████████████████| 3/3 [00:20<00:00,  6.86s/it]
100%|████████████████████████████████████████████████████████████████████████████████████| 3/3 [00:22<00:00,  7.47s/it]
100%|████████████████████████████████████████████████████████████████████████████████████| 3/3 [00:21<00:00,  7.16s/it]
100%|████████████████████████████████████████████████████████████████████████████████████| 3/3 [00:21<00:00,  7.10s/it]
100%|████████████████████████████████████████████████████████████████████████████████████| 3/3 [00:22<00:00,  7.67s/it]
100%|████████████████████████████████████████████████████████████████████████████████████| 3/3 [00:20<00:00,  6.85s/it]
100%|████████████████████████████████████████████████████████████████████████████████████| 3/3 [00:16<00:00,  5.43s/it]
100%|████████████████████████████████████████████████████████████████████████████████████| 3/3 [00:22<00:00,  7.55s/it]
2026-05-10 12:11:06,883 - INFO - common_separator - Audio duration is 0.00 hours (15.00 seconds).
2026-05-10 12:11:06,883 - INFO - common_separator - Using pydub for writing.
2026-05-10 12:11:06,892 - INFO - common_separator - Writing output with 16-bit depth
2026-05-10 12:11:07,559 - INFO - common_separator - Audio duration is 0.00 hours (15.00 seconds).
2026-05-10 12:11:07,559 - INFO - common_separator - Using pydub for writing.
2026-05-10 12:11:07,574 - INFO - common_separator - Writing output with 16-bit depth
2026-05-10 12:11:08,347 - INFO - common_separator - Audio duration is 0.00 hours (15.00 seconds).
2026-05-10 12:11:08,351 - INFO - common_separator - Using pydub for writing.
2026-05-10 12:11:08,366 - INFO - common_separator - Writing output with 16-bit depth
2026-05-10 12:11:08,846 - INFO - common_separator - Audio duration is 0.00 hours (15.00 seconds).
2026-05-10 12:11:08,846 - INFO - common_separator - Using pydub for writing.
2026-05-10 12:11:08,855 - INFO - common_separator - Writing output with 16-bit depth
2026-05-10 12:11:09,370 - INFO - common_separator - Clearing input audio file paths, sources and stems...
2026-05-10 12:11:09,370 - INFO - separator - Separation duration: 00:03:07
2026-05-10 12:11:09,476 - INFO - separator - Processing chunk 2/2: C:\Users\justin\AppData\Local\Temp\audio-separator-ch
unks-saqe11h2\chunk_0001.mp3
2026-05-10 12:11:09,477 - INFO - separator - Starting separation process for audio_file_path: C:\Users\justin\AppData\Lo
cal\Temp\audio-separator-chunks-saqe11h2\chunk_0001.mp3
2026-05-10 12:11:09,480 - INFO - common_separator - Input audio subtype: MPEG_LAYER_III
2026-05-10 12:11:09,481 - WARNING - common_separator - Unknown audio subtype MPEG_LAYER_III, defaulting to 16-bit output
2026-05-10 12:11:09,481 - INFO - common_separator - Detected input bit depth: 16-bit
100%|████████████████████████████████████████████████████████████████████████████████████| 3/3 [00:17<00:00,  5.73s/it]
100%|████████████████████████████████████████████████████████████████████████████████████| 3/3 [00:18<00:00,  6.05s/it]
100%|████████████████████████████████████████████████████████████████████████████████████| 3/3 [00:23<00:00,  7.75s/it]
100%|████████████████████████████████████████████████████████████████████████████████████| 3/3 [00:38<00:00, 12.82s/it]
100%|████████████████████████████████████████████████████████████████████████████████████| 3/3 [00:14<00:00,  4.87s/it]
100%|████████████████████████████████████████████████████████████████████████████████████| 3/3 [00:12<00:00,  4.20s/it]
100%|████████████████████████████████████████████████████████████████████████████████████| 3/3 [00:14<00:00,  4.92s/it]
100%|████████████████████████████████████████████████████████████████████████████████████| 3/3 [00:15<00:00,  5.26s/it]
2026-05-10 12:13:51,839 - INFO - common_separator - Audio duration is 0.00 hours (14.43 seconds).
2026-05-10 12:13:51,840 - INFO - common_separator - Using pydub for writing.
2026-05-10 12:13:51,852 - INFO - common_separator - Writing output with 16-bit depth
2026-05-10 12:13:52,328 - INFO - common_separator - Audio duration is 0.00 hours (14.43 seconds).
2026-05-10 12:13:52,328 - INFO - common_separator - Using pydub for writing.
2026-05-10 12:13:52,335 - INFO - common_separator - Writing output with 16-bit depth
2026-05-10 12:13:52,791 - INFO - common_separator - Audio duration is 0.00 hours (14.43 seconds).
2026-05-10 12:13:52,791 - INFO - common_separator - Using pydub for writing.
2026-05-10 12:13:52,797 - INFO - common_separator - Writing output with 16-bit depth
2026-05-10 12:13:53,262 - INFO - common_separator - Audio duration is 0.00 hours (14.43 seconds).
2026-05-10 12:13:53,263 - INFO - common_separator - Using pydub for writing.
2026-05-10 12:13:53,270 - INFO - common_separator - Writing output with 16-bit depth
2026-05-10 12:13:54,111 - INFO - common_separator - Clearing input audio file paths, sources and stems...
2026-05-10 12:13:54,111 - INFO - separator - Separation duration: 00:02:44
2026-05-10 12:13:54,222 - INFO - separator - Merging 2 chunks for stem: Bass
2026-05-10 12:13:54,223 - INFO - audio_chunking - Merging 2 chunks into C:\Users\justin\Dropbox\stems\leavintrunk\06 Man
teca_(Bass).mp3
2026-05-10 12:13:55,364 - INFO - audio_chunking - Exporting merged audio (29.4s) to C:\Users\justin\Dropbox\stems\leavin
trunk\06 Manteca_(Bass).mp3
2026-05-10 12:13:56,123 - INFO - separator - Merging 2 chunks for stem: Drums
2026-05-10 12:13:56,124 - INFO - audio_chunking - Merging 2 chunks into C:\Users\justin\Dropbox\stems\leavintrunk\06 Man
teca_(Drums).mp3
2026-05-10 12:13:57,003 - INFO - audio_chunking - Exporting merged audio (29.4s) to C:\Users\justin\Dropbox\stems\leavin
trunk\06 Manteca_(Drums).mp3
2026-05-10 12:13:57,778 - INFO - separator - Merging 2 chunks for stem: Other
2026-05-10 12:13:57,779 - INFO - audio_chunking - Merging 2 chunks into C:\Users\justin\Dropbox\stems\leavintrunk\06 Man
teca_(Other).mp3
2026-05-10 12:13:58,917 - INFO - audio_chunking - Exporting merged audio (29.4s) to C:\Users\justin\Dropbox\stems\leavin
trunk\06 Manteca_(Other).mp3
2026-05-10 12:13:59,928 - INFO - separator - Merging 2 chunks for stem: Vocals
2026-05-10 12:13:59,929 - INFO - audio_chunking - Merging 2 chunks into C:\Users\justin\Dropbox\stems\leavintrunk\06 Man
teca_(Vocals).mp3
2026-05-10 12:14:00,643 - INFO - audio_chunking - Exporting merged audio (29.4s) to C:\Users\justin\Dropbox\stems\leavin
trunk\06 Manteca_(Vocals).mp3
2026-05-10 12:14:01,364 - INFO - separator - Chunked processing completed. Output files: ['C:\\Users\\justin\\Dropbox\\s
tems\\leavintrunk\\06 Manteca_(Bass).mp3', 'C:\\Users\\justin\\Dropbox\\stems\\leavintrunk\\06 Manteca_(Drums).mp3', 'C:
\\Users\\justin\\Dropbox\\stems\\leavintrunk\\06 Manteca_(Other).mp3', 'C:\\Users\\justin\\Dropbox\\stems\\leavintrunk\\
06 Manteca_(Vocals).mp3']
Successfully processed 'E:\shorter_term_storage\Music\Phish\A Picture of Nectar\06 Manteca.mp3'. All default stems saved
 to 'C:\Users\justin\Dropbox\stems\leavintrunk'
Processing custom stem output request: ['drums', 'vocals+bass+other']
Keeping single stem: drums
Mixing 3 stems for 'vocals+bass+other'...
Successfully created mixed track: C:\Users\justin\Dropbox\stems\leavintrunk\06 Manteca_(vocals_bass_other).mp3
Final output files for '06 Manteca': ['C:\\Users\\justin\\Dropbox\\stems\\leavintrunk\\06 Manteca_(Drums).mp3', 'C:\\Use
rs\\justin\\Dropbox\\stems\\leavintrunk\\06 Manteca_(vocals_bass_other).mp3']

--- Task 2/2 ---
Processing 'E:\shorter_term_storage\Music\IncomingMusic\07 - The Black Keys - The Big Come Up - 07 - Leavin' Trunk.mp3'
with model 'htdemucs_ft'...
2026-05-10 12:14:03,719 - INFO - separator - Separator version 0.44.1 instantiating with output_dir: C:\Users\justin\Dro
pbox\stems\leavintrunk, output_format: MP3
2026-05-10 12:14:03,720 - INFO - separator - Using model directory from model_file_dir parameter: /tmp/audio-separator-m
odels/
2026-05-10 12:14:03,722 - INFO - separator - Operating System: Windows 10.0.19045
2026-05-10 12:14:03,722 - INFO - separator - System: Windows Node: DESKTOP-HS8GE90 Release: 10 Machine: AMD64 Proc: Inte
l64 Family 6 Model 60 Stepping 3, GenuineIntel
2026-05-10 12:14:03,735 - INFO - separator - Python Version: 3.10.11
2026-05-10 12:14:03,736 - INFO - separator - PyTorch Version: 2.11.0+cpu
2026-05-10 12:14:03,882 - INFO - separator - FFmpeg installed: ffmpeg version 2026-05-06-git-f2e5eff3ff-essentials_build
-www.gyan.dev Copyright (c) 2000-2026 the FFmpeg developers
2026-05-10 12:14:03,905 - INFO - separator - ONNX Runtime CPU package installed with version: 1.23.2
2026-05-10 12:14:03,910 - INFO - separator - No hardware acceleration could be configured, running in CPU mode
Found actual model filename 'htdemucs_ft.yaml' for friendly name 'htdemucs_ft' (Type: Demucs)
2026-05-10 12:14:03,967 - INFO - separator - Loading model htdemucs_ft.yaml...
2026-05-10 12:14:03,995 - INFO - demucs_separator - Demucs Separator initialisation complete
2026-05-10 12:14:03,995 - INFO - separator - Load model duration: 00:00:00
2026-05-10 12:14:03,997 - INFO - separator - Processing file: E:\shorter_term_storage\Music\IncomingMusic\07 - The Black
 Keys - The Big Come Up - 07 - Leavin' Trunk.mp3
2026-05-10 12:14:04,070 - INFO - separator - File duration 180.2s exceeds chunk size 15s, using chunked processing
2026-05-10 12:14:05,331 - INFO - audio_chunking - Splitting 180.2s audio into 13 chunks of 15.0s each
2026-05-10 12:14:13,277 - INFO - separator - Processing chunk 1/13: C:\Users\justin\AppData\Local\Temp\audio-separator-c
hunks-orix7xbz\chunk_0000.mp3
2026-05-10 12:14:13,278 - INFO - separator - Starting separation process for audio_file_path: C:\Users\justin\AppData\Lo
cal\Temp\audio-separator-chunks-orix7xbz\chunk_0000.mp3
2026-05-10 12:14:13,281 - INFO - common_separator - Input audio subtype: MPEG_LAYER_III
2026-05-10 12:14:13,282 - WARNING - common_separator - Unknown audio subtype MPEG_LAYER_III, defaulting to 16-bit output
2026-05-10 12:14:13,282 - INFO - common_separator - Detected input bit depth: 16-bit
100%|████████████████████████████████████████████████████████████████████████████████████| 3/3 [00:17<00:00,  5.68s/it]
100%|████████████████████████████████████████████████████████████████████████████████████| 3/3 [00:16<00:00,  5.56s/it]
100%|████████████████████████████████████████████████████████████████████████████████████| 3/3 [00:17<00:00,  5.73s/it]
100%|████████████████████████████████████████████████████████████████████████████████████| 3/3 [00:17<00:00,  5.68s/it]
100%|████████████████████████████████████████████████████████████████████████████████████| 3/3 [00:15<00:00,  5.02s/it]
100%|████████████████████████████████████████████████████████████████████████████████████| 3/3 [00:13<00:00,  4.41s/it]
100%|████████████████████████████████████████████████████████████████████████████████████| 3/3 [00:12<00:00,  4.05s/it]
100%|████████████████████████████████████████████████████████████████████████████████████| 3/3 [00:12<00:00,  4.04s/it]
2026-05-10 12:16:25,079 - INFO - common_separator - Audio duration is 0.00 hours (15.00 seconds).
2026-05-10 12:16:25,080 - INFO - common_separator - Using pydub for writing.
2026-05-10 12:16:25,091 - INFO - common_separator - Writing output with 16-bit depth
2026-05-10 12:16:25,808 - INFO - common_separator - Audio duration is 0.00 hours (15.00 seconds).
2026-05-10 12:16:25,808 - INFO - common_separator - Using pydub for writing.
2026-05-10 12:16:25,815 - INFO - common_separator - Writing output with 16-bit depth
2026-05-10 12:16:26,191 - INFO - common_separator - Audio duration is 0.00 hours (15.00 seconds).
2026-05-10 12:16:26,192 - INFO - common_separator - Using pydub for writing.
2026-05-10 12:16:26,199 - INFO - common_separator - Writing output with 16-bit depth
2026-05-10 12:16:26,548 - INFO - common_separator - Audio duration is 0.00 hours (15.00 seconds).
2026-05-10 12:16:26,548 - INFO - common_separator - Using pydub for writing.
2026-05-10 12:16:26,554 - INFO - common_separator - Writing output with 16-bit depth
2026-05-10 12:16:27,008 - INFO - common_separator - Clearing input audio file paths, sources and stems...
2026-05-10 12:16:27,008 - INFO - separator - Separation duration: 00:02:13
2026-05-10 12:16:27,101 - INFO - separator - Processing chunk 2/13: C:\Users\justin\AppData\Local\Temp\audio-separator-c
hunks-orix7xbz\chunk_0001.mp3
2026-05-10 12:16:27,101 - INFO - separator - Starting separation process for audio_file_path: C:\Users\justin\AppData\Lo
cal\Temp\audio-separator-chunks-orix7xbz\chunk_0001.mp3
2026-05-10 12:16:27,106 - INFO - common_separator - Input audio subtype: MPEG_LAYER_III
2026-05-10 12:16:27,106 - WARNING - common_separator - Unknown audio subtype MPEG_LAYER_III, defaulting to 16-bit output
2026-05-10 12:16:27,106 - INFO - common_separator - Detected input bit depth: 16-bit
100%|████████████████████████████████████████████████████████████████████████████████████| 3/3 [00:12<00:00,  4.07s/it]
100%|████████████████████████████████████████████████████████████████████████████████████| 3/3 [00:12<00:00,  4.04s/it]
100%|████████████████████████████████████████████████████████████████████████████████████| 3/3 [00:12<00:00,  4.05s/it]
100%|████████████████████████████████████████████████████████████████████████████████████| 3/3 [00:12<00:00,  4.06s/it]
100%|████████████████████████████████████████████████████████████████████████████████████| 3/3 [00:12<00:00,  4.03s/it]
100%|████████████████████████████████████████████████████████████████████████████████████| 3/3 [00:12<00:00,  4.13s/it]
100%|████████████████████████████████████████████████████████████████████████████████████| 3/3 [00:12<00:00,  4.23s/it]
100%|████████████████████████████████████████████████████████████████████████████████████| 3/3 [00:11<00:00,  3.98s/it]
2026-05-10 12:18:09,890 - INFO - common_separator - Audio duration is 0.00 hours (15.00 seconds).
2026-05-10 12:18:09,890 - INFO - common_separator - Using pydub for writing.
2026-05-10 12:18:09,897 - INFO - common_separator - Writing output with 16-bit depth
2026-05-10 12:18:10,244 - INFO - common_separator - Audio duration is 0.00 hours (15.00 seconds).
2026-05-10 12:18:10,245 - INFO - common_separator - Using pydub for writing.
2026-05-10 12:18:10,250 - INFO - common_separator - Writing output with 16-bit depth
2026-05-10 12:18:10,590 - INFO - common_separator - Audio duration is 0.00 hours (15.00 seconds).
2026-05-10 12:18:10,591 - INFO - common_separator - Using pydub for writing.
2026-05-10 12:18:10,596 - INFO - common_separator - Writing output with 16-bit depth
2026-05-10 12:18:10,959 - INFO - common_separator - Audio duration is 0.00 hours (15.00 seconds).
2026-05-10 12:18:10,959 - INFO - common_separator - Using pydub for writing.
2026-05-10 12:18:10,965 - INFO - common_separator - Writing output with 16-bit depth
2026-05-10 12:18:11,402 - INFO - common_separator - Clearing input audio file paths, sources and stems...
2026-05-10 12:18:11,403 - INFO - separator - Separation duration: 00:01:44
2026-05-10 12:18:11,494 - INFO - separator - Processing chunk 3/13: C:\Users\justin\AppData\Local\Temp\audio-separator-c
hunks-orix7xbz\chunk_0002.mp3
2026-05-10 12:18:11,494 - INFO - separator - Starting separation process for audio_file_path: C:\Users\justin\AppData\Lo
cal\Temp\audio-separator-chunks-orix7xbz\chunk_0002.mp3
2026-05-10 12:18:11,497 - INFO - common_separator - Input audio subtype: MPEG_LAYER_III
2026-05-10 12:18:11,498 - WARNING - common_separator - Unknown audio subtype MPEG_LAYER_III, defaulting to 16-bit output
2026-05-10 12:18:11,498 - INFO - common_separator - Detected input bit depth: 16-bit
100%|████████████████████████████████████████████████████████████████████████████████████| 3/3 [00:12<00:00,  4.16s/it]
100%|████████████████████████████████████████████████████████████████████████████████████| 3/3 [00:12<00:00,  4.06s/it]
100%|████████████████████████████████████████████████████████████████████████████████████| 3/3 [00:12<00:00,  4.29s/it]
100%|████████████████████████████████████████████████████████████████████████████████████| 3/3 [00:12<00:00,  4.02s/it]
100%|████████████████████████████████████████████████████████████████████████████████████| 3/3 [00:12<00:00,  4.05s/it]
100%|████████████████████████████████████████████████████████████████████████████████████| 3/3 [00:12<00:00,  4.02s/it]
100%|████████████████████████████████████████████████████████████████████████████████████| 3/3 [00:12<00:00,  4.03s/it]
100%|████████████████████████████████████████████████████████████████████████████████████| 3/3 [00:11<00:00,  3.98s/it]
2026-05-10 12:19:53,066 - INFO - common_separator - Audio duration is 0.00 hours (15.00 seconds).
2026-05-10 12:19:53,066 - INFO - common_separator - Using pydub for writing.
2026-05-10 12:19:53,073 - INFO - common_separator - Writing output with 16-bit depth
2026-05-10 12:19:53,438 - INFO - common_separator - Audio duration is 0.00 hours (15.00 seconds).
2026-05-10 12:19:53,438 - INFO - common_separator - Using pydub for writing.
2026-05-10 12:19:53,444 - INFO - common_separator - Writing output with 16-bit depth
2026-05-10 12:19:53,804 - INFO - common_separator - Audio duration is 0.00 hours (15.00 seconds).
2026-05-10 12:19:53,804 - INFO - common_separator - Using pydub for writing.
2026-05-10 12:19:53,810 - INFO - common_separator - Writing output with 16-bit depth
2026-05-10 12:19:54,192 - INFO - common_separator - Audio duration is 0.00 hours (15.00 seconds).
2026-05-10 12:19:54,193 - INFO - common_separator - Using pydub for writing.
2026-05-10 12:19:54,199 - INFO - common_separator - Writing output with 16-bit depth
2026-05-10 12:19:54,632 - INFO - common_separator - Clearing input audio file paths, sources and stems...
2026-05-10 12:19:54,633 - INFO - separator - Separation duration: 00:01:43
2026-05-10 12:19:54,730 - INFO - separator - Processing chunk 4/13: C:\Users\justin\AppData\Local\Temp\audio-separator-c
hunks-orix7xbz\chunk_0003.mp3
2026-05-10 12:19:54,731 - INFO - separator - Starting separation process for audio_file_path: C:\Users\justin\AppData\Lo
cal\Temp\audio-separator-chunks-orix7xbz\chunk_0003.mp3
2026-05-10 12:19:54,734 - INFO - common_separator - Input audio subtype: MPEG_LAYER_III
2026-05-10 12:19:54,734 - WARNING - common_separator - Unknown audio subtype MPEG_LAYER_III, defaulting to 16-bit output
2026-05-10 12:19:54,735 - INFO - common_separator - Detected input bit depth: 16-bit
100%|████████████████████████████████████████████████████████████████████████████████████| 3/3 [00:12<00:00,  4.23s/it]
100%|████████████████████████████████████████████████████████████████████████████████████| 3/3 [00:12<00:00,  4.06s/it]
100%|████████████████████████████████████████████████████████████████████████████████████| 3/3 [00:12<00:00,  4.05s/it]
100%|████████████████████████████████████████████████████████████████████████████████████| 3/3 [00:13<00:00,  4.36s/it]
100%|████████████████████████████████████████████████████████████████████████████████████| 3/3 [00:11<00:00,  4.00s/it]
100%|████████████████████████████████████████████████████████████████████████████████████| 3/3 [00:12<00:00,  4.30s/it]
100%|████████████████████████████████████████████████████████████████████████████████████| 3/3 [00:15<00:00,  5.32s/it]
100%|████████████████████████████████████████████████████████████████████████████████████| 3/3 [00:16<00:00,  5.49s/it]
2026-05-10 12:21:46,115 - INFO - common_separator - Audio duration is 0.00 hours (15.00 seconds).
2026-05-10 12:21:46,117 - INFO - common_separator - Using pydub for writing.
2026-05-10 12:21:46,126 - INFO - common_separator - Writing output with 16-bit depth
2026-05-10 12:21:47,419 - INFO - common_separator - Audio duration is 0.00 hours (15.00 seconds).
2026-05-10 12:21:47,419 - INFO - common_separator - Using pydub for writing.
2026-05-10 12:21:47,428 - INFO - common_separator - Writing output with 16-bit depth
2026-05-10 12:21:48,056 - INFO - common_separator - Audio duration is 0.00 hours (15.00 seconds).
2026-05-10 12:21:48,056 - INFO - common_separator - Using pydub for writing.
2026-05-10 12:21:48,063 - INFO - common_separator - Writing output with 16-bit depth
2026-05-10 12:21:48,488 - INFO - common_separator - Audio duration is 0.00 hours (15.00 seconds).
2026-05-10 12:21:48,488 - INFO - common_separator - Using pydub for writing.
2026-05-10 12:21:48,496 - INFO - common_separator - Writing output with 16-bit depth
2026-05-10 12:21:48,986 - INFO - common_separator - Clearing input audio file paths, sources and stems...
2026-05-10 12:21:48,988 - INFO - separator - Separation duration: 00:01:54
2026-05-10 12:21:49,100 - INFO - separator - Processing chunk 5/13: C:\Users\justin\AppData\Local\Temp\audio-separator-c
hunks-orix7xbz\chunk_0004.mp3
2026-05-10 12:21:49,100 - INFO - separator - Starting separation process for audio_file_path: C:\Users\justin\AppData\Lo
cal\Temp\audio-separator-chunks-orix7xbz\chunk_0004.mp3
2026-05-10 12:21:49,103 - INFO - common_separator - Input audio subtype: MPEG_LAYER_III
2026-05-10 12:21:49,104 - WARNING - common_separator - Unknown audio subtype MPEG_LAYER_III, defaulting to 16-bit output
2026-05-10 12:21:49,104 - INFO - common_separator - Detected input bit depth: 16-bit
100%|████████████████████████████████████████████████████████████████████████████████████| 3/3 [00:12<00:00,  4.18s/it]
100%|████████████████████████████████████████████████████████████████████████████████████| 3/3 [00:12<00:00,  4.19s/it]
100%|████████████████████████████████████████████████████████████████████████████████████| 3/3 [00:12<00:00,  4.11s/it]
100%|████████████████████████████████████████████████████████████████████████████████████| 3/3 [00:13<00:00,  4.50s/it]
100%|████████████████████████████████████████████████████████████████████████████████████| 3/3 [00:12<00:00,  4.29s/it]
100%|████████████████████████████████████████████████████████████████████████████████████| 3/3 [00:12<00:00,  4.14s/it]
100%|████████████████████████████████████████████████████████████████████████████████████| 3/3 [00:13<00:00,  4.43s/it]
100%|████████████████████████████████████████████████████████████████████████████████████| 3/3 [00:11<00:00,  3.96s/it]
2026-05-10 12:23:36,543 - INFO - common_separator - Audio duration is 0.00 hours (15.00 seconds).
2026-05-10 12:23:36,544 - INFO - common_separator - Using pydub for writing.
2026-05-10 12:23:36,551 - INFO - common_separator - Writing output with 16-bit depth
2026-05-10 12:23:37,240 - INFO - common_separator - Audio duration is 0.00 hours (15.00 seconds).
2026-05-10 12:23:37,240 - INFO - common_separator - Using pydub for writing.
2026-05-10 12:23:37,244 - INFO - common_separator - Writing output with 16-bit depth
2026-05-10 12:23:37,612 - INFO - common_separator - Audio duration is 0.00 hours (15.00 seconds).
2026-05-10 12:23:37,612 - INFO - common_separator - Using pydub for writing.
2026-05-10 12:23:37,619 - INFO - common_separator - Writing output with 16-bit depth
2026-05-10 12:23:38,066 - INFO - common_separator - Audio duration is 0.00 hours (15.00 seconds).
2026-05-10 12:23:38,067 - INFO - common_separator - Using pydub for writing.
2026-05-10 12:23:38,073 - INFO - common_separator - Writing output with 16-bit depth
2026-05-10 12:23:38,537 - INFO - common_separator - Clearing input audio file paths, sources and stems...
2026-05-10 12:23:38,538 - INFO - separator - Separation duration: 00:01:49
2026-05-10 12:23:38,630 - INFO - separator - Processing chunk 6/13: C:\Users\justin\AppData\Local\Temp\audio-separator-c
hunks-orix7xbz\chunk_0005.mp3
2026-05-10 12:23:38,630 - INFO - separator - Starting separation process for audio_file_path: C:\Users\justin\AppData\Lo
cal\Temp\audio-separator-chunks-orix7xbz\chunk_0005.mp3
2026-05-10 12:23:38,635 - INFO - common_separator - Input audio subtype: MPEG_LAYER_III
2026-05-10 12:23:38,635 - WARNING - common_separator - Unknown audio subtype MPEG_LAYER_III, defaulting to 16-bit output
2026-05-10 12:23:38,636 - INFO - common_separator - Detected input bit depth: 16-bit
100%|████████████████████████████████████████████████████████████████████████████████████| 3/3 [00:12<00:00,  4.05s/it]
100%|████████████████████████████████████████████████████████████████████████████████████| 3/3 [00:11<00:00,  3.99s/it]
100%|████████████████████████████████████████████████████████████████████████████████████| 3/3 [00:11<00:00,  3.99s/it]
100%|████████████████████████████████████████████████████████████████████████████████████| 3/3 [00:12<00:00,  4.07s/it]
100%|████████████████████████████████████████████████████████████████████████████████████| 3/3 [00:12<00:00,  4.00s/it]
100%|████████████████████████████████████████████████████████████████████████████████████| 3/3 [00:12<00:00,  4.05s/it]
100%|████████████████████████████████████████████████████████████████████████████████████| 3/3 [00:11<00:00,  3.97s/it]
100%|████████████████████████████████████████████████████████████████████████████████████| 3/3 [00:11<00:00,  3.97s/it]
2026-05-10 12:25:20,909 - INFO - common_separator - Audio duration is 0.00 hours (15.00 seconds).
2026-05-10 12:25:20,910 - INFO - common_separator - Using pydub for writing.
2026-05-10 12:25:20,916 - INFO - common_separator - Writing output with 16-bit depth
2026-05-10 12:25:21,668 - INFO - common_separator - Audio duration is 0.00 hours (15.00 seconds).
2026-05-10 12:25:21,668 - INFO - common_separator - Using pydub for writing.
2026-05-10 12:25:21,674 - INFO - common_separator - Writing output with 16-bit depth
2026-05-10 12:25:22,046 - INFO - common_separator - Audio duration is 0.00 hours (15.00 seconds).
2026-05-10 12:25:22,047 - INFO - common_separator - Using pydub for writing.
2026-05-10 12:25:22,053 - INFO - common_separator - Writing output with 16-bit depth
2026-05-10 12:25:22,426 - INFO - common_separator - Audio duration is 0.00 hours (15.00 seconds).
2026-05-10 12:25:22,426 - INFO - common_separator - Using pydub for writing.
2026-05-10 12:25:22,432 - INFO - common_separator - Writing output with 16-bit depth
2026-05-10 12:25:22,879 - INFO - common_separator - Clearing input audio file paths, sources and stems...
2026-05-10 12:25:22,880 - INFO - separator - Separation duration: 00:01:44
2026-05-10 12:25:22,977 - INFO - separator - Processing chunk 7/13: C:\Users\justin\AppData\Local\Temp\audio-separator-c
hunks-orix7xbz\chunk_0006.mp3
2026-05-10 12:25:22,977 - INFO - separator - Starting separation process for audio_file_path: C:\Users\justin\AppData\Lo
cal\Temp\audio-separator-chunks-orix7xbz\chunk_0006.mp3
2026-05-10 12:25:22,980 - INFO - common_separator - Input audio subtype: MPEG_LAYER_III
2026-05-10 12:25:22,981 - WARNING - common_separator - Unknown audio subtype MPEG_LAYER_III, defaulting to 16-bit output
2026-05-10 12:25:22,981 - INFO - common_separator - Detected input bit depth: 16-bit
100%|████████████████████████████████████████████████████████████████████████████████████| 3/3 [00:12<00:00,  4.01s/it]
100%|████████████████████████████████████████████████████████████████████████████████████| 3/3 [00:11<00:00,  3.99s/it]
100%|████████████████████████████████████████████████████████████████████████████████████| 3/3 [00:12<00:00,  4.17s/it]
100%|████████████████████████████████████████████████████████████████████████████████████| 3/3 [00:12<00:00,  4.16s/it]
100%|████████████████████████████████████████████████████████████████████████████████████| 3/3 [00:12<00:00,  4.09s/it]
100%|████████████████████████████████████████████████████████████████████████████████████| 3/3 [00:11<00:00,  3.96s/it]
100%|████████████████████████████████████████████████████████████████████████████████████| 3/3 [00:11<00:00,  3.98s/it]
100%|████████████████████████████████████████████████████████████████████████████████████| 3/3 [00:11<00:00,  3.97s/it]
2026-05-10 12:27:04,808 - INFO - common_separator - Audio duration is 0.00 hours (15.00 seconds).
2026-05-10 12:27:04,809 - INFO - common_separator - Using pydub for writing.
2026-05-10 12:27:04,816 - INFO - common_separator - Writing output with 16-bit depth
2026-05-10 12:27:05,294 - INFO - common_separator - Audio duration is 0.00 hours (15.00 seconds).
2026-05-10 12:27:05,294 - INFO - common_separator - Using pydub for writing.
2026-05-10 12:27:05,300 - INFO - common_separator - Writing output with 16-bit depth
2026-05-10 12:27:05,661 - INFO - common_separator - Audio duration is 0.00 hours (15.00 seconds).
2026-05-10 12:27:05,661 - INFO - common_separator - Using pydub for writing.
2026-05-10 12:27:05,667 - INFO - common_separator - Writing output with 16-bit depth
2026-05-10 12:27:06,044 - INFO - common_separator - Audio duration is 0.00 hours (15.00 seconds).
2026-05-10 12:27:06,044 - INFO - common_separator - Using pydub for writing.
2026-05-10 12:27:06,050 - INFO - common_separator - Writing output with 16-bit depth
2026-05-10 12:27:06,490 - INFO - common_separator - Clearing input audio file paths, sources and stems...
2026-05-10 12:27:06,490 - INFO - separator - Separation duration: 00:01:43
2026-05-10 12:27:06,595 - INFO - separator - Processing chunk 8/13: C:\Users\justin\AppData\Local\Temp\audio-separator-c
hunks-orix7xbz\chunk_0007.mp3
2026-05-10 12:27:06,595 - INFO - separator - Starting separation process for audio_file_path: C:\Users\justin\AppData\Lo
cal\Temp\audio-separator-chunks-orix7xbz\chunk_0007.mp3
2026-05-10 12:27:06,599 - INFO - common_separator - Input audio subtype: MPEG_LAYER_III
2026-05-10 12:27:06,599 - WARNING - common_separator - Unknown audio subtype MPEG_LAYER_III, defaulting to 16-bit output
2026-05-10 12:27:06,600 - INFO - common_separator - Detected input bit depth: 16-bit
100%|████████████████████████████████████████████████████████████████████████████████████| 3/3 [00:12<00:00,  4.11s/it]
100%|████████████████████████████████████████████████████████████████████████████████████| 3/3 [00:12<00:00,  4.04s/it]
100%|████████████████████████████████████████████████████████████████████████████████████| 3/3 [00:12<00:00,  4.11s/it]
100%|████████████████████████████████████████████████████████████████████████████████████| 3/3 [00:12<00:00,  4.05s/it]
100%|████████████████████████████████████████████████████████████████████████████████████| 3/3 [00:12<00:00,  4.06s/it]
100%|████████████████████████████████████████████████████████████████████████████████████| 3/3 [00:12<00:00,  4.06s/it]
100%|████████████████████████████████████████████████████████████████████████████████████| 3/3 [00:12<00:00,  4.30s/it]
100%|████████████████████████████████████████████████████████████████████████████████████| 3/3 [00:12<00:00,  4.01s/it]
2026-05-10 12:28:50,226 - INFO - common_separator - Audio duration is 0.00 hours (15.00 seconds).
2026-05-10 12:28:50,227 - INFO - common_separator - Using pydub for writing.
2026-05-10 12:28:50,233 - INFO - common_separator - Writing output with 16-bit depth
2026-05-10 12:28:50,676 - INFO - common_separator - Audio duration is 0.00 hours (15.00 seconds).
2026-05-10 12:28:50,676 - INFO - common_separator - Using pydub for writing.
2026-05-10 12:28:50,682 - INFO - common_separator - Writing output with 16-bit depth
2026-05-10 12:28:51,020 - INFO - common_separator - Audio duration is 0.00 hours (15.00 seconds).
2026-05-10 12:28:51,020 - INFO - common_separator - Using pydub for writing.
2026-05-10 12:28:51,026 - INFO - common_separator - Writing output with 16-bit depth
2026-05-10 12:28:51,387 - INFO - common_separator - Audio duration is 0.00 hours (15.00 seconds).
2026-05-10 12:28:51,387 - INFO - common_separator - Using pydub for writing.
2026-05-10 12:28:51,394 - INFO - common_separator - Writing output with 16-bit depth
2026-05-10 12:28:51,826 - INFO - common_separator - Clearing input audio file paths, sources and stems...
2026-05-10 12:28:51,827 - INFO - separator - Separation duration: 00:01:45
2026-05-10 12:28:51,920 - INFO - separator - Processing chunk 9/13: C:\Users\justin\AppData\Local\Temp\audio-separator-c
hunks-orix7xbz\chunk_0008.mp3
2026-05-10 12:28:51,920 - INFO - separator - Starting separation process for audio_file_path: C:\Users\justin\AppData\Lo
cal\Temp\audio-separator-chunks-orix7xbz\chunk_0008.mp3
2026-05-10 12:28:51,924 - INFO - common_separator - Input audio subtype: MPEG_LAYER_III
2026-05-10 12:28:51,924 - WARNING - common_separator - Unknown audio subtype MPEG_LAYER_III, defaulting to 16-bit output
2026-05-10 12:28:51,925 - INFO - common_separator - Detected input bit depth: 16-bit
100%|████████████████████████████████████████████████████████████████████████████████████| 3/3 [00:12<00:00,  4.07s/it]
100%|████████████████████████████████████████████████████████████████████████████████████| 3/3 [00:12<00:00,  4.12s/it]
100%|████████████████████████████████████████████████████████████████████████████████████| 3/3 [00:11<00:00,  3.99s/it]
100%|████████████████████████████████████████████████████████████████████████████████████| 3/3 [00:12<00:00,  4.13s/it]
100%|████████████████████████████████████████████████████████████████████████████████████| 3/3 [00:12<00:00,  4.02s/it]
100%|████████████████████████████████████████████████████████████████████████████████████| 3/3 [00:13<00:00,  4.36s/it]
100%|████████████████████████████████████████████████████████████████████████████████████| 3/3 [00:12<00:00,  4.01s/it]
100%|████████████████████████████████████████████████████████████████████████████████████| 3/3 [00:12<00:00,  4.09s/it]
2026-05-10 12:30:35,101 - INFO - common_separator - Audio duration is 0.00 hours (15.00 seconds).
2026-05-10 12:30:35,101 - INFO - common_separator - Using pydub for writing.
2026-05-10 12:30:35,108 - INFO - common_separator - Writing output with 16-bit depth
2026-05-10 12:30:35,570 - INFO - common_separator - Audio duration is 0.00 hours (15.00 seconds).
2026-05-10 12:30:35,571 - INFO - common_separator - Using pydub for writing.
2026-05-10 12:30:35,576 - INFO - common_separator - Writing output with 16-bit depth
2026-05-10 12:30:35,924 - INFO - common_separator - Audio duration is 0.00 hours (15.00 seconds).
2026-05-10 12:30:35,925 - INFO - common_separator - Using pydub for writing.
2026-05-10 12:30:35,930 - INFO - common_separator - Writing output with 16-bit depth
2026-05-10 12:30:36,309 - INFO - common_separator - Audio duration is 0.00 hours (15.00 seconds).
2026-05-10 12:30:36,309 - INFO - common_separator - Using pydub for writing.
2026-05-10 12:30:36,315 - INFO - common_separator - Writing output with 16-bit depth
2026-05-10 12:30:36,748 - INFO - common_separator - Clearing input audio file paths, sources and stems...
2026-05-10 12:30:36,749 - INFO - separator - Separation duration: 00:01:44
2026-05-10 12:30:36,844 - INFO - separator - Processing chunk 10/13: C:\Users\justin\AppData\Local\Temp\audio-separator-
chunks-orix7xbz\chunk_0009.mp3
2026-05-10 12:30:36,844 - INFO - separator - Starting separation process for audio_file_path: C:\Users\justin\AppData\Lo
cal\Temp\audio-separator-chunks-orix7xbz\chunk_0009.mp3
2026-05-10 12:30:36,849 - INFO - common_separator - Input audio subtype: MPEG_LAYER_III
2026-05-10 12:30:36,849 - WARNING - common_separator - Unknown audio subtype MPEG_LAYER_III, defaulting to 16-bit output
2026-05-10 12:30:36,850 - INFO - common_separator - Detected input bit depth: 16-bit
100%|████████████████████████████████████████████████████████████████████████████████████| 3/3 [00:12<00:00,  4.00s/it]
100%|████████████████████████████████████████████████████████████████████████████████████| 3/3 [00:12<00:00,  4.04s/it]
100%|████████████████████████████████████████████████████████████████████████████████████| 3/3 [00:12<00:00,  4.07s/it]
100%|████████████████████████████████████████████████████████████████████████████████████| 3/3 [00:12<00:00,  4.10s/it]
100%|████████████████████████████████████████████████████████████████████████████████████| 3/3 [00:12<00:00,  4.04s/it]
100%|████████████████████████████████████████████████████████████████████████████████████| 3/3 [00:11<00:00,  3.99s/it]
100%|████████████████████████████████████████████████████████████████████████████████████| 3/3 [00:11<00:00,  3.94s/it]
100%|████████████████████████████████████████████████████████████████████████████████████| 3/3 [00:11<00:00,  4.00s/it]
2026-05-10 12:32:17,990 - INFO - common_separator - Audio duration is 0.00 hours (15.00 seconds).
2026-05-10 12:32:17,990 - INFO - common_separator - Using pydub for writing.
2026-05-10 12:32:17,997 - INFO - common_separator - Writing output with 16-bit depth
2026-05-10 12:32:18,496 - INFO - common_separator - Audio duration is 0.00 hours (15.00 seconds).
2026-05-10 12:32:18,496 - INFO - common_separator - Using pydub for writing.
2026-05-10 12:32:18,504 - INFO - common_separator - Writing output with 16-bit depth
2026-05-10 12:32:18,867 - INFO - common_separator - Audio duration is 0.00 hours (15.00 seconds).
2026-05-10 12:32:18,867 - INFO - common_separator - Using pydub for writing.
2026-05-10 12:32:18,873 - INFO - common_separator - Writing output with 16-bit depth
2026-05-10 12:32:19,255 - INFO - common_separator - Audio duration is 0.00 hours (15.00 seconds).
2026-05-10 12:32:19,255 - INFO - common_separator - Using pydub for writing.
2026-05-10 12:32:19,261 - INFO - common_separator - Writing output with 16-bit depth
2026-05-10 12:32:19,690 - INFO - common_separator - Clearing input audio file paths, sources and stems...
2026-05-10 12:32:19,690 - INFO - separator - Separation duration: 00:01:42
2026-05-10 12:32:19,795 - INFO - separator - Processing chunk 11/13: C:\Users\justin\AppData\Local\Temp\audio-separator-
chunks-orix7xbz\chunk_0010.mp3
2026-05-10 12:32:19,795 - INFO - separator - Starting separation process for audio_file_path: C:\Users\justin\AppData\Lo
cal\Temp\audio-separator-chunks-orix7xbz\chunk_0010.mp3
2026-05-10 12:32:19,798 - INFO - common_separator - Input audio subtype: MPEG_LAYER_III
2026-05-10 12:32:19,799 - WARNING - common_separator - Unknown audio subtype MPEG_LAYER_III, defaulting to 16-bit output
2026-05-10 12:32:19,800 - INFO - common_separator - Detected input bit depth: 16-bit
100%|████████████████████████████████████████████████████████████████████████████████████| 3/3 [00:12<00:00,  4.15s/it]
100%|████████████████████████████████████████████████████████████████████████████████████| 3/3 [00:12<00:00,  4.21s/it]
100%|████████████████████████████████████████████████████████████████████████████████████| 3/3 [00:12<00:00,  4.01s/it]
100%|████████████████████████████████████████████████████████████████████████████████████| 3/3 [00:12<00:00,  4.21s/it]
100%|████████████████████████████████████████████████████████████████████████████████████| 3/3 [00:12<00:00,  4.23s/it]
100%|████████████████████████████████████████████████████████████████████████████████████| 3/3 [00:11<00:00,  3.99s/it]
100%|████████████████████████████████████████████████████████████████████████████████████| 3/3 [00:11<00:00,  3.93s/it]
100%|████████████████████████████████████████████████████████████████████████████████████| 3/3 [00:12<00:00,  4.01s/it]
2026-05-10 12:34:03,509 - INFO - common_separator - Audio duration is 0.00 hours (15.00 seconds).
2026-05-10 12:34:03,509 - INFO - common_separator - Using pydub for writing.
2026-05-10 12:34:03,516 - INFO - common_separator - Writing output with 16-bit depth
2026-05-10 12:34:03,982 - INFO - common_separator - Audio duration is 0.00 hours (15.00 seconds).
2026-05-10 12:34:03,982 - INFO - common_separator - Using pydub for writing.
2026-05-10 12:34:03,988 - INFO - common_separator - Writing output with 16-bit depth
2026-05-10 12:34:04,348 - INFO - common_separator - Audio duration is 0.00 hours (15.00 seconds).
2026-05-10 12:34:04,348 - INFO - common_separator - Using pydub for writing.
2026-05-10 12:34:04,356 - INFO - common_separator - Writing output with 16-bit depth
2026-05-10 12:34:04,733 - INFO - common_separator - Audio duration is 0.00 hours (15.00 seconds).
2026-05-10 12:34:04,733 - INFO - common_separator - Using pydub for writing.
2026-05-10 12:34:04,742 - INFO - common_separator - Writing output with 16-bit depth
2026-05-10 12:34:05,168 - INFO - common_separator - Clearing input audio file paths, sources and stems...
2026-05-10 12:34:05,169 - INFO - separator - Separation duration: 00:01:45
2026-05-10 12:34:05,268 - INFO - separator - Processing chunk 12/13: C:\Users\justin\AppData\Local\Temp\audio-separator-
chunks-orix7xbz\chunk_0011.mp3
2026-05-10 12:34:05,268 - INFO - separator - Starting separation process for audio_file_path: C:\Users\justin\AppData\Lo
cal\Temp\audio-separator-chunks-orix7xbz\chunk_0011.mp3
2026-05-10 12:34:05,273 - INFO - common_separator - Input audio subtype: MPEG_LAYER_III
2026-05-10 12:34:05,274 - WARNING - common_separator - Unknown audio subtype MPEG_LAYER_III, defaulting to 16-bit output
2026-05-10 12:34:05,276 - INFO - common_separator - Detected input bit depth: 16-bit
100%|████████████████████████████████████████████████████████████████████████████████████| 3/3 [00:12<00:00,  4.17s/it]
100%|████████████████████████████████████████████████████████████████████████████████████| 3/3 [00:12<00:00,  4.17s/it]
100%|████████████████████████████████████████████████████████████████████████████████████| 3/3 [00:12<00:00,  4.04s/it]
100%|████████████████████████████████████████████████████████████████████████████████████| 3/3 [00:12<00:00,  4.06s/it]
100%|████████████████████████████████████████████████████████████████████████████████████| 3/3 [00:12<00:00,  4.03s/it]
100%|████████████████████████████████████████████████████████████████████████████████████| 3/3 [00:12<00:00,  4.19s/it]
100%|████████████████████████████████████████████████████████████████████████████████████| 3/3 [00:11<00:00,  3.94s/it]
100%|████████████████████████████████████████████████████████████████████████████████████| 3/3 [00:12<00:00,  4.10s/it]
2026-05-10 12:35:48,041 - INFO - common_separator - Audio duration is 0.00 hours (15.00 seconds).
2026-05-10 12:35:48,041 - INFO - common_separator - Using pydub for writing.
2026-05-10 12:35:48,048 - INFO - common_separator - Writing output with 16-bit depth
2026-05-10 12:35:48,516 - INFO - common_separator - Audio duration is 0.00 hours (15.00 seconds).
2026-05-10 12:35:48,516 - INFO - common_separator - Using pydub for writing.
2026-05-10 12:35:48,523 - INFO - common_separator - Writing output with 16-bit depth
2026-05-10 12:35:48,949 - INFO - common_separator - Audio duration is 0.00 hours (15.00 seconds).
2026-05-10 12:35:48,949 - INFO - common_separator - Using pydub for writing.
2026-05-10 12:35:48,955 - INFO - common_separator - Writing output with 16-bit depth
2026-05-10 12:35:49,334 - INFO - common_separator - Audio duration is 0.00 hours (15.00 seconds).
2026-05-10 12:35:49,334 - INFO - common_separator - Using pydub for writing.
2026-05-10 12:35:49,341 - INFO - common_separator - Writing output with 16-bit depth
2026-05-10 12:35:49,783 - INFO - common_separator - Clearing input audio file paths, sources and stems...
2026-05-10 12:35:49,784 - INFO - separator - Separation duration: 00:01:44
2026-05-10 12:35:49,886 - INFO - separator - Processing chunk 13/13: C:\Users\justin\AppData\Local\Temp\audio-separator-
chunks-orix7xbz\chunk_0012.mp3
2026-05-10 12:35:49,886 - INFO - separator - Starting separation process for audio_file_path: C:\Users\justin\AppData\Lo
cal\Temp\audio-separator-chunks-orix7xbz\chunk_0012.mp3
2026-05-10 12:35:49,891 - INFO - common_separator - Input audio subtype: MPEG_LAYER_III
2026-05-10 12:35:49,892 - WARNING - common_separator - Unknown audio subtype MPEG_LAYER_III, defaulting to 16-bit output
2026-05-10 12:35:49,892 - INFO - common_separator - Detected input bit depth: 16-bit
2026-05-10 12:35:49,894 - ERROR - common_separator - Audio file C:\Users\justin\AppData\Local\Temp\audio-separator-chunk
s-orix7xbz\chunk_0012.mp3 is empty or not valid
2026-05-10 12:35:49,922 - ERROR - separator - Failed to process file E:\shorter_term_storage\Music\IncomingMusic\07 - Th
e Black Keys - The Big Come Up - 07 - Leavin' Trunk.mp3: Audio file C:\Users\justin\AppData\Local\Temp\audio-separator-c
hunks-orix7xbz\chunk_0012.mp3 is empty or not valid
Successfully processed 'E:\shorter_term_storage\Music\IncomingMusic\07 - The Black Keys - The Big Come Up - 07 - Leavin'
 Trunk.mp3'. All default stems saved to 'C:\Users\justin\Dropbox\stems\leavintrunk'
Processing custom stem output request: ['drums', 'vocals+bass+other']
Warning: Requested single stem 'drums' not found. It will not be included in the final output.
Warning: Individual stem 'vocals' not found for combination 'vocals+bass+other'. It will be omitted from the mix.
Warning: Individual stem 'bass' not found for combination 'vocals+bass+other'. It will be omitted from the mix.
Warning: Individual stem 'other' not found for combination 'vocals+bass+other'. It will be omitted from the mix.
Warning: No valid individual stems found to mix for 'vocals+bass+other'. No mixed track will be created.
Final output files for '07 - The Black Keys - The Big Come Up - 07 - Leavin' Trunk': []

All tasks in the queue have been processed.
Python script finished successfully.
Script finished.
**********************
Windows PowerShell transcript end
End time: 20260510124051
**********************
