**********************
Windows PowerShell transcript start
Start time: 20260510005800
Username: DESKTOP-HS8GE90\justin
RunAs User: DESKTOP-HS8GE90\justin
Configuration Name: 
Machine: DESKTOP-HS8GE90 (Microsoft Windows NT 10.0.19045.0)
Host Application: powershell.exe -NoProfile -ExecutionPolicy Bypass -File C:\Users\justin\Documents\Coding\stemqueue\run_stemqueue.ps1
Process ID: 7908
PSVersion: 5.1.19041.6456
PSEdition: Desktop
PSCompatibleVersions: 1.0, 2.0, 3.0, 4.0, 5.0, 5.1.19041.6456
BuildVersion: 10.0.19041.6456
CLRVersion: 4.0.30319.42000
WSManStackVersion: 3.0
PSRemotingProtocolVersion: 2.3
SerializationVersion: 1.1.0.1
**********************
Transcript started, output file is C:\Users\justin\Documents\Coding\stemqueue\run_log_20260510_005800.log
Current working directory: C:\WINDOWS\system32
Current working directory (after Set-Location): C:\Users\justin\Documents\Coding\stemqueue
Activating virtual environment...
Virtual environment activated.
Checking for audio-separator installation...

audio-separator is already installed.
Checking for onnxruntime installation...

onnxruntime is already installed.
WARNING: FFmpeg bin path not found at 'C:\ffmpeg\ffmpeg-master-latest-win64-gpl\bin'. Please verify your FFmpeg installation and update the script if necessary.
Starting audio separation process...
Python executable: C:\Users\justin\Documents\Coding\stemqueue\venv\Scripts\python.exe
Main script: main.py
Queue file: task_queue.json
Successfully loaded queue from task_queue.json
Starting audio separation queue with 1 tasks...

--- Task 1/1 ---
Processing 'E:\shorter_term_storage\Music\Phish\A Picture of Nectar\06 Manteca.mp3' with model 'htdemucs_ft'...
2026-05-10 00:58:07,309 - INFO - separator - Separator version 0.44.1 instantiating with output_dir: C:\Users\justin\Dro
pbox\stems\leavintrunk, output_format: WAV
2026-05-10 00:58:07,309 - INFO - separator - Using model directory from model_file_dir parameter: /tmp/audio-separator-m
odels/
2026-05-10 00:58:07,311 - INFO - separator - Operating System: Windows 10.0.19045
2026-05-10 00:58:07,311 - INFO - separator - System: Windows Node: DESKTOP-HS8GE90 Release: 10 Machine: AMD64 Proc: Inte
l64 Family 6 Model 60 Stepping 3, GenuineIntel
2026-05-10 00:58:07,311 - INFO - separator - Python Version: 3.10.11
2026-05-10 00:58:07,311 - INFO - separator - PyTorch Version: 2.11.0+cpu
2026-05-10 00:58:07,388 - INFO - separator - FFmpeg installed: ffmpeg version 2026-05-06-git-f2e5eff3ff-essentials_build
-www.gyan.dev Copyright (c) 2000-2026 the FFmpeg developers
2026-05-10 00:58:07,395 - INFO - separator - ONNX Runtime CPU package installed with version: 1.23.2
2026-05-10 00:58:07,398 - INFO - separator - No hardware acceleration could be configured, running in CPU mode
Found actual model filename 'htdemucs_ft.yaml' for friendly name 'htdemucs_ft' (Type: Demucs)
2026-05-10 00:58:07,490 - INFO - separator - Loading model htdemucs_ft.yaml...
2026-05-10 00:58:07,601 - INFO - demucs_separator - Demucs Separator initialisation complete
2026-05-10 00:58:07,601 - INFO - separator - Load model duration: 00:00:00
2026-05-10 00:58:07,602 - INFO - separator - Processing file: E:\shorter_term_storage\Music\Phish\A Picture of Nectar\06
 Manteca.mp3
2026-05-10 00:58:08,983 - INFO - separator - File duration 29.4s exceeds chunk size 10s, using chunked processing
2026-05-10 00:58:09,338 - INFO - audio_chunking - Splitting 29.4s audio into 3 chunks of 10.0s each
2026-05-10 00:58:10,090 - INFO - separator - Processing chunk 1/3: C:\Users\justin\AppData\Local\Temp\audio-separator-ch
unks-_gdw_qvq\chunk_0000.mp3
2026-05-10 00:58:10,090 - INFO - separator - Starting separation process for audio_file_path: C:\Users\justin\AppData\Lo
cal\Temp\audio-separator-chunks-_gdw_qvq\chunk_0000.mp3
2026-05-10 00:58:10,091 - INFO - common_separator - Input audio subtype: MPEG_LAYER_III
2026-05-10 00:58:10,092 - WARNING - common_separator - Unknown audio subtype MPEG_LAYER_III, defaulting to 16-bit output
2026-05-10 00:58:10,092 - INFO - common_separator - Detected input bit depth: 16-bit
100%|████████████████████████████████████████████████████████████████████████████████████| 2/2 [00:11<00:00,  5.55s/it]
100%|████████████████████████████████████████████████████████████████████████████████████| 2/2 [00:09<00:00,  4.79s/it]
100%|████████████████████████████████████████████████████████████████████████████████████| 2/2 [00:09<00:00,  5.00s/it]
100%|████████████████████████████████████████████████████████████████████████████████████| 2/2 [00:07<00:00,  3.98s/it]
100%|████████████████████████████████████████████████████████████████████████████████████| 2/2 [00:07<00:00,  3.86s/it]
100%|████████████████████████████████████████████████████████████████████████████████████| 2/2 [00:07<00:00,  3.85s/it]
100%|████████████████████████████████████████████████████████████████████████████████████| 2/2 [00:07<00:00,  3.97s/it]
100%|████████████████████████████████████████████████████████████████████████████████████| 2/2 [00:07<00:00,  3.80s/it]
2026-05-10 00:59:28,992 - INFO - common_separator - Audio duration is 0.00 hours (10.00 seconds).
2026-05-10 00:59:28,993 - INFO - common_separator - Using pydub for writing.
2026-05-10 00:59:28,997 - INFO - common_separator - Writing output with 16-bit depth
2026-05-10 00:59:29,319 - INFO - common_separator - Clearing input audio file paths, sources and stems...
2026-05-10 00:59:29,320 - INFO - separator - Separation duration: 00:01:19
2026-05-10 00:59:29,414 - INFO - separator - Processing chunk 2/3: C:\Users\justin\AppData\Local\Temp\audio-separator-ch
unks-_gdw_qvq\chunk_0001.mp3
2026-05-10 00:59:29,414 - INFO - separator - Starting separation process for audio_file_path: C:\Users\justin\AppData\Lo
cal\Temp\audio-separator-chunks-_gdw_qvq\chunk_0001.mp3
2026-05-10 00:59:29,416 - INFO - common_separator - Input audio subtype: MPEG_LAYER_III
2026-05-10 00:59:29,416 - WARNING - common_separator - Unknown audio subtype MPEG_LAYER_III, defaulting to 16-bit output
2026-05-10 00:59:29,416 - INFO - common_separator - Detected input bit depth: 16-bit
100%|████████████████████████████████████████████████████████████████████████████████████| 2/2 [00:09<00:00,  4.52s/it]
100%|████████████████████████████████████████████████████████████████████████████████████| 2/2 [00:07<00:00,  3.92s/it]
100%|████████████████████████████████████████████████████████████████████████████████████| 2/2 [00:07<00:00,  3.94s/it]
100%|████████████████████████████████████████████████████████████████████████████████████| 2/2 [00:07<00:00,  3.94s/it]
100%|████████████████████████████████████████████████████████████████████████████████████| 2/2 [00:07<00:00,  3.92s/it]
100%|████████████████████████████████████████████████████████████████████████████████████| 2/2 [00:08<00:00,  4.22s/it]
100%|████████████████████████████████████████████████████████████████████████████████████| 2/2 [00:08<00:00,  4.30s/it]
100%|████████████████████████████████████████████████████████████████████████████████████| 2/2 [00:10<00:00,  5.02s/it]
2026-05-10 01:00:42,629 - INFO - common_separator - Audio duration is 0.00 hours (10.00 seconds).
2026-05-10 01:00:42,629 - INFO - common_separator - Using pydub for writing.
2026-05-10 01:00:42,633 - INFO - common_separator - Writing output with 16-bit depth
2026-05-10 01:00:43,239 - INFO - common_separator - Clearing input audio file paths, sources and stems...
2026-05-10 01:00:43,239 - INFO - separator - Separation duration: 00:01:13
2026-05-10 01:00:43,356 - INFO - separator - Processing chunk 3/3: C:\Users\justin\AppData\Local\Temp\audio-separator-ch
unks-_gdw_qvq\chunk_0002.mp3
2026-05-10 01:00:43,356 - INFO - separator - Starting separation process for audio_file_path: C:\Users\justin\AppData\Lo
cal\Temp\audio-separator-chunks-_gdw_qvq\chunk_0002.mp3
2026-05-10 01:00:43,358 - INFO - common_separator - Input audio subtype: MPEG_LAYER_III
2026-05-10 01:00:43,358 - WARNING - common_separator - Unknown audio subtype MPEG_LAYER_III, defaulting to 16-bit output
2026-05-10 01:00:43,358 - INFO - common_separator - Detected input bit depth: 16-bit
100%|████████████████████████████████████████████████████████████████████████████████████| 2/2 [00:09<00:00,  4.81s/it]
100%|████████████████████████████████████████████████████████████████████████████████████| 2/2 [00:11<00:00,  5.84s/it]
100%|████████████████████████████████████████████████████████████████████████████████████| 2/2 [00:10<00:00,  5.37s/it]
100%|████████████████████████████████████████████████████████████████████████████████████| 2/2 [00:08<00:00,  4.39s/it]
100%|████████████████████████████████████████████████████████████████████████████████████| 2/2 [00:09<00:00,  4.88s/it]
100%|████████████████████████████████████████████████████████████████████████████████████| 2/2 [00:09<00:00,  4.51s/it]
100%|████████████████████████████████████████████████████████████████████████████████████| 2/2 [00:08<00:00,  4.16s/it]
100%|████████████████████████████████████████████████████████████████████████████████████| 2/2 [00:08<00:00,  4.35s/it]
2026-05-10 01:02:05,412 - INFO - common_separator - Audio duration is 0.00 hours (9.43 seconds).
2026-05-10 01:02:05,412 - INFO - common_separator - Using pydub for writing.
2026-05-10 01:02:05,416 - INFO - common_separator - Writing output with 16-bit depth
2026-05-10 01:02:05,688 - INFO - common_separator - Clearing input audio file paths, sources and stems...
2026-05-10 01:02:05,688 - INFO - separator - Separation duration: 00:01:22
2026-05-10 01:02:05,777 - INFO - separator - Merging 3 chunks for stem: Drums
2026-05-10 01:02:05,778 - INFO - audio_chunking - Merging 3 chunks into C:\Users\justin\Dropbox\stems\leavintrunk\06 Man
teca_(Drums).wav
2026-05-10 01:02:05,788 - INFO - audio_chunking - Exporting merged audio (29.4s) to C:\Users\justin\Dropbox\stems\leavin
trunk\06 Manteca_(Drums).wav
2026-05-10 01:02:05,791 - INFO - separator - Chunked processing completed. Output files: ['C:\\Users\\justin\\Dropbox\\s
tems\\leavintrunk\\06 Manteca_(Drums).wav']
Successfully processed 'E:\shorter_term_storage\Music\Phish\A Picture of Nectar\06 Manteca.mp3'. Output saved to 'C:\Use
rs\justin\Dropbox\stems\leavintrunk'

All tasks in the queue have been processed.
Python script finished successfully.
Script finished.
