**********************
Windows PowerShell transcript start
Start time: 20260510191207
Username: DESKTOP-HS8GE90\justin
RunAs User: DESKTOP-HS8GE90\justin
Configuration Name: 
Machine: DESKTOP-HS8GE90 (Microsoft Windows NT 10.0.19045.0)
Host Application: powershell.exe -NoProfile -ExecutionPolicy Bypass -File C:\Users\justin\Documents\Coding\stemqueue\run_stemqueue.ps1
Process ID: 20796
PSVersion: 5.1.19041.6456
PSEdition: Desktop
PSCompatibleVersions: 1.0, 2.0, 3.0, 4.0, 5.0, 5.1.19041.6456
BuildVersion: 10.0.19041.6456
CLRVersion: 4.0.30319.42000
WSManStackVersion: 3.0
PSRemotingProtocolVersion: 2.3
SerializationVersion: 1.1.0.1
**********************
Transcript started, output file is C:\Users\justin\Documents\Coding\stemqueue\run_log_20260510_191207.log
Current working directory: C:\WINDOWS\system32
Current working directory (after Set-Location): C:\Users\justin\Documents\Coding\stemqueue
Activating virtual environment...
Virtual environment activated.
Upgrading pip within the virtual environment...
Requirement already satisfied: pip in .\venv\lib\site-packages (26.1.1)
pip upgraded successfully.
Attempting to install/upgrade audio-separator to the latest available version...
Requirement already satisfied: audio-separator in .\venv\lib\site-packages (0.44.1)
Requirement already satisfied: beartype<0.19.0,>=0.18.5 in .\venv\lib\site-packages (from audio-separator) (0.18.5)
Requirement already satisfied: diffq-fixed>=0.2 in .\venv\lib\site-packages (from audio-separator) (0.2.4)
Requirement already satisfied: einops>=0.7 in .\venv\lib\site-packages (from audio-separator) (0.8.2)
Requirement already satisfied: julius>=0.2 in .\venv\lib\site-packages (from audio-separator) (0.2.7)
Requirement already satisfied: librosa>=0.10 in .\venv\lib\site-packages (from audio-separator) (0.11.0)
Requirement already satisfied: ml_collections in .\venv\lib\site-packages (from audio-separator) (1.1.0)
Requirement already satisfied: numpy>=2 in .\venv\lib\site-packages (from audio-separator) (2.2.6)
Requirement already satisfied: onnx-weekly in .\venv\lib\site-packages (from audio-separator) (1.22.0.dev20260504)
Requirement already satisfied: onnx2torch-py313>=1.6 in .\venv\lib\site-packages (from audio-separator) (1.6.0)
Requirement already satisfied: pydub>=0.25 in .\venv\lib\site-packages (from audio-separator) (0.25.1)
Requirement already satisfied: pyyaml in .\venv\lib\site-packages (from audio-separator) (6.0.3)
Requirement already satisfied: requests>=2 in .\venv\lib\site-packages (from audio-separator) (2.33.1)
Requirement already satisfied: resampy>=0.4 in .\venv\lib\site-packages (from audio-separator) (0.4.3)
Requirement already satisfied: rotary-embedding-torch<0.7.0,>=0.6.1 in .\venv\lib\site-packages (from audio-separator) (
0.6.5)
Requirement already satisfied: samplerate==0.1.0 in .\venv\lib\site-packages (from audio-separator) (0.1.0)
Requirement already satisfied: scipy<2.0.0,>=1.13.0 in .\venv\lib\site-packages (from audio-separator) (1.15.3)
Requirement already satisfied: six>=1.16 in .\venv\lib\site-packages (from audio-separator) (1.17.0)
Requirement already satisfied: soundfile>=0.12 in .\venv\lib\site-packages (from audio-separator) (0.13.1)
Requirement already satisfied: torch>=2.3 in .\venv\lib\site-packages (from audio-separator) (2.11.0)
Requirement already satisfied: tqdm in .\venv\lib\site-packages (from audio-separator) (4.67.3)
Requirement already satisfied: cffi>=1.0.0 in .\venv\lib\site-packages (from samplerate==0.1.0->audio-separator) (2.0.0)

Requirement already satisfied: pycparser in .\venv\lib\site-packages (from cffi>=1.0.0->samplerate==0.1.0->audio-separat
or) (3.0)
Requirement already satisfied: Cython in .\venv\lib\site-packages (from diffq-fixed>=0.2->audio-separator) (3.2.4)
Requirement already satisfied: audioread>=2.1.9 in .\venv\lib\site-packages (from librosa>=0.10->audio-separator) (3.1.0
)
Requirement already satisfied: numba>=0.51.0 in .\venv\lib\site-packages (from librosa>=0.10->audio-separator) (0.65.1)
Requirement already satisfied: scikit-learn>=1.1.0 in .\venv\lib\site-packages (from librosa>=0.10->audio-separator) (1.
7.2)
Requirement already satisfied: joblib>=1.0 in .\venv\lib\site-packages (from librosa>=0.10->audio-separator) (1.5.3)
Requirement already satisfied: decorator>=4.3.0 in .\venv\lib\site-packages (from librosa>=0.10->audio-separator) (5.2.1
)
Requirement already satisfied: pooch>=1.1 in .\venv\lib\site-packages (from librosa>=0.10->audio-separator) (1.9.0)
Requirement already satisfied: soxr>=0.3.2 in .\venv\lib\site-packages (from librosa>=0.10->audio-separator) (1.1.0)
Requirement already satisfied: typing_extensions>=4.1.1 in .\venv\lib\site-packages (from librosa>=0.10->audio-separator
) (4.15.0)
Requirement already satisfied: lazy_loader>=0.1 in .\venv\lib\site-packages (from librosa>=0.10->audio-separator) (0.5)
Requirement already satisfied: msgpack>=1.0 in .\venv\lib\site-packages (from librosa>=0.10->audio-separator) (1.1.2)
Requirement already satisfied: packaging in .\venv\lib\site-packages (from lazy_loader>=0.1->librosa>=0.10->audio-separa
tor) (26.2)
Requirement already satisfied: llvmlite<0.48,>=0.47.0dev0 in .\venv\lib\site-packages (from numba>=0.51.0->librosa>=0.10
->audio-separator) (0.47.0)
Requirement already satisfied: torchvision>=0.9.0 in .\venv\lib\site-packages (from onnx2torch-py313>=1.6->audio-separat
or) (0.26.0)
Requirement already satisfied: platformdirs>=2.5.0 in .\venv\lib\site-packages (from pooch>=1.1->librosa>=0.10->audio-se
parator) (4.9.6)
Requirement already satisfied: charset_normalizer<4,>=2 in .\venv\lib\site-packages (from requests>=2->audio-separator)
(3.4.7)
Requirement already satisfied: idna<4,>=2.5 in .\venv\lib\site-packages (from requests>=2->audio-separator) (3.13)
Requirement already satisfied: urllib3<3,>=1.26 in .\venv\lib\site-packages (from requests>=2->audio-separator) (2.7.0)
Requirement already satisfied: certifi>=2023.5.7 in .\venv\lib\site-packages (from requests>=2->audio-separator) (2026.4
.22)
Requirement already satisfied: threadpoolctl>=3.1.0 in .\venv\lib\site-packages (from scikit-learn>=1.1.0->librosa>=0.10
->audio-separator) (3.6.0)
Requirement already satisfied: filelock in .\venv\lib\site-packages (from torch>=2.3->audio-separator) (3.29.0)
Requirement already satisfied: setuptools<82 in .\venv\lib\site-packages (from torch>=2.3->audio-separator) (65.5.0)
Requirement already satisfied: sympy>=1.13.3 in .\venv\lib\site-packages (from torch>=2.3->audio-separator) (1.14.0)
Requirement already satisfied: networkx>=2.5.1 in .\venv\lib\site-packages (from torch>=2.3->audio-separator) (3.4.2)
Requirement already satisfied: jinja2 in .\venv\lib\site-packages (from torch>=2.3->audio-separator) (3.1.6)
Requirement already satisfied: fsspec>=0.8.5 in .\venv\lib\site-packages (from torch>=2.3->audio-separator) (2026.4.0)
Requirement already satisfied: mpmath<1.4,>=1.1.0 in .\venv\lib\site-packages (from sympy>=1.13.3->torch>=2.3->audio-sep
arator) (1.3.0)
Requirement already satisfied: pillow!=8.3.*,>=5.3.0 in .\venv\lib\site-packages (from torchvision>=0.9.0->onnx2torch-py
313>=1.6->audio-separator) (12.2.0)
Requirement already satisfied: MarkupSafe>=2.0 in .\venv\lib\site-packages (from jinja2->torch>=2.3->audio-separator) (3
.0.3)
Requirement already satisfied: absl-py in .\venv\lib\site-packages (from ml_collections->audio-separator) (2.4.0)
Requirement already satisfied: protobuf>=4.25.1 in .\venv\lib\site-packages (from onnx-weekly->audio-separator) (7.34.1)

Requirement already satisfied: ml_dtypes>=0.5.0 in .\venv\lib\site-packages (from onnx-weekly->audio-separator) (0.5.4)
Requirement already satisfied: colorama in .\venv\lib\site-packages (from tqdm->audio-separator) (0.4.6)
audio-separator installed/upgraded successfully.
Verifying installed audio-separator version...
Installed audio-separator version:
Listing all installed packages (pip freeze):
absl-py==2.4.0
audio-separator==0.44.1
audioread==3.1.0
beartype==0.18.5
certifi==2026.4.22
cffi==2.0.0
charset-normalizer==3.4.7
colorama==0.4.6
coloredlogs==15.0.1
Cython==3.2.4
decorator==5.2.1
diffq-fixed==0.2.4
einops==0.8.2
filelock==3.29.0
flatbuffers==25.12.19
fsspec==2026.4.0
humanfriendly==10.0
idna==3.13
Jinja2==3.1.6
joblib==1.5.3
julius==0.2.7
lazy-loader==0.5
librosa==0.11.0
llvmlite==0.47.0
MarkupSafe==3.0.3
ml_collections==1.1.0
ml_dtypes==0.5.4
mpmath==1.3.0
msgpack==1.1.2
networkx==3.4.2
numba==0.65.1
numpy==2.2.6
onnx-weekly==1.22.0.dev20260504
onnx2torch-py313==1.6.0
onnxruntime==1.23.2
packaging==26.2
pillow==12.2.0
platformdirs==4.9.6
pooch==1.9.0
protobuf==7.34.1
pycparser==3.0
pydub==0.25.1
pyreadline3==3.5.4
PyYAML==6.0.3
requests==2.33.1
resampy==0.4.3
rotary-embedding-torch==0.6.5
samplerate==0.1.0
scikit-learn==1.7.2
scipy==1.15.3
six==1.17.0
soundfile==0.13.1
soxr==1.1.0
sympy==1.14.0
threadpoolctl==3.6.0
torch==2.11.0
torchvision==0.26.0
tqdm==4.67.3
typing_extensions==4.15.0
urllib3==2.7.0
Checking for onnxruntime installation...

onnxruntime is already installed.
WARNING: FFmpeg bin path not found at 'C:\ffmpeg\ffmpeg-master-latest-win64-gpl\bin'. Please verify your FFmpeg installation and update the script if necessary.
Starting audio separation process...
Python executable: C:\Users\justin\Documents\Coding\stemqueue\venv\Scripts\python.exe
Main script: main.py
Queue file: task_queue.json
Successfully loaded queue from task_queue.json
Starting audio separation queue with 2 tasks...

--- Task 1/2 ---
Processing 'E:\shorter_term_storage\Music\IncomingMusic\07 - The Black Keys - The Big Come Up - 07 - Leavin' Trunk.mp3'
with model 'htdemucs_ft'...
2026-05-10 19:12:19,688 - INFO - separator - Separator version 0.44.1 instantiating with output_dir: C:\Users\justin\Dro
pbox\stems\leavintrunkwav, output_format: WAV
2026-05-10 19:12:19,688 - INFO - separator - Using model directory from model_file_dir parameter: /tmp/audio-separator-m
odels/
2026-05-10 19:12:19,692 - INFO - separator - Operating System: Windows 10.0.19045
2026-05-10 19:12:19,692 - INFO - separator - System: Windows Node: DESKTOP-HS8GE90 Release: 10 Machine: AMD64 Proc: Inte
l64 Family 6 Model 60 Stepping 3, GenuineIntel
2026-05-10 19:12:19,693 - INFO - separator - Python Version: 3.10.11
2026-05-10 19:12:19,694 - INFO - separator - PyTorch Version: 2.11.0+cpu
2026-05-10 19:12:19,766 - INFO - separator - FFmpeg installed: ffmpeg version 2026-05-06-git-f2e5eff3ff-essentials_build
-www.gyan.dev Copyright (c) 2000-2026 the FFmpeg developers
2026-05-10 19:12:19,768 - DEBUG - separator - Python package: onnxruntime-gpu not installed
2026-05-10 19:12:19,770 - DEBUG - separator - Python package: onnxruntime-silicon not installed
2026-05-10 19:12:19,773 - DEBUG - separator - Python package: onnxruntime-directml not installed
2026-05-10 19:12:19,774 - INFO - separator - ONNX Runtime CPU package installed with version: 1.23.2
2026-05-10 19:12:19,776 - DEBUG - separator - Python package: torch_directml not installed
2026-05-10 19:12:19,777 - INFO - separator - No hardware acceleration could be configured, running in CPU mode
2026-05-10 19:12:19,778 - DEBUG - separator - File already exists at /tmp/audio-separator-models/download_checks.json, s
kipping download
2026-05-10 19:12:19,781 - DEBUG - separator - UVR model download list loaded
2026-05-10 19:12:19,865 - DEBUG - separator - Model scores loaded
2026-05-10 19:12:19,866 - DEBUG - separator - Audio-Separator model list loaded
Found actual model filename 'htdemucs_ft.yaml' for friendly name 'htdemucs_ft' (Type: Demucs)
2026-05-10 19:12:19,869 - INFO - separator - Loading model htdemucs_ft.yaml...
2026-05-10 19:12:19,870 - DEBUG - separator - File already exists at /tmp/audio-separator-models/download_checks.json, s
kipping download
2026-05-10 19:12:19,871 - DEBUG - separator - UVR model download list loaded
2026-05-10 19:12:19,885 - DEBUG - separator - Model scores loaded
2026-05-10 19:12:19,886 - DEBUG - separator - Audio-Separator model list loaded
2026-05-10 19:12:19,891 - DEBUG - separator - Searching for model_filename htdemucs_ft.yaml in supported_model_files_gro
uped
2026-05-10 19:12:19,891 - DEBUG - separator - Found matching model: Demucs v4: htdemucs_ft
2026-05-10 19:12:19,892 - DEBUG - separator - File already exists at /tmp/audio-separator-models/f7e0c4bc-ba3fe64a.th, s
kipping download
2026-05-10 19:12:19,893 - DEBUG - separator - File already exists at /tmp/audio-separator-models/d12395a8-e57c48e6.th, s
kipping download
2026-05-10 19:12:19,894 - DEBUG - separator - File already exists at /tmp/audio-separator-models/92cfc3b6-ef3bcb9c.th, s
kipping download
2026-05-10 19:12:19,895 - DEBUG - separator - File already exists at /tmp/audio-separator-models/04573f0d-f3cf25b2.th, s
kipping download
2026-05-10 19:12:19,897 - DEBUG - separator - File already exists at /tmp/audio-separator-models/htdemucs_ft.yaml, skipp
ing download
2026-05-10 19:12:19,898 - DEBUG - separator - Model downloaded, friendly name: Demucs v4: htdemucs_ft, model_path: /tmp/
audio-separator-models/htdemucs_ft.yaml
2026-05-10 19:12:19,900 - DEBUG - separator - Loading model data from YAML at path /tmp/audio-separator-models/htdemucs_
ft.yaml
2026-05-10 19:12:19,902 - DEBUG - separator - Model data loaded from YAML file: {'models': ['f7e0c4bc', 'd12395a8', '92c
fc3b6', '04573f0d'], 'weights': [[1.0, 0.0, 0.0, 0.0], [0.0, 1.0, 0.0, 0.0], [0.0, 0.0, 1.0, 0.0], [0.0, 0.0, 0.0, 1.0]]
}
2026-05-10 19:12:19,902 - DEBUG - separator - Importing module for model type Demucs: demucs_separator.DemucsSeparator
2026-05-10 19:12:19,946 - DEBUG - separator - Instantiating separator class for model type Demucs: <class 'audio_separat
or.separator.architectures.demucs_separator.DemucsSeparator'>
2026-05-10 19:12:19,946 - DEBUG - common_separator - Common params: model_name=htdemucs_ft, model_path=/tmp/audio-separa
tor-models/htdemucs_ft.yaml
2026-05-10 19:12:19,948 - DEBUG - common_separator - Common params: output_dir=C:\Users\justin\Dropbox\stems\leavintrunk
wav, output_format=WAV
2026-05-10 19:12:19,950 - DEBUG - common_separator - Common params: normalization_threshold=0.9, amplification_threshold
=0.0
2026-05-10 19:12:19,951 - DEBUG - common_separator - Common params: enable_denoise=None, output_single_stem=None
2026-05-10 19:12:19,952 - DEBUG - common_separator - Common params: invert_using_spec=False, sample_rate=44100
2026-05-10 19:12:19,952 - DEBUG - common_separator - Common params: primary_stem_name=Vocals, secondary_stem_name=Instru
mental
2026-05-10 19:12:19,954 - DEBUG - common_separator - Common params: is_karaoke=False, is_bv_model=False, bv_model_rebala
nce=0
2026-05-10 19:12:19,955 - DEBUG - demucs_separator - Demucs arch params: segment_size=Default, segments_enabled=True
2026-05-10 19:12:19,956 - DEBUG - demucs_separator - Demucs arch params: shifts=2, overlap=0.25
2026-05-10 19:12:19,959 - INFO - demucs_separator - Demucs Separator initialisation complete
2026-05-10 19:12:19,961 - DEBUG - separator - Loading model completed.
2026-05-10 19:12:19,961 - INFO - separator - Load model duration: 00:00:00
2026-05-10 19:12:19,962 - INFO - separator - Processing file: E:\shorter_term_storage\Music\IncomingMusic\07 - The Black
 Keys - The Big Come Up - 07 - Leavin' Trunk.mp3
2026-05-10 19:12:19,963 - INFO - separator - Starting separation process for audio_file_path: E:\shorter_term_storage\Mu
sic\IncomingMusic\07 - The Black Keys - The Big Come Up - 07 - Leavin' Trunk.mp3
2026-05-10 19:12:19,964 - DEBUG - separator - Normalization threshold set to 0.9, waveform will be lowered to this max a
mplitude to avoid clipping.
2026-05-10 19:12:19,964 - DEBUG - separator - Amplification threshold set to 0.0, waveform will be scaled up to this max
 amplitude if below it.
2026-05-10 19:12:19,965 - DEBUG - separator - Autocast unavailable.
2026-05-10 19:12:19,966 - DEBUG - demucs_separator - Starting separation process...
2026-05-10 19:12:19,967 - DEBUG - demucs_separator - Preparing mix...
2026-05-10 19:12:19,970 - DEBUG - common_separator - Loading audio from file: E:\shorter_term_storage\Music\IncomingMusi
c\07 - The Black Keys - The Big Come Up - 07 - Leavin' Trunk.mp3
2026-05-10 19:12:19,973 - INFO - common_separator - Input audio subtype: MPEG_LAYER_III
2026-05-10 19:12:19,973 - WARNING - common_separator - Unknown audio subtype MPEG_LAYER_III, defaulting to 16-bit output
2026-05-10 19:12:19,974 - INFO - common_separator - Detected input bit depth: 16-bit
2026-05-10 19:12:22,581 - DEBUG - common_separator - Audio loaded. Sample rate: 44100, Audio shape: (2, 7948288)
2026-05-10 19:12:22,594 - DEBUG - common_separator - Audio file is valid and contains data.
2026-05-10 19:12:22,595 - DEBUG - common_separator - Mix preparation completed.
2026-05-10 19:12:22,595 - DEBUG - demucs_separator - Mix prepared for demixing. Shape: (2, 7948288)
2026-05-10 19:12:22,596 - DEBUG - demucs_separator - Loading model for demixing...
2026-05-10 19:12:27,258 - DEBUG - demucs_separator - Model loaded and set to evaluation mode.
2026-05-10 19:12:27,258 - DEBUG - demucs_separator - Starting demixing process in demix_demucs...
2026-05-10 19:12:27,606 - DEBUG - demucs_separator - Running model inference...
100%|██████████████████████████████████████████████████████████████████████████████████| 31/31 [02:49<00:00,  5.46s/it]
100%|██████████████████████████████████████████████████████████████████████████████████| 31/31 [03:15<00:00,  6.30s/it]
100%|██████████████████████████████████████████████████████████████████████████████████| 31/31 [02:40<00:00,  5.19s/it]
100%|██████████████████████████████████████████████████████████████████████████████████| 31/31 [02:13<00:00,  4.31s/it]
100%|██████████████████████████████████████████████████████████████████████████████████| 31/31 [02:27<00:00,  4.75s/it]
100%|██████████████████████████████████████████████████████████████████████████████████| 31/31 [02:06<00:00,  4.08s/it]
100%|██████████████████████████████████████████████████████████████████████████████████| 31/31 [02:04<00:00,  4.01s/it]
100%|██████████████████████████████████████████████████████████████████████████████████| 31/31 [02:06<00:00,  4.09s/it]
2026-05-10 19:32:18,352 - DEBUG - common_separator - Running garbage collection...
2026-05-10 19:32:19,119 - DEBUG - demucs_separator - Model and GPU cache cleared after demixing.
2026-05-10 19:32:19,120 - DEBUG - demucs_separator - Processing output files...
2026-05-10 19:32:19,122 - DEBUG - demucs_separator - Processing source array, source length is 4
2026-05-10 19:32:19,124 - DEBUG - demucs_separator - Setting source map to 4-stem...
2026-05-10 19:32:19,124 - DEBUG - demucs_separator - Processing for all stems...
2026-05-10 19:32:19,127 - DEBUG - common_separator - Finalizing Bass stem processing and writing audio...
C:\Users\justin\Documents\Coding\stemqueue\venv\lib\site-packages\audio_separator\separator\common_separator.py:292: Fut
ureWarning: get_duration() keyword argument 'filename' has been renamed to 'path' in version 0.10.0.
        This alias will be removed in version 1.0.
  duration_seconds = librosa.get_duration(filename=self.audio_file_path)
2026-05-10 19:32:21,588 - INFO - common_separator - Audio duration is 0.05 hours (180.23 seconds).
2026-05-10 19:32:21,589 - WARNING - common_separator - Using soundfile for writing.
2026-05-10 19:32:21,592 - DEBUG - common_separator - Entering write_audio_soundfile with stem_path: 07 - The Black Keys
- The Big Come Up - 07 - Leavin' Trunk_(Bass)_htdemucs_ft.wav
2026-05-10 19:32:21,697 - INFO - common_separator - Using input subtype for output: MPEG_LAYER_III
2026-05-10 19:32:21,762 - DEBUG - common_separator - Audio data shape for soundfile: (7948288, 2)
2026-05-10 19:32:21,764 - ERROR - common_separator - Error exporting audio file: Error opening "C:\\Users\\justin\\Dropb
ox\\stems\\leavintrunkwav\\07 - The Black Keys - The Big Come Up - 07 - Leavin' Trunk_(Bass)_htdemucs_ft.wav": Supported
 file format but unsupported encoding.
2026-05-10 19:32:21,770 - DEBUG - common_separator - Finalizing Drums stem processing and writing audio...
2026-05-10 19:32:21,790 - INFO - common_separator - Audio duration is 0.05 hours (180.23 seconds).
2026-05-10 19:32:21,791 - WARNING - common_separator - Using soundfile for writing.
2026-05-10 19:32:21,792 - DEBUG - common_separator - Entering write_audio_soundfile with stem_path: 07 - The Black Keys
- The Big Come Up - 07 - Leavin' Trunk_(Drums)_htdemucs_ft.wav
2026-05-10 19:32:21,894 - INFO - common_separator - Using input subtype for output: MPEG_LAYER_III
2026-05-10 19:32:21,971 - DEBUG - common_separator - Audio data shape for soundfile: (7948288, 2)
2026-05-10 19:32:21,974 - ERROR - common_separator - Error exporting audio file: Error opening "C:\\Users\\justin\\Dropb
ox\\stems\\leavintrunkwav\\07 - The Black Keys - The Big Come Up - 07 - Leavin' Trunk_(Drums)_htdemucs_ft.wav": Supporte
d file format but unsupported encoding.
2026-05-10 19:32:21,980 - DEBUG - common_separator - Finalizing Other stem processing and writing audio...
2026-05-10 19:32:21,987 - INFO - common_separator - Audio duration is 0.05 hours (180.23 seconds).
2026-05-10 19:32:21,987 - WARNING - common_separator - Using soundfile for writing.
2026-05-10 19:32:21,988 - DEBUG - common_separator - Entering write_audio_soundfile with stem_path: 07 - The Black Keys
- The Big Come Up - 07 - Leavin' Trunk_(Other)_htdemucs_ft.wav
2026-05-10 19:32:22,109 - INFO - common_separator - Using input subtype for output: MPEG_LAYER_III
2026-05-10 19:32:22,176 - DEBUG - common_separator - Audio data shape for soundfile: (7948288, 2)
2026-05-10 19:32:22,177 - ERROR - common_separator - Error exporting audio file: Error opening "C:\\Users\\justin\\Dropb
ox\\stems\\leavintrunkwav\\07 - The Black Keys - The Big Come Up - 07 - Leavin' Trunk_(Other)_htdemucs_ft.wav": Supporte
d file format but unsupported encoding.
2026-05-10 19:32:22,184 - DEBUG - common_separator - Finalizing Vocals stem processing and writing audio...
2026-05-10 19:32:22,192 - INFO - common_separator - Audio duration is 0.05 hours (180.23 seconds).
2026-05-10 19:32:22,193 - WARNING - common_separator - Using soundfile for writing.
2026-05-10 19:32:22,194 - DEBUG - common_separator - Entering write_audio_soundfile with stem_path: 07 - The Black Keys
- The Big Come Up - 07 - Leavin' Trunk_(Vocals)_htdemucs_ft.wav
2026-05-10 19:32:22,290 - INFO - common_separator - Using input subtype for output: MPEG_LAYER_III
2026-05-10 19:32:22,359 - DEBUG - common_separator - Audio data shape for soundfile: (7948288, 2)
2026-05-10 19:32:22,360 - ERROR - common_separator - Error exporting audio file: Error opening "C:\\Users\\justin\\Dropb
ox\\stems\\leavintrunkwav\\07 - The Black Keys - The Big Come Up - 07 - Leavin' Trunk_(Vocals)_htdemucs_ft.wav": Support
ed file format but unsupported encoding.
2026-05-10 19:32:22,366 - DEBUG - common_separator - Running garbage collection...
2026-05-10 19:32:22,488 - INFO - common_separator - Clearing input audio file paths, sources and stems...
2026-05-10 19:32:22,493 - DEBUG - separator - Separation process completed.
2026-05-10 19:32:22,494 - INFO - separator - Separation duration: 00:20:02
Successfully processed 'E:\shorter_term_storage\Music\IncomingMusic\07 - The Black Keys - The Big Come Up - 07 - Leavin'
 Trunk.mp3'. All default stems saved to 'C:\Users\justin\Dropbox\stems\leavintrunkwav'
Processing custom stem output request: ['drums', 'vocals+bass+other']
Warning: Requested single stem 'drums' not found. It will not be included in the final output.
Warning: Individual stem 'vocals' not found for combination 'vocals+bass+other'. It will be omitted from the mix.
Warning: Individual stem 'bass' not found for combination 'vocals+bass+other'. It will be omitted from the mix.
Warning: Individual stem 'other' not found for combination 'vocals+bass+other'. It will be omitted from the mix.
Warning: No valid individual stems found to mix for 'vocals+bass+other'. No mixed track will be created.
Final output files for '07 - The Black Keys - The Big Come Up - 07 - Leavin' Trunk': []

--- Task 2/2 ---
Processing 'E:\shorter_term_storage\Music\IncomingMusic\07 - The Black Keys - The Big Come Up - 07 - Leavin' Trunk.mp3'
with model 'htdemucs_ft'...
2026-05-10 19:32:22,518 - INFO - separator - Separator version 0.44.1 instantiating with output_dir: C:\Users\justin\Dro
pbox\stems\leavintrunk, output_format: MP3
2026-05-10 19:32:22,518 - INFO - separator - Using model directory from model_file_dir parameter: /tmp/audio-separator-m
odels/
2026-05-10 19:32:22,520 - INFO - separator - Operating System: Windows 10.0.19045
2026-05-10 19:32:22,521 - INFO - separator - System: Windows Node: DESKTOP-HS8GE90 Release: 10 Machine: AMD64 Proc: Inte
l64 Family 6 Model 60 Stepping 3, GenuineIntel
2026-05-10 19:32:22,525 - INFO - separator - Python Version: 3.10.11
2026-05-10 19:32:22,526 - INFO - separator - PyTorch Version: 2.11.0+cpu
2026-05-10 19:32:22,694 - INFO - separator - FFmpeg installed: ffmpeg version 2026-05-06-git-f2e5eff3ff-essentials_build
-www.gyan.dev Copyright (c) 2000-2026 the FFmpeg developers
2026-05-10 19:32:22,697 - DEBUG - separator - Python package: onnxruntime-gpu not installed
2026-05-10 19:32:22,699 - DEBUG - separator - Python package: onnxruntime-silicon not installed
2026-05-10 19:32:22,703 - DEBUG - separator - Python package: onnxruntime-directml not installed
2026-05-10 19:32:22,704 - INFO - separator - ONNX Runtime CPU package installed with version: 1.23.2
2026-05-10 19:32:22,711 - DEBUG - separator - Python package: torch_directml not installed
2026-05-10 19:32:22,711 - INFO - separator - No hardware acceleration could be configured, running in CPU mode
2026-05-10 19:32:22,712 - DEBUG - separator - File already exists at /tmp/audio-separator-models/download_checks.json, s
kipping download
2026-05-10 19:32:22,714 - DEBUG - separator - UVR model download list loaded
2026-05-10 19:32:22,733 - DEBUG - separator - Model scores loaded
2026-05-10 19:32:22,734 - DEBUG - separator - Audio-Separator model list loaded
Found actual model filename 'htdemucs_ft.yaml' for friendly name 'htdemucs_ft' (Type: Demucs)
2026-05-10 19:32:22,737 - INFO - separator - Loading model htdemucs_ft.yaml...
2026-05-10 19:32:22,738 - DEBUG - separator - File already exists at /tmp/audio-separator-models/download_checks.json, s
kipping download
2026-05-10 19:32:22,739 - DEBUG - separator - UVR model download list loaded
2026-05-10 19:32:22,754 - DEBUG - separator - Model scores loaded
2026-05-10 19:32:22,755 - DEBUG - separator - Audio-Separator model list loaded
2026-05-10 19:32:22,761 - DEBUG - separator - Searching for model_filename htdemucs_ft.yaml in supported_model_files_gro
uped
2026-05-10 19:32:22,762 - DEBUG - separator - Found matching model: Demucs v4: htdemucs_ft
2026-05-10 19:32:22,764 - DEBUG - separator - File already exists at /tmp/audio-separator-models/f7e0c4bc-ba3fe64a.th, s
kipping download
2026-05-10 19:32:22,765 - DEBUG - separator - File already exists at /tmp/audio-separator-models/d12395a8-e57c48e6.th, s
kipping download
2026-05-10 19:32:22,766 - DEBUG - separator - File already exists at /tmp/audio-separator-models/92cfc3b6-ef3bcb9c.th, s
kipping download
2026-05-10 19:32:22,770 - DEBUG - separator - File already exists at /tmp/audio-separator-models/04573f0d-f3cf25b2.th, s
kipping download
2026-05-10 19:32:22,772 - DEBUG - separator - File already exists at /tmp/audio-separator-models/htdemucs_ft.yaml, skipp
ing download
2026-05-10 19:32:22,774 - DEBUG - separator - Model downloaded, friendly name: Demucs v4: htdemucs_ft, model_path: /tmp/
audio-separator-models/htdemucs_ft.yaml
2026-05-10 19:32:22,776 - DEBUG - separator - Loading model data from YAML at path /tmp/audio-separator-models/htdemucs_
ft.yaml
2026-05-10 19:32:22,782 - DEBUG - separator - Model data loaded from YAML file: {'models': ['f7e0c4bc', 'd12395a8', '92c
fc3b6', '04573f0d'], 'weights': [[1.0, 0.0, 0.0, 0.0], [0.0, 1.0, 0.0, 0.0], [0.0, 0.0, 1.0, 0.0], [0.0, 0.0, 0.0, 1.0]]
}
2026-05-10 19:32:22,782 - DEBUG - separator - Importing module for model type Demucs: demucs_separator.DemucsSeparator
2026-05-10 19:32:22,784 - DEBUG - separator - Instantiating separator class for model type Demucs: <class 'audio_separat
or.separator.architectures.demucs_separator.DemucsSeparator'>
2026-05-10 19:32:22,785 - DEBUG - common_separator - Common params: model_name=htdemucs_ft, model_path=/tmp/audio-separa
tor-models/htdemucs_ft.yaml
2026-05-10 19:32:22,786 - DEBUG - common_separator - Common params: output_dir=C:\Users\justin\Dropbox\stems\leavintrunk
, output_format=MP3
2026-05-10 19:32:22,788 - DEBUG - common_separator - Common params: normalization_threshold=0.9, amplification_threshold
=0.0
2026-05-10 19:32:22,793 - DEBUG - common_separator - Common params: enable_denoise=None, output_single_stem=None
2026-05-10 19:32:22,794 - DEBUG - common_separator - Common params: invert_using_spec=False, sample_rate=44100
2026-05-10 19:32:22,795 - DEBUG - common_separator - Common params: primary_stem_name=Vocals, secondary_stem_name=Instru
mental
2026-05-10 19:32:22,797 - DEBUG - common_separator - Common params: is_karaoke=False, is_bv_model=False, bv_model_rebala
nce=0
2026-05-10 19:32:22,798 - DEBUG - demucs_separator - Demucs arch params: segment_size=Default, segments_enabled=True
2026-05-10 19:32:22,799 - DEBUG - demucs_separator - Demucs arch params: shifts=2, overlap=0.25
2026-05-10 19:32:22,800 - INFO - demucs_separator - Demucs Separator initialisation complete
2026-05-10 19:32:22,804 - DEBUG - separator - Loading model completed.
2026-05-10 19:32:22,805 - INFO - separator - Load model duration: 00:00:00
2026-05-10 19:32:22,807 - INFO - separator - Processing file: E:\shorter_term_storage\Music\IncomingMusic\07 - The Black
 Keys - The Big Come Up - 07 - Leavin' Trunk.mp3
2026-05-10 19:32:22,809 - INFO - separator - Starting separation process for audio_file_path: E:\shorter_term_storage\Mu
sic\IncomingMusic\07 - The Black Keys - The Big Come Up - 07 - Leavin' Trunk.mp3
2026-05-10 19:32:22,810 - DEBUG - separator - Normalization threshold set to 0.9, waveform will be lowered to this max a
mplitude to avoid clipping.
2026-05-10 19:32:22,811 - DEBUG - separator - Amplification threshold set to 0.0, waveform will be scaled up to this max
 amplitude if below it.
2026-05-10 19:32:22,814 - DEBUG - separator - Autocast unavailable.
2026-05-10 19:32:22,816 - DEBUG - demucs_separator - Starting separation process...
2026-05-10 19:32:22,817 - DEBUG - demucs_separator - Preparing mix...
2026-05-10 19:32:22,817 - DEBUG - common_separator - Loading audio from file: E:\shorter_term_storage\Music\IncomingMusi
c\07 - The Black Keys - The Big Come Up - 07 - Leavin' Trunk.mp3
2026-05-10 19:32:22,819 - INFO - common_separator - Input audio subtype: MPEG_LAYER_III
2026-05-10 19:32:22,820 - WARNING - common_separator - Unknown audio subtype MPEG_LAYER_III, defaulting to 16-bit output
2026-05-10 19:32:22,820 - INFO - common_separator - Detected input bit depth: 16-bit
2026-05-10 19:32:23,533 - DEBUG - common_separator - Audio loaded. Sample rate: 44100, Audio shape: (2, 7948288)
2026-05-10 19:32:23,549 - DEBUG - common_separator - Audio file is valid and contains data.
2026-05-10 19:32:23,549 - DEBUG - common_separator - Mix preparation completed.
2026-05-10 19:32:23,550 - DEBUG - demucs_separator - Mix prepared for demixing. Shape: (2, 7948288)
2026-05-10 19:32:23,551 - DEBUG - demucs_separator - Loading model for demixing...
2026-05-10 19:32:29,851 - DEBUG - demucs_separator - Model loaded and set to evaluation mode.
2026-05-10 19:32:29,851 - DEBUG - demucs_separator - Starting demixing process in demix_demucs...
2026-05-10 19:32:31,150 - DEBUG - demucs_separator - Running model inference...
100%|██████████████████████████████████████████████████████████████████████████████████| 31/31 [02:28<00:00,  4.78s/it]
100%|██████████████████████████████████████████████████████████████████████████████████| 31/31 [02:21<00:00,  4.58s/it]
100%|██████████████████████████████████████████████████████████████████████████████████| 31/31 [02:23<00:00,  4.62s/it]
100%|██████████████████████████████████████████████████████████████████████████████████| 31/31 [02:21<00:00,  4.58s/it]
100%|██████████████████████████████████████████████████████████████████████████████████| 31/31 [02:28<00:00,  4.80s/it]
100%|██████████████████████████████████████████████████████████████████████████████████| 31/31 [02:42<00:00,  5.24s/it]
100%|██████████████████████████████████████████████████████████████████████████████████| 31/31 [02:49<00:00,  5.47s/it]
100%|██████████████████████████████████████████████████████████████████████████████████| 31/31 [02:50<00:00,  5.49s/it]
2026-05-10 19:53:03,107 - DEBUG - common_separator - Running garbage collection...
2026-05-10 19:53:03,873 - DEBUG - demucs_separator - Model and GPU cache cleared after demixing.
2026-05-10 19:53:03,873 - DEBUG - demucs_separator - Processing output files...
2026-05-10 19:53:03,874 - DEBUG - demucs_separator - Processing source array, source length is 4
2026-05-10 19:53:03,874 - DEBUG - demucs_separator - Setting source map to 4-stem...
2026-05-10 19:53:03,874 - DEBUG - demucs_separator - Processing for all stems...
2026-05-10 19:53:03,874 - DEBUG - common_separator - Finalizing Bass stem processing and writing audio...
C:\Users\justin\Documents\Coding\stemqueue\venv\lib\site-packages\audio_separator\separator\common_separator.py:292: Fut
ureWarning: get_duration() keyword argument 'filename' has been renamed to 'path' in version 0.10.0.
        This alias will be removed in version 1.0.
  duration_seconds = librosa.get_duration(filename=self.audio_file_path)
2026-05-10 19:53:04,026 - INFO - common_separator - Audio duration is 0.05 hours (180.23 seconds).
2026-05-10 19:53:04,027 - WARNING - common_separator - Using soundfile for writing.
2026-05-10 19:53:04,027 - DEBUG - common_separator - Entering write_audio_soundfile with stem_path: 07 - The Black Keys
- The Big Come Up - 07 - Leavin' Trunk_(Bass)_htdemucs_ft.mp3
2026-05-10 19:53:04,122 - INFO - common_separator - Using input subtype for output: MPEG_LAYER_III
2026-05-10 19:53:04,187 - DEBUG - common_separator - Audio data shape for soundfile: (7948288, 2)
2026-05-10 19:53:06,436 - DEBUG - common_separator - Exported audio file successfully to C:\Users\justin\Dropbox\stems\l
eavintrunk\07 - The Black Keys - The Big Come Up - 07 - Leavin' Trunk_(Bass)_htdemucs_ft.mp3 with subtype MPEG_LAYER_III
2026-05-10 19:53:06,442 - DEBUG - common_separator - Finalizing Drums stem processing and writing audio...
2026-05-10 19:53:06,450 - INFO - common_separator - Audio duration is 0.05 hours (180.23 seconds).
2026-05-10 19:53:06,450 - WARNING - common_separator - Using soundfile for writing.
2026-05-10 19:53:06,450 - DEBUG - common_separator - Entering write_audio_soundfile with stem_path: 07 - The Black Keys
- The Big Come Up - 07 - Leavin' Trunk_(Drums)_htdemucs_ft.mp3
2026-05-10 19:53:06,558 - INFO - common_separator - Using input subtype for output: MPEG_LAYER_III
2026-05-10 19:53:06,622 - DEBUG - common_separator - Audio data shape for soundfile: (7948288, 2)
2026-05-10 19:53:09,725 - DEBUG - common_separator - Exported audio file successfully to C:\Users\justin\Dropbox\stems\l
eavintrunk\07 - The Black Keys - The Big Come Up - 07 - Leavin' Trunk_(Drums)_htdemucs_ft.mp3 with subtype MPEG_LAYER_II
I
2026-05-10 19:53:09,731 - DEBUG - common_separator - Finalizing Other stem processing and writing audio...
2026-05-10 19:53:09,738 - INFO - common_separator - Audio duration is 0.05 hours (180.23 seconds).
2026-05-10 19:53:09,738 - WARNING - common_separator - Using soundfile for writing.
2026-05-10 19:53:09,738 - DEBUG - common_separator - Entering write_audio_soundfile with stem_path: 07 - The Black Keys
- The Big Come Up - 07 - Leavin' Trunk_(Other)_htdemucs_ft.mp3
2026-05-10 19:53:09,847 - INFO - common_separator - Using input subtype for output: MPEG_LAYER_III
2026-05-10 19:53:09,912 - DEBUG - common_separator - Audio data shape for soundfile: (7948288, 2)
2026-05-10 19:53:13,014 - DEBUG - common_separator - Exported audio file successfully to C:\Users\justin\Dropbox\stems\l
eavintrunk\07 - The Black Keys - The Big Come Up - 07 - Leavin' Trunk_(Other)_htdemucs_ft.mp3 with subtype MPEG_LAYER_II
I
2026-05-10 19:53:13,021 - DEBUG - common_separator - Finalizing Vocals stem processing and writing audio...
2026-05-10 19:53:13,028 - INFO - common_separator - Audio duration is 0.05 hours (180.23 seconds).
2026-05-10 19:53:13,028 - WARNING - common_separator - Using soundfile for writing.
2026-05-10 19:53:13,029 - DEBUG - common_separator - Entering write_audio_soundfile with stem_path: 07 - The Black Keys
- The Big Come Up - 07 - Leavin' Trunk_(Vocals)_htdemucs_ft.mp3
2026-05-10 19:53:13,128 - INFO - common_separator - Using input subtype for output: MPEG_LAYER_III
2026-05-10 19:53:13,196 - DEBUG - common_separator - Audio data shape for soundfile: (7948288, 2)
2026-05-10 19:53:15,274 - DEBUG - common_separator - Exported audio file successfully to C:\Users\justin\Dropbox\stems\l
eavintrunk\07 - The Black Keys - The Big Come Up - 07 - Leavin' Trunk_(Vocals)_htdemucs_ft.mp3 with subtype MPEG_LAYER_I
II
2026-05-10 19:53:15,281 - DEBUG - common_separator - Running garbage collection...
2026-05-10 19:53:15,404 - INFO - common_separator - Clearing input audio file paths, sources and stems...
2026-05-10 19:53:15,405 - DEBUG - separator - Separation process completed.
2026-05-10 19:53:15,407 - INFO - separator - Separation duration: 00:20:52
Successfully processed 'E:\shorter_term_storage\Music\IncomingMusic\07 - The Black Keys - The Big Come Up - 07 - Leavin'
 Trunk.mp3'. All default stems saved to 'C:\Users\justin\Dropbox\stems\leavintrunk'
Processing custom stem output request: ['drums', 'vocals+bass+other']
Warning: Requested single stem 'drums' not found. It will not be included in the final output.
Warning: Individual stem 'vocals' not found for combination 'vocals+bass+other'. It will be omitted from the mix.
Warning: Individual stem 'bass' not found for combination 'vocals+bass+other'. It will be omitted from the mix.
Warning: Individual stem 'other' not found for combination 'vocals+bass+other'. It will be omitted from the mix.
Warning: No valid individual stems found to mix for 'vocals+bass+other'. No mixed track will be created.
Final output files for '07 - The Black Keys - The Big Come Up - 07 - Leavin' Trunk': []

All tasks in the queue have been processed.
Python script finished successfully.
Script finished.
**********************
Windows PowerShell transcript end
End time: 20260510195817
**********************
